#
# There is insufficient memory for the Java Runtime Environment to continue.
# Native memory allocation (malloc) failed to allocate 482784 bytes. Error detail: Chunk::new
# Possible reasons:
#   The system is out of physical RAM or swap space
#   This process is running with CompressedOops enabled, and the Java Heap may be blocking the growth of the native heap
# Possible solutions:
#   Reduce memory load on the system
#   Increase physical memory or swap space
#   Check if swap backing store is full
#   Decrease Java heap size (-Xmx/-Xms)
#   Decrease number of Java threads
#   Decrease Java thread stack sizes (-Xss)
#   Set larger code cache with -XX:ReservedCodeCacheSize=
#   JVM is running with Unscaled Compressed Oops mode in which the Java heap is
#     placed in the first 4GB address space. The Java Heap base address is the
#     maximum limit for the native heap growth. Please use -XX:HeapBaseMinAddress
#     to set the Java Heap base and to place the Java Heap above 4GB virtual address.
# This output file may be truncated or incomplete.
#
#  Out of Memory Error (arena.cpp:150), pid=6412, tid=8872
#
# JRE version: Java(TM) SE Runtime Environment (22.0.1+8) (build 22.0.1+8-16)
# Java VM: Java HotSpot(TM) 64-Bit Server VM (22.0.1+8-16, mixed mode, sharing, tiered, compressed oops, compressed class ptrs, parallel gc, windows-amd64)
# No core dump will be written. Minidumps are not enabled by default on client versions of Windows
#

---------------  S U M M A R Y ------------

Command Line: --add-modules=ALL-SYSTEM --add-opens=java.base/java.util=ALL-UNNAMED --add-opens=java.base/java.lang=ALL-UNNAMED --add-opens=java.base/sun.nio.fs=ALL-UNNAMED -Declipse.application=org.eclipse.jdt.ls.core.id1 -Dosgi.bundles.defaultStartLevel=4 -Declipse.product=org.eclipse.jdt.ls.core.product -Djava.import.generatesMetadataFilesAtProjectRoot=false -DDetectVMInstallationsJob.disabled=true -Dfile.encoding=utf8 -XX:+UseParallelGC -XX:GCTimeRatio=4 -XX:AdaptiveSizePolicyWeight=90 -Dsun.zip.disableMemoryMapping=true -Xmx1G -Xms100m -Xlog:disable -javaagent:c:\Users\HP\.vscode\extensions\redhat.java-1.42.0-win32-x64\lombok\lombok-1.18.36.jar -XX:+HeapDumpOnOutOfMemoryError -XX:HeapDumpPath=c:\Users\HP\AppData\Roaming\Code\User\workspaceStorage\a191084d66a606cee6cd112924da2eaf\redhat.java -Daether.dependencyCollector.impl=bf c:\Users\HP\.vscode\extensions\redhat.java-1.42.0-win32-x64\server\plugins\org.eclipse.equinox.launcher_1.7.0.v20250424-1814.jar -configuration c:\Users\HP\AppData\Roaming\Code\User\globalStorage\redhat.java\1.42.0\config_win -data c:\Users\HP\AppData\Roaming\Code\User\workspaceStorage\a191084d66a606cee6cd112924da2eaf\redhat.java\jdt_ws --pipe=\\.\pipe\lsp-c7721b055642315c3620930418dfc4fc-sock

Host: 12th Gen Intel(R) Core(TM) i5-1240P, 16 cores, 15G,  Windows 11 , 64 bit Build 22621 (10.0.22621.5262)
Time: Mon Jun 23 15:02:08 2025 India Standard Time elapsed time: 7.546621 seconds (0d 0h 0m 7s)

---------------  T H R E A D  ---------------

Current thread (0x00000270c8193d30):  JavaThread "C2 CompilerThread2" daemon [_thread_in_native, id=8872, stack(0x000000a597600000,0x000000a597700000) (1024K)]


Current CompileTask:
C2:7546 6914       4       org.eclipse.osgi.internal.hooks.EclipseLazyStarter::preFindLocalClass (120 bytes)

Stack: [0x000000a597600000,0x000000a597700000]
Native frames: (J=compiled Java code, j=interpreted, Vv=VM code, C=native code)
V  [jvm.dll+0x6e2279]  (no source info available)
V  [jvm.dll+0x874e33]  (no source info available)
V  [jvm.dll+0x87725e]  (no source info available)
V  [jvm.dll+0x877933]  (no source info available)
V  [jvm.dll+0x27fd76]  (no source info available)
V  [jvm.dll+0xc3d0f]  (no source info available)
V  [jvm.dll+0xc3f6b]  (no source info available)
V  [jvm.dll+0x3bb10c]  (no source info available)
V  [jvm.dll+0x387b6b]  (no source info available)
V  [jvm.dll+0x386fda]  (no source info available)
V  [jvm.dll+0x247918]  (no source info available)
V  [jvm.dll+0x246fbf]  (no source info available)
V  [jvm.dll+0x1c4e90]  (no source info available)
V  [jvm.dll+0x2569fe]  (no source info available)
V  [jvm.dll+0x254cba]  (no source info available)
V  [jvm.dll+0x3f5336]  (no source info available)
V  [jvm.dll+0x81d44b]  (no source info available)
V  [jvm.dll+0x6e0915]  (no source info available)
C  [ucrtbase.dll+0x29333]  (no source info available)
C  [KERNEL32.DLL+0x1259d]  (no source info available)
C  [ntdll.dll+0x5af58]  (no source info available)


---------------  P R O C E S S  ---------------

Threads class SMR info:
_java_thread_list=0x00000270ca55aa10, length=71, elements={
0x00000270d7920a10, 0x00000270d9b5e870, 0x00000270c11ec9a0, 0x00000270c11f3bd0,
0x00000270c11f6860, 0x00000270c11f9890, 0x00000270c11faff0, 0x00000270c26dcf70,
0x00000270c26df990, 0x00000270c27a4050, 0x00000270c2891eb0, 0x00000270c289e660,
0x00000270c29ce6a0, 0x00000270c29db1b0, 0x00000270c8213950, 0x00000270c8a18c00,
0x00000270c8a19270, 0x00000270c8a3cc30, 0x00000270c8a198e0, 0x00000270c8a1a760,
0x00000270c8c43d50, 0x00000270c91eb420, 0x00000270c91ec140, 0x00000270c91ec7d0,
0x00000270c91ebab0, 0x00000270c9225df0, 0x00000270c9228550, 0x00000270c9228be0,
0x00000270c92271a0, 0x00000270c9229270, 0x00000270c9223690, 0x00000270c9225760,
0x00000270c9223000, 0x00000270c9226b10, 0x00000270c922a620, 0x00000270c9223d20,
0x00000270c9226480, 0x00000270c9227ec0, 0x00000270c92243b0, 0x00000270c9224a40,
0x00000270c9229f90, 0x00000270c9227830, 0x00000270c92250d0, 0x00000270c8193d30,
0x00000270cb6ad8b0, 0x00000270c9229900, 0x00000270c8b23870, 0x00000270c8b24590,
0x00000270c8b21110, 0x00000270c8b21e30, 0x00000270c8b217a0, 0x00000270c8b22b50,
0x00000270c8b224c0, 0x00000270c8b231e0, 0x00000270c8b23f00, 0x00000270cb81f150,
0x00000270cb81eac0, 0x00000270cb8218b0, 0x00000270cb81f7e0, 0x00000270cb823980,
0x00000270cb820b90, 0x00000270cb81dda0, 0x00000270cb824010, 0x00000270cb822c60,
0x00000270cb821220, 0x00000270cb81fe70, 0x00000270c9dd5120, 0x00000270cb8232f0,
0x00000270cb974d90, 0x00000270cb820500, 0x00000270cb821f40
}

Java Threads: ( => current thread )
  0x00000270d7920a10 JavaThread "main"                              [_thread_blocked, id=23324, stack(0x000000a596400000,0x000000a596500000) (1024K)]
  0x00000270d9b5e870 JavaThread "Reference Handler"          daemon [_thread_blocked, id=25464, stack(0x000000a596800000,0x000000a596900000) (1024K)]
  0x00000270c11ec9a0 JavaThread "Finalizer"                  daemon [_thread_blocked, id=19504, stack(0x000000a596900000,0x000000a596a00000) (1024K)]
  0x00000270c11f3bd0 JavaThread "Signal Dispatcher"          daemon [_thread_blocked, id=15320, stack(0x000000a596a00000,0x000000a596b00000) (1024K)]
  0x00000270c11f6860 JavaThread "Attach Listener"            daemon [_thread_blocked, id=6636, stack(0x000000a596b00000,0x000000a596c00000) (1024K)]
  0x00000270c11f9890 JavaThread "Service Thread"             daemon [_thread_blocked, id=19336, stack(0x000000a596c00000,0x000000a596d00000) (1024K)]
  0x00000270c11faff0 JavaThread "Monitor Deflation Thread"   daemon [_thread_blocked, id=20628, stack(0x000000a596d00000,0x000000a596e00000) (1024K)]
  0x00000270c26dcf70 JavaThread "C2 CompilerThread0"         daemon [_thread_in_native, id=18532, stack(0x000000a596e00000,0x000000a596f00000) (1024K)]
  0x00000270c26df990 JavaThread "C1 CompilerThread0"         daemon [_thread_blocked, id=3476, stack(0x000000a596f00000,0x000000a597000000) (1024K)]
  0x00000270c27a4050 JavaThread "C1 CompilerThread1"         daemon [_thread_blocked, id=16028, stack(0x000000a597000000,0x000000a597100000) (1024K)]
  0x00000270c2891eb0 JavaThread "Common-Cleaner"             daemon [_thread_blocked, id=23532, stack(0x000000a597100000,0x000000a597200000) (1024K)]
  0x00000270c289e660 JavaThread "C2 CompilerThread1"         daemon [_thread_in_native, id=9132, stack(0x000000a597200000,0x000000a597300000) (1024K)]
  0x00000270c29ce6a0 JavaThread "C1 CompilerThread2"         daemon [_thread_blocked, id=11836, stack(0x000000a597300000,0x000000a597400000) (1024K)]
  0x00000270c29db1b0 JavaThread "C1 CompilerThread3"         daemon [_thread_blocked, id=27876, stack(0x000000a597400000,0x000000a597500000) (1024K)]
  0x00000270c8213950 JavaThread "Notification Thread"        daemon [_thread_blocked, id=14888, stack(0x000000a597500000,0x000000a597600000) (1024K)]
  0x00000270c8a18c00 JavaThread "Equinox resolver thread - Equinox Container: 2468af32-7741-40be-9a83-579754ef7aca" daemon [_thread_blocked, id=22952, stack(0x000000a597e00000,0x000000a597f00000) (1024K)]
  0x00000270c8a19270 JavaThread "Equinox resolver thread - Equinox Container: 2468af32-7741-40be-9a83-579754ef7aca" daemon [_thread_blocked, id=3504, stack(0x000000a597f00000,0x000000a598000000) (1024K)]
  0x00000270c8a3cc30 JavaThread "Equinox resolver thread - Equinox Container: 2468af32-7741-40be-9a83-579754ef7aca" daemon [_thread_blocked, id=29516, stack(0x000000a598000000,0x000000a598100000) (1024K)]
  0x00000270c8a198e0 JavaThread "Equinox resolver thread - Equinox Container: 2468af32-7741-40be-9a83-579754ef7aca" daemon [_thread_blocked, id=17732, stack(0x000000a598100000,0x000000a598200000) (1024K)]
  0x00000270c8a1a760 JavaThread "Equinox resolver thread - Equinox Container: 2468af32-7741-40be-9a83-579754ef7aca" daemon [_thread_blocked, id=24604, stack(0x000000a598200000,0x000000a598300000) (1024K)]
  0x00000270c8c43d50 JavaThread "Equinox resolver thread - Equinox Container: 2468af32-7741-40be-9a83-579754ef7aca" daemon [_thread_blocked, id=21412, stack(0x000000a598300000,0x000000a598400000) (1024K)]
  0x00000270c91eb420 JavaThread "Bundle File Closer"         daemon [_thread_blocked, id=1364, stack(0x000000a598500000,0x000000a598600000) (1024K)]
  0x00000270c91ec140 JavaThread "Active Thread: Equinox Container: 2468af32-7741-40be-9a83-579754ef7aca"        [_thread_blocked, id=25792, stack(0x000000a598600000,0x000000a598700000) (1024K)]
  0x00000270c91ec7d0 JavaThread "Refresh Thread: Equinox Container: 2468af32-7741-40be-9a83-579754ef7aca" daemon [_thread_blocked, id=24512, stack(0x000000a597d00000,0x000000a597e00000) (1024K)]
  0x00000270c91ebab0 JavaThread "Equinox resolver thread - Equinox Container: 2468af32-7741-40be-9a83-579754ef7aca" daemon [_thread_blocked, id=21492, stack(0x000000a598700000,0x000000a598800000) (1024K)]
  0x00000270c9225df0 JavaThread "Equinox resolver thread - Equinox Container: 2468af32-7741-40be-9a83-579754ef7aca" daemon [_thread_blocked, id=16124, stack(0x000000a598800000,0x000000a598900000) (1024K)]
  0x00000270c9228550 JavaThread "Equinox resolver thread - Equinox Container: 2468af32-7741-40be-9a83-579754ef7aca" daemon [_thread_blocked, id=17524, stack(0x000000a598900000,0x000000a598a00000) (1024K)]
  0x00000270c9228be0 JavaThread "Equinox resolver thread - Equinox Container: 2468af32-7741-40be-9a83-579754ef7aca" daemon [_thread_blocked, id=460, stack(0x000000a598a00000,0x000000a598b00000) (1024K)]
  0x00000270c92271a0 JavaThread "Equinox resolver thread - Equinox Container: 2468af32-7741-40be-9a83-579754ef7aca" daemon [_thread_blocked, id=20556, stack(0x000000a598b00000,0x000000a598c00000) (1024K)]
  0x00000270c9229270 JavaThread "Equinox resolver thread - Equinox Container: 2468af32-7741-40be-9a83-579754ef7aca" daemon [_thread_blocked, id=27760, stack(0x000000a598c00000,0x000000a598d00000) (1024K)]
  0x00000270c9223690 JavaThread "Equinox resolver thread - Equinox Container: 2468af32-7741-40be-9a83-579754ef7aca" daemon [_thread_blocked, id=22620, stack(0x000000a598d00000,0x000000a598e00000) (1024K)]
  0x00000270c9225760 JavaThread "Equinox resolver thread - Equinox Container: 2468af32-7741-40be-9a83-579754ef7aca" daemon [_thread_blocked, id=30120, stack(0x000000a598e00000,0x000000a598f00000) (1024K)]
  0x00000270c9223000 JavaThread "Equinox resolver thread - Equinox Container: 2468af32-7741-40be-9a83-579754ef7aca" daemon [_thread_blocked, id=31344, stack(0x000000a598f00000,0x000000a599000000) (1024K)]
  0x00000270c9226b10 JavaThread "Equinox resolver thread - Equinox Container: 2468af32-7741-40be-9a83-579754ef7aca" daemon [_thread_blocked, id=15048, stack(0x000000a599000000,0x000000a599100000) (1024K)]
  0x00000270c922a620 JavaThread "Framework Event Dispatcher: Equinox Container: 2468af32-7741-40be-9a83-579754ef7aca" daemon [_thread_blocked, id=4232, stack(0x000000a599400000,0x000000a599500000) (1024K)]
  0x00000270c9223d20 JavaThread "Start Level: Equinox Container: 2468af32-7741-40be-9a83-579754ef7aca" daemon [_thread_blocked, id=29480, stack(0x000000a599500000,0x000000a599600000) (1024K)]
  0x00000270c9226480 JavaThread "SCR Component Actor"        daemon [_thread_blocked, id=20896, stack(0x000000a599800000,0x000000a599900000) (1024K)]
  0x00000270c9227ec0 JavaThread "SCR Component Registry"     daemon [_thread_blocked, id=4716, stack(0x000000a599300000,0x000000a599400000) (1024K)]
  0x00000270c92243b0 JavaThread "Worker-JM"                         [_thread_blocked, id=29196, stack(0x000000a599900000,0x000000a599a00000) (1024K)]
  0x00000270c9224a40 JavaThread "JNA Cleaner"                daemon [_thread_blocked, id=29996, stack(0x000000a599b00000,0x000000a599c00000) (1024K)]
  0x00000270c9229f90 JavaThread "Worker-0: Initialize After Load"        [_thread_blocked, id=3544, stack(0x000000a599c00000,0x000000a599d00000) (1024K)]
  0x00000270c9227830 JavaThread "Worker-1: Repository registry initialization"        [_thread_blocked, id=892, stack(0x000000a599d00000,0x000000a599e00000) (1024K)]
  0x00000270c92250d0 JavaThread "Worker-2: Updating Maven Dependencies"        [_thread_in_vm, id=3888, stack(0x000000a599e00000,0x000000a599f00000) (1024K)]
=>0x00000270c8193d30 JavaThread "C2 CompilerThread2"         daemon [_thread_in_native, id=8872, stack(0x000000a597600000,0x000000a597700000) (1024K)]
  0x00000270cb6ad8b0 JavaThread "C2 CompilerThread3"         daemon [_thread_blocked, id=24288, stack(0x000000a599f00000,0x000000a59a000000) (1024K)]
  0x00000270c9229900 JavaThread "Java indexing"              daemon [_thread_blocked, id=28460, stack(0x000000a59a000000,0x000000a59a100000) (1024K)]
  0x00000270c8b23870 JavaThread "Worker-3"                          [_thread_blocked, id=14792, stack(0x000000a59a100000,0x000000a59a200000) (1024K)]
  0x00000270c8b24590 JavaThread "Worker-4"                          [_thread_blocked, id=472, stack(0x000000a59a200000,0x000000a59a300000) (1024K)]
  0x00000270c8b21110 JavaThread "Worker-5"                          [_thread_blocked, id=16744, stack(0x000000a59a300000,0x000000a59a400000) (1024K)]
  0x00000270c8b21e30 JavaThread "Thread-2"                   daemon [_thread_in_native, id=24420, stack(0x000000a59a400000,0x000000a59a500000) (1024K)]
  0x00000270c8b217a0 JavaThread "Thread-3"                   daemon [_thread_in_native, id=18472, stack(0x000000a59a500000,0x000000a59a600000) (1024K)]
  0x00000270c8b22b50 JavaThread "Thread-4"                   daemon [_thread_in_native, id=12872, stack(0x000000a59a600000,0x000000a59a700000) (1024K)]
  0x00000270c8b224c0 JavaThread "Thread-5"                   daemon [_thread_in_native, id=3004, stack(0x000000a59a700000,0x000000a59a800000) (1024K)]
  0x00000270c8b231e0 JavaThread "Thread-6"                   daemon [_thread_in_native, id=19096, stack(0x000000a59a800000,0x000000a59a900000) (1024K)]
  0x00000270c8b23f00 JavaThread "Thread-7"                   daemon [_thread_in_native, id=15092, stack(0x000000a59a900000,0x000000a59aa00000) (1024K)]
  0x00000270cb81f150 JavaThread "Thread-8"                   daemon [_thread_in_native, id=12508, stack(0x000000a59aa00000,0x000000a59ab00000) (1024K)]
  0x00000270cb81eac0 JavaThread "Thread-9"                   daemon [_thread_in_native, id=1472, stack(0x000000a59ab00000,0x000000a59ac00000) (1024K)]
  0x00000270cb8218b0 JavaThread "Thread-10"                  daemon [_thread_in_native, id=26396, stack(0x000000a59ac00000,0x000000a59ad00000) (1024K)]
  0x00000270cb81f7e0 JavaThread "Thread-11"                  daemon [_thread_in_native, id=24664, stack(0x000000a59ad00000,0x000000a59ae00000) (1024K)]
  0x00000270cb823980 JavaThread "Thread-12"                  daemon [_thread_in_native, id=8144, stack(0x000000a59ae00000,0x000000a59af00000) (1024K)]
  0x00000270cb820b90 JavaThread "Thread-13"                  daemon [_thread_in_native, id=27076, stack(0x000000a59af00000,0x000000a59b000000) (1024K)]
  0x00000270cb81dda0 JavaThread "Thread-14"                  daemon [_thread_in_native, id=28016, stack(0x000000a59b000000,0x000000a59b100000) (1024K)]
  0x00000270cb824010 JavaThread "Thread-15"                  daemon [_thread_in_native, id=31508, stack(0x000000a59b100000,0x000000a59b200000) (1024K)]
  0x00000270cb822c60 JavaThread "Thread-16"                  daemon [_thread_in_native, id=30984, stack(0x000000a59b200000,0x000000a59b300000) (1024K)]
  0x00000270cb821220 JavaThread "Thread-17"                  daemon [_thread_in_native, id=27244, stack(0x000000a59b300000,0x000000a59b400000) (1024K)]
  0x00000270cb81fe70 JavaThread "Thread-18"                  daemon [_thread_in_native, id=6984, stack(0x000000a59b400000,0x000000a59b500000) (1024K)]
  0x00000270c9dd5120 JavaThread "C2 CompilerThread4"         daemon [_thread_in_native, id=21708, stack(0x000000a59b500000,0x000000a59b600000) (1024K)]
  0x00000270cb8232f0 JavaThread "pool-2-thread-1"                   [_thread_blocked, id=13044, stack(0x000000a59b600000,0x000000a59b700000) (1024K)]
  0x00000270cb974d90 JavaThread "C2 CompilerThread5"         daemon [_thread_in_native, id=28948, stack(0x000000a59b700000,0x000000a59b800000) (1024K)]
  0x00000270cb820500 JavaThread "WorkspaceEventsHandler"            [_thread_blocked, id=28176, stack(0x000000a59ba00000,0x000000a59bb00000) (1024K)]
  0x00000270cb821f40 JavaThread "pool-1-thread-1"                   [_thread_blocked, id=9556, stack(0x000000a59bb00000,0x000000a59bc00000) (1024K)]
Total: 71

Other Threads:
  0x00000270c11e1c50 VMThread "VM Thread"                           [id=12624, stack(0x000000a596700000,0x000000a596800000) (1024K)]
  0x00000270d9b12bd0 WatcherThread "VM Periodic Task Thread"        [id=29808, stack(0x000000a596600000,0x000000a596700000) (1024K)]
  0x00000270d9ac33d0 WorkerThread "GC Thread#0"                     [id=18048, stack(0x000000a596500000,0x000000a596600000) (1024K)]
  0x00000270c8275d20 WorkerThread "GC Thread#1"                     [id=5936, stack(0x000000a597700000,0x000000a597800000) (1024K)]
  0x00000270c893a4c0 WorkerThread "GC Thread#2"                     [id=16464, stack(0x000000a597800000,0x000000a597900000) (1024K)]
  0x00000270c893a870 WorkerThread "GC Thread#3"                     [id=22344, stack(0x000000a597900000,0x000000a597a00000) (1024K)]
  0x00000270c893ac20 WorkerThread "GC Thread#4"                     [id=3084, stack(0x000000a597a00000,0x000000a597b00000) (1024K)]
  0x00000270c893afd0 WorkerThread "GC Thread#5"                     [id=21324, stack(0x000000a597b00000,0x000000a597c00000) (1024K)]
  0x00000270c8848fe0 WorkerThread "GC Thread#6"                     [id=4056, stack(0x000000a597c00000,0x000000a597d00000) (1024K)]
  0x00000270c8ab2e50 WorkerThread "GC Thread#7"                     [id=23768, stack(0x000000a598400000,0x000000a598500000) (1024K)]
  0x00000270c8ab26f0 WorkerThread "GC Thread#8"                     [id=26776, stack(0x000000a599100000,0x000000a599200000) (1024K)]
  0x00000270c8ab1f90 WorkerThread "GC Thread#9"                     [id=23636, stack(0x000000a599600000,0x000000a599700000) (1024K)]
  0x00000270c8ab2340 WorkerThread "GC Thread#10"                    [id=21356, stack(0x000000a599700000,0x000000a599800000) (1024K)]
  0x00000270c8f72120 WorkerThread "GC Thread#11"                    [id=16508, stack(0x000000a599200000,0x000000a599300000) (1024K)]
  0x00000270c8f719c0 WorkerThread "GC Thread#12"                    [id=15412, stack(0x000000a599a00000,0x000000a599b00000) (1024K)]
Total: 15

Threads with active compile tasks:
C2 CompilerThread0  7614 7033       4       java.lang.StringConcatHelper::newString (67 bytes)
C2 CompilerThread2  7614 6914       4       org.eclipse.osgi.internal.hooks.EclipseLazyStarter::preFindLocalClass (120 bytes)
C2 CompilerThread4  7614 7007       4       jdk.internal.org.objectweb.asm.SymbolTable::addConstantMemberReference (147 bytes)
C2 CompilerThread5  7614 6917   !   4       org.eclipse.osgi.internal.loader.BundleLoader::findLocalClass (166 bytes)
Total: 4

VM state: not at safepoint (normal execution)

VM Mutex/Monitor currently owned by a thread: None

Heap address: 0x00000000c0000000, size: 1024 MB, Compressed Oops mode: 32-bit

CDS archive(s) mapped at: [0x0000027080000000-0x0000027080c60000-0x0000027080c60000), size 12976128, SharedBaseAddress: 0x0000027080000000, ArchiveRelocationMode: 1.
Compressed class space mapped at: 0x0000027081000000-0x00000270c1000000, reserved size: 1073741824
Narrow klass base: 0x0000027080000000, Narrow klass shift: 0, Narrow klass range: 0x41000000

GC Precious Log:
 CardTable entry size: 512
 CPUs: 16 total, 16 available
 Memory: 16052M
 Large Page Support: Disabled
 NUMA Support: Disabled
 Compressed Oops: Enabled (32-bit)
 Alignments: Space 512K, Generation 512K, Heap 2M
 Heap Min Capacity: 100M
 Heap Initial Capacity: 100M
 Heap Max Capacity: 1G
 Pre-touch: Disabled
 Parallel Workers: 13

Heap:
 PSYoungGen      total 23552K, used 8198K [0x00000000eab00000, 0x00000000ec480000, 0x0000000100000000)
  eden space 22016K, 30% used [0x00000000eab00000,0x00000000eb189a98,0x00000000ec080000)
  from space 1536K, 97% used [0x00000000ec280000,0x00000000ec3f8000,0x00000000ec400000)
  to   space 2048K, 0% used [0x00000000ec080000,0x00000000ec080000,0x00000000ec280000)
 ParOldGen       total 68608K, used 20782K [0x00000000c0000000, 0x00000000c4300000, 0x00000000eab00000)
  object space 68608K, 30% used [0x00000000c0000000,0x00000000c144bac0,0x00000000c4300000)
 Metaspace       used 43978K, committed 45120K, reserved 1114112K
  class space    used 4741K, committed 5248K, reserved 1048576K

Card table byte_map: [0x00000270d9460000,0x00000270d9670000] _byte_map_base: 0x00000270d8e60000

Marking Bits: (ParMarkBitMap*) 0x00007ffabe130b50
 Begin Bits: [0x00000270f0de0000, 0x00000270f1de0000)
 End Bits:   [0x00000270f1de0000, 0x00000270f2de0000)

Polling page: 0x00000270d7a30000

Metaspace:

Usage:
  Non-class:     38.32 MB used.
      Class:      4.63 MB used.
       Both:     42.95 MB used.

Virtual space:
  Non-class space:       64.00 MB reserved,      38.94 MB ( 61%) committed,  1 nodes.
      Class space:        1.00 GB reserved,       5.12 MB ( <1%) committed,  1 nodes.
             Both:        1.06 GB reserved,      44.06 MB (  4%) committed. 

Chunk freelists:
   Non-Class:  8.47 MB
       Class:  10.91 MB
        Both:  19.38 MB

MaxMetaspaceSize: unlimited
CompressedClassSpaceSize: 1.00 GB
Initial GC threshold: 21.00 MB
Current GC threshold: 58.38 MB
CDS: on
 - commit_granule_bytes: 65536.
 - commit_granule_words: 8192.
 - virtual_space_node_default_size: 8388608.
 - enlarge_chunks_in_place: 1.
 - use_allocation_guard: 0.


Internal statistics:

num_allocs_failed_limit: 6.
num_arena_births: 770.
num_arena_deaths: 26.
num_vsnodes_births: 2.
num_vsnodes_deaths: 0.
num_space_committed: 705.
num_space_uncommitted: 0.
num_chunks_returned_to_freelist: 37.
num_chunks_taken_from_freelist: 2654.
num_chunk_merges: 13.
num_chunk_splits: 1680.
num_chunks_enlarged: 1003.
num_inconsistent_stats: 0.

CodeHeap 'non-profiled nmethods': size=119168Kb used=3334Kb max_used=3334Kb free=115834Kb
 bounds [0x00000270e9980000, 0x00000270e9cd0000, 0x00000270f0de0000]
CodeHeap 'profiled nmethods': size=119104Kb used=13593Kb max_used=13593Kb free=105510Kb
 bounds [0x00000270e1de0000, 0x00000270e2b30000, 0x00000270e9230000]
CodeHeap 'non-nmethods': size=7488Kb used=3058Kb max_used=3141Kb free=4430Kb
 bounds [0x00000270e9230000, 0x00000270e9550000, 0x00000270e9980000]
 total_blobs=6975 nmethods=6311 adapters=567
 compilation: enabled
              stopped_count=0, restarted_count=0
 full_count=0

Compilation events (20 events):
Event: 7.533 Thread 0x00000270c29ce6a0 nmethod 6961 0x00000270e2afdd90 code [0x00000270e2afdf20, 0x00000270e2afe048]
Event: 7.533 Thread 0x00000270c29db1b0 nmethod 6960 0x00000270e2afe110 code [0x00000270e2afe2c0, 0x00000270e2afe478]
Event: 7.534 Thread 0x00000270c289e660 6947       4       java.util.Arrays::copyOfRange (90 bytes)
Event: 7.537 Thread 0x00000270cb6ad8b0 6962       4       com.google.inject.TypeLiteral::<init> (43 bytes)
Event: 7.539 Thread 0x00000270c29db1b0 6963       3       com.google.inject.Key::getAnnotation (10 bytes)
Event: 7.540 Thread 0x00000270c29db1b0 nmethod 6963 0x00000270e2afe590 code [0x00000270e2afe740, 0x00000270e2afe918]
Event: 7.541 Thread 0x00000270c9dd5120 nmethod 6943 0x00000270e9cb5510 code [0x00000270e9cb5780, 0x00000270e9cb6068]
Event: 7.541 Thread 0x00000270c289e660 nmethod 6947 0x00000270e9cb6890 code [0x00000270e9cb6a40, 0x00000270e9cb6f50]
Event: 7.542 Thread 0x00000270c26df990 6964       3       org.eclipse.sisu.inject.RankedSequence$Itr::hasNext (113 bytes)
Event: 7.543 Thread 0x00000270c26df990 nmethod 6964 0x00000270e2afea10 code [0x00000270e2afebe0, 0x00000270e2afef50]
Event: 7.543 Thread 0x00000270c27a4050 6965       3       org.eclipse.sisu.bean.BeanPropertyIterator::hasNext (127 bytes)
Event: 7.543 Thread 0x00000270c26df990 6966       3       java.util.TreeMap::values (25 bytes)
Event: 7.543 Thread 0x00000270c29ce6a0 6967       3       java.util.TreeMap$Values::<init> (10 bytes)
Event: 7.543 Thread 0x00000270c29db1b0 6968       3       java.util.TreeMap$Values::iterator (19 bytes)
Event: 7.543 Thread 0x00000270c29ce6a0 nmethod 6967 0x00000270e2aff110 code [0x00000270e2aff2c0, 0x00000270e2aff4a0]
Event: 7.543 Thread 0x00000270c26df990 nmethod 6966 0x00000270e2aff590 code [0x00000270e2aff740, 0x00000270e2affa28]
Event: 7.543 Thread 0x00000270c29ce6a0 6969       3       java.util.TreeMap$ValueIterator::<init> (7 bytes)
Event: 7.544 Thread 0x00000270c27a4050 nmethod 6965 0x00000270e2affb90 code [0x00000270e2affe20, 0x00000270e2b00e58]
Event: 7.544 Thread 0x00000270c29ce6a0 nmethod 6969 0x00000270e2b01210 code [0x00000270e2b013c0, 0x00000270e2b015d8]
Event: 7.544 Thread 0x00000270c29db1b0 nmethod 6968 0x00000270e2b01710 code [0x00000270e2b018e0, 0x00000270e2b01cf0]

GC Heap History (20 events):
Event: 4.521 GC heap before
{Heap before GC invocations=11 (full 1):
 PSYoungGen      total 27136K, used 26983K [0x00000000eab00000, 0x00000000eca00000, 0x0000000100000000)
  eden space 23552K, 100% used [0x00000000eab00000,0x00000000ec200000,0x00000000ec200000)
  from space 3584K, 95% used [0x00000000ec280000,0x00000000ec5d9fd0,0x00000000ec600000)
  to   space 4096K, 0% used [0x00000000ec600000,0x00000000ec600000,0x00000000eca00000)
 ParOldGen       total 68608K, used 12762K [0x00000000c0000000, 0x00000000c4300000, 0x00000000eab00000)
  object space 68608K, 18% used [0x00000000c0000000,0x00000000c0c768e0,0x00000000c4300000)
 Metaspace       used 25934K, committed 26752K, reserved 1114112K
  class space    used 2530K, committed 2880K, reserved 1048576K
}
Event: 4.523 GC heap after
{Heap after GC invocations=11 (full 1):
 PSYoungGen      total 27136K, used 3918K [0x00000000eab00000, 0x00000000eca00000, 0x0000000100000000)
  eden space 23040K, 0% used [0x00000000eab00000,0x00000000eab00000,0x00000000ec180000)
  from space 4096K, 95% used [0x00000000ec600000,0x00000000ec9d3928,0x00000000eca00000)
  to   space 4096K, 0% used [0x00000000ec200000,0x00000000ec200000,0x00000000ec600000)
 ParOldGen       total 68608K, used 12770K [0x00000000c0000000, 0x00000000c4300000, 0x00000000eab00000)
  object space 68608K, 18% used [0x00000000c0000000,0x00000000c0c788e0,0x00000000c4300000)
 Metaspace       used 25934K, committed 26752K, reserved 1114112K
  class space    used 2530K, committed 2880K, reserved 1048576K
}
Event: 4.774 GC heap before
{Heap before GC invocations=12 (full 1):
 PSYoungGen      total 27136K, used 26958K [0x00000000eab00000, 0x00000000eca00000, 0x0000000100000000)
  eden space 23040K, 100% used [0x00000000eab00000,0x00000000ec180000,0x00000000ec180000)
  from space 4096K, 95% used [0x00000000ec600000,0x00000000ec9d3928,0x00000000eca00000)
  to   space 4096K, 0% used [0x00000000ec200000,0x00000000ec200000,0x00000000ec600000)
 ParOldGen       total 68608K, used 12770K [0x00000000c0000000, 0x00000000c4300000, 0x00000000eab00000)
  object space 68608K, 18% used [0x00000000c0000000,0x00000000c0c788e0,0x00000000c4300000)
 Metaspace       used 27604K, committed 28480K, reserved 1114112K
  class space    used 2631K, committed 3008K, reserved 1048576K
}
Event: 4.776 GC heap after
{Heap after GC invocations=12 (full 1):
 PSYoungGen      total 25088K, used 2248K [0x00000000eab00000, 0x00000000ec700000, 0x0000000100000000)
  eden space 22528K, 0% used [0x00000000eab00000,0x00000000eab00000,0x00000000ec100000)
  from space 2560K, 87% used [0x00000000ec200000,0x00000000ec4322b0,0x00000000ec480000)
  to   space 2560K, 0% used [0x00000000ec480000,0x00000000ec480000,0x00000000ec700000)
 ParOldGen       total 68608K, used 13653K [0x00000000c0000000, 0x00000000c4300000, 0x00000000eab00000)
  object space 68608K, 19% used [0x00000000c0000000,0x00000000c0d55698,0x00000000c4300000)
 Metaspace       used 27604K, committed 28480K, reserved 1114112K
  class space    used 2631K, committed 3008K, reserved 1048576K
}
Event: 5.338 GC heap before
{Heap before GC invocations=13 (full 1):
 PSYoungGen      total 25088K, used 24776K [0x00000000eab00000, 0x00000000ec700000, 0x0000000100000000)
  eden space 22528K, 100% used [0x00000000eab00000,0x00000000ec100000,0x00000000ec100000)
  from space 2560K, 87% used [0x00000000ec200000,0x00000000ec4322b0,0x00000000ec480000)
  to   space 2560K, 0% used [0x00000000ec480000,0x00000000ec480000,0x00000000ec700000)
 ParOldGen       total 68608K, used 13653K [0x00000000c0000000, 0x00000000c4300000, 0x00000000eab00000)
  object space 68608K, 19% used [0x00000000c0000000,0x00000000c0d55698,0x00000000c4300000)
 Metaspace       used 31395K, committed 32448K, reserved 1114112K
  class space    used 3038K, committed 3520K, reserved 1048576K
}
Event: 5.341 GC heap after
{Heap after GC invocations=13 (full 1):
 PSYoungGen      total 24576K, used 2316K [0x00000000eab00000, 0x00000000ec700000, 0x0000000100000000)
  eden space 22016K, 0% used [0x00000000eab00000,0x00000000eab00000,0x00000000ec080000)
  from space 2560K, 90% used [0x00000000ec480000,0x00000000ec6c3308,0x00000000ec700000)
  to   space 2560K, 0% used [0x00000000ec200000,0x00000000ec200000,0x00000000ec480000)
 ParOldGen       total 68608K, used 15734K [0x00000000c0000000, 0x00000000c4300000, 0x00000000eab00000)
  object space 68608K, 22% used [0x00000000c0000000,0x00000000c0f5d8d8,0x00000000c4300000)
 Metaspace       used 31395K, committed 32448K, reserved 1114112K
  class space    used 3038K, committed 3520K, reserved 1048576K
}
Event: 5.451 GC heap before
{Heap before GC invocations=14 (full 1):
 PSYoungGen      total 24576K, used 24332K [0x00000000eab00000, 0x00000000ec700000, 0x0000000100000000)
  eden space 22016K, 100% used [0x00000000eab00000,0x00000000ec080000,0x00000000ec080000)
  from space 2560K, 90% used [0x00000000ec480000,0x00000000ec6c3308,0x00000000ec700000)
  to   space 2560K, 0% used [0x00000000ec200000,0x00000000ec200000,0x00000000ec480000)
 ParOldGen       total 68608K, used 15734K [0x00000000c0000000, 0x00000000c4300000, 0x00000000eab00000)
  object space 68608K, 22% used [0x00000000c0000000,0x00000000c0f5d8d8,0x00000000c4300000)
 Metaspace       used 34239K, committed 35264K, reserved 1114112K
  class space    used 3414K, committed 3840K, reserved 1048576K
}
Event: 5.454 GC heap after
{Heap after GC invocations=14 (full 1):
 PSYoungGen      total 23040K, used 956K [0x00000000eab00000, 0x00000000ec500000, 0x0000000100000000)
  eden space 22016K, 0% used [0x00000000eab00000,0x00000000eab00000,0x00000000ec080000)
  from space 1024K, 93% used [0x00000000ec200000,0x00000000ec2ef208,0x00000000ec300000)
  to   space 1536K, 0% used [0x00000000ec380000,0x00000000ec380000,0x00000000ec500000)
 ParOldGen       total 68608K, used 17823K [0x00000000c0000000, 0x00000000c4300000, 0x00000000eab00000)
  object space 68608K, 25% used [0x00000000c0000000,0x00000000c1167d20,0x00000000c4300000)
 Metaspace       used 34239K, committed 35264K, reserved 1114112K
  class space    used 3414K, committed 3840K, reserved 1048576K
}
Event: 5.520 GC heap before
{Heap before GC invocations=15 (full 1):
 PSYoungGen      total 23040K, used 6295K [0x00000000eab00000, 0x00000000ec500000, 0x0000000100000000)
  eden space 22016K, 24% used [0x00000000eab00000,0x00000000eb036d10,0x00000000ec080000)
  from space 1024K, 93% used [0x00000000ec200000,0x00000000ec2ef208,0x00000000ec300000)
  to   space 1536K, 0% used [0x00000000ec380000,0x00000000ec380000,0x00000000ec500000)
 ParOldGen       total 68608K, used 17823K [0x00000000c0000000, 0x00000000c4300000, 0x00000000eab00000)
  object space 68608K, 25% used [0x00000000c0000000,0x00000000c1167d20,0x00000000c4300000)
 Metaspace       used 34837K, committed 35840K, reserved 1114112K
  class space    used 3503K, committed 3968K, reserved 1048576K
}
Event: 5.522 GC heap after
{Heap after GC invocations=15 (full 1):
 PSYoungGen      total 23552K, used 1152K [0x00000000eab00000, 0x00000000ec500000, 0x0000000100000000)
  eden space 22016K, 0% used [0x00000000eab00000,0x00000000eab00000,0x00000000ec080000)
  from space 1536K, 75% used [0x00000000ec380000,0x00000000ec4a0000,0x00000000ec500000)
  to   space 1536K, 0% used [0x00000000ec200000,0x00000000ec200000,0x00000000ec380000)
 ParOldGen       total 68608K, used 18322K [0x00000000c0000000, 0x00000000c4300000, 0x00000000eab00000)
  object space 68608K, 26% used [0x00000000c0000000,0x00000000c11e4b80,0x00000000c4300000)
 Metaspace       used 34837K, committed 35840K, reserved 1114112K
  class space    used 3503K, committed 3968K, reserved 1048576K
}
Event: 5.522 GC heap before
{Heap before GC invocations=16 (full 2):
 PSYoungGen      total 23552K, used 1152K [0x00000000eab00000, 0x00000000ec500000, 0x0000000100000000)
  eden space 22016K, 0% used [0x00000000eab00000,0x00000000eab00000,0x00000000ec080000)
  from space 1536K, 75% used [0x00000000ec380000,0x00000000ec4a0000,0x00000000ec500000)
  to   space 1536K, 0% used [0x00000000ec200000,0x00000000ec200000,0x00000000ec380000)
 ParOldGen       total 68608K, used 18322K [0x00000000c0000000, 0x00000000c4300000, 0x00000000eab00000)
  object space 68608K, 26% used [0x00000000c0000000,0x00000000c11e4b80,0x00000000c4300000)
 Metaspace       used 34837K, committed 35840K, reserved 1114112K
  class space    used 3503K, committed 3968K, reserved 1048576K
}
Event: 5.570 GC heap after
{Heap after GC invocations=16 (full 2):
 PSYoungGen      total 23552K, used 0K [0x00000000eab00000, 0x00000000ec500000, 0x0000000100000000)
  eden space 22016K, 0% used [0x00000000eab00000,0x00000000eab00000,0x00000000ec080000)
  from space 1536K, 0% used [0x00000000ec380000,0x00000000ec380000,0x00000000ec500000)
  to   space 1536K, 0% used [0x00000000ec200000,0x00000000ec200000,0x00000000ec380000)
 ParOldGen       total 68608K, used 18443K [0x00000000c0000000, 0x00000000c4300000, 0x00000000eab00000)
  object space 68608K, 26% used [0x00000000c0000000,0x00000000c1202e20,0x00000000c4300000)
 Metaspace       used 34828K, committed 35840K, reserved 1114112K
  class space    used 3500K, committed 3968K, reserved 1048576K
}
Event: 5.963 GC heap before
{Heap before GC invocations=17 (full 2):
 PSYoungGen      total 23552K, used 22016K [0x00000000eab00000, 0x00000000ec500000, 0x0000000100000000)
  eden space 22016K, 100% used [0x00000000eab00000,0x00000000ec080000,0x00000000ec080000)
  from space 1536K, 0% used [0x00000000ec380000,0x00000000ec380000,0x00000000ec500000)
  to   space 1536K, 0% used [0x00000000ec200000,0x00000000ec200000,0x00000000ec380000)
 ParOldGen       total 68608K, used 18443K [0x00000000c0000000, 0x00000000c4300000, 0x00000000eab00000)
  object space 68608K, 26% used [0x00000000c0000000,0x00000000c1202e20,0x00000000c4300000)
 Metaspace       used 36678K, committed 37696K, reserved 1114112K
  class space    used 3785K, committed 4224K, reserved 1048576K
}
Event: 5.965 GC heap after
{Heap after GC invocations=17 (full 2):
 PSYoungGen      total 23552K, used 1117K [0x00000000eab00000, 0x00000000ec400000, 0x0000000100000000)
  eden space 22016K, 0% used [0x00000000eab00000,0x00000000eab00000,0x00000000ec080000)
  from space 1536K, 72% used [0x00000000ec200000,0x00000000ec317660,0x00000000ec380000)
  to   space 512K, 0% used [0x00000000ec380000,0x00000000ec380000,0x00000000ec400000)
 ParOldGen       total 68608K, used 18451K [0x00000000c0000000, 0x00000000c4300000, 0x00000000eab00000)
  object space 68608K, 26% used [0x00000000c0000000,0x00000000c1204e20,0x00000000c4300000)
 Metaspace       used 36678K, committed 37696K, reserved 1114112K
  class space    used 3785K, committed 4224K, reserved 1048576K
}
Event: 6.445 GC heap before
{Heap before GC invocations=18 (full 2):
 PSYoungGen      total 23552K, used 23127K [0x00000000eab00000, 0x00000000ec400000, 0x0000000100000000)
  eden space 22016K, 99% used [0x00000000eab00000,0x00000000ec07e7e0,0x00000000ec080000)
  from space 1536K, 72% used [0x00000000ec200000,0x00000000ec317660,0x00000000ec380000)
  to   space 512K, 0% used [0x00000000ec380000,0x00000000ec380000,0x00000000ec400000)
 ParOldGen       total 68608K, used 18451K [0x00000000c0000000, 0x00000000c4300000, 0x00000000eab00000)
  object space 68608K, 26% used [0x00000000c0000000,0x00000000c1204e20,0x00000000c4300000)
 Metaspace       used 38336K, committed 39424K, reserved 1114112K
  class space    used 3991K, committed 4480K, reserved 1048576K
}
Event: 6.447 GC heap after
{Heap after GC invocations=18 (full 2):
 PSYoungGen      total 22528K, used 512K [0x00000000eab00000, 0x00000000ec400000, 0x0000000100000000)
  eden space 22016K, 0% used [0x00000000eab00000,0x00000000eab00000,0x00000000ec080000)
  from space 512K, 100% used [0x00000000ec380000,0x00000000ec400000,0x00000000ec400000)
  to   space 1536K, 0% used [0x00000000ec100000,0x00000000ec100000,0x00000000ec280000)
 ParOldGen       total 68608K, used 19314K [0x00000000c0000000, 0x00000000c4300000, 0x00000000eab00000)
  object space 68608K, 28% used [0x00000000c0000000,0x00000000c12dcab0,0x00000000c4300000)
 Metaspace       used 38336K, committed 39424K, reserved 1114112K
  class space    used 3991K, committed 4480K, reserved 1048576K
}
Event: 6.882 GC heap before
{Heap before GC invocations=19 (full 2):
 PSYoungGen      total 22528K, used 22528K [0x00000000eab00000, 0x00000000ec400000, 0x0000000100000000)
  eden space 22016K, 100% used [0x00000000eab00000,0x00000000ec080000,0x00000000ec080000)
  from space 512K, 100% used [0x00000000ec380000,0x00000000ec400000,0x00000000ec400000)
  to   space 1536K, 0% used [0x00000000ec100000,0x00000000ec100000,0x00000000ec280000)
 ParOldGen       total 68608K, used 19314K [0x00000000c0000000, 0x00000000c4300000, 0x00000000eab00000)
  object space 68608K, 28% used [0x00000000c0000000,0x00000000c12dcab0,0x00000000c4300000)
 Metaspace       used 40734K, committed 41792K, reserved 1114112K
  class space    used 4303K, committed 4800K, reserved 1048576K
}
Event: 6.884 GC heap after
{Heap after GC invocations=19 (full 2):
 PSYoungGen      total 23552K, used 1216K [0x00000000eab00000, 0x00000000ec400000, 0x0000000100000000)
  eden space 22016K, 0% used [0x00000000eab00000,0x00000000eab00000,0x00000000ec080000)
  from space 1536K, 79% used [0x00000000ec100000,0x00000000ec230000,0x00000000ec280000)
  to   space 1536K, 0% used [0x00000000ec280000,0x00000000ec280000,0x00000000ec400000)
 ParOldGen       total 68608K, used 19738K [0x00000000c0000000, 0x00000000c4300000, 0x00000000eab00000)
  object space 68608K, 28% used [0x00000000c0000000,0x00000000c1346ab0,0x00000000c4300000)
 Metaspace       used 40734K, committed 41792K, reserved 1114112K
  class space    used 4303K, committed 4800K, reserved 1048576K
}
Event: 7.434 GC heap before
{Heap before GC invocations=20 (full 2):
 PSYoungGen      total 23552K, used 23232K [0x00000000eab00000, 0x00000000ec400000, 0x0000000100000000)
  eden space 22016K, 100% used [0x00000000eab00000,0x00000000ec080000,0x00000000ec080000)
  from space 1536K, 79% used [0x00000000ec100000,0x00000000ec230000,0x00000000ec280000)
  to   space 1536K, 0% used [0x00000000ec280000,0x00000000ec280000,0x00000000ec400000)
 ParOldGen       total 68608K, used 19738K [0x00000000c0000000, 0x00000000c4300000, 0x00000000eab00000)
  object space 68608K, 28% used [0x00000000c0000000,0x00000000c1346ab0,0x00000000c4300000)
 Metaspace       used 43292K, committed 44416K, reserved 1114112K
  class space    used 4661K, committed 5184K, reserved 1048576K
}
Event: 7.435 GC heap after
{Heap after GC invocations=20 (full 2):
 PSYoungGen      total 23552K, used 1504K [0x00000000eab00000, 0x00000000ec480000, 0x0000000100000000)
  eden space 22016K, 0% used [0x00000000eab00000,0x00000000eab00000,0x00000000ec080000)
  from space 1536K, 97% used [0x00000000ec280000,0x00000000ec3f8000,0x00000000ec400000)
  to   space 2048K, 0% used [0x00000000ec080000,0x00000000ec080000,0x00000000ec280000)
 ParOldGen       total 68608K, used 20782K [0x00000000c0000000, 0x00000000c4300000, 0x00000000eab00000)
  object space 68608K, 30% used [0x00000000c0000000,0x00000000c144bac0,0x00000000c4300000)
 Metaspace       used 43292K, committed 44416K, reserved 1114112K
  class space    used 4661K, committed 5184K, reserved 1048576K
}

Dll operation events (11 events):
Event: 0.018 Loaded shared library C:\Program Files\Java\jdk-22\bin\java.dll
Event: 0.060 Loaded shared library C:\Program Files\Java\jdk-22\bin\jsvml.dll
Event: 0.124 Loaded shared library C:\Program Files\Java\jdk-22\bin\zip.dll
Event: 0.128 Loaded shared library C:\Program Files\Java\jdk-22\bin\instrument.dll
Event: 0.131 Loaded shared library C:\Program Files\Java\jdk-22\bin\net.dll
Event: 0.133 Loaded shared library C:\Program Files\Java\jdk-22\bin\nio.dll
Event: 0.138 Loaded shared library C:\Program Files\Java\jdk-22\bin\zip.dll
Event: 0.156 Loaded shared library C:\Program Files\Java\jdk-22\bin\jimage.dll
Event: 0.244 Loaded shared library C:\Program Files\Java\jdk-22\bin\verify.dll
Event: 1.813 Loaded shared library C:\Users\HP\AppData\Roaming\Code\User\globalStorage\redhat.java\1.42.0\config_win\org.eclipse.equinox.launcher\org.eclipse.equinox.launcher.win32.win32.x86_64_1.2.1300.v20250331-1702\eclipse_11911.dll
Event: 3.650 Loaded shared library C:\Users\HP\AppData\Local\Temp\jna-2312\jna15050648094828352418.dll

Deoptimization events (20 events):
Event: 7.462 Thread 0x00000270c9227830 Uncommon trap: trap_request=0x000000e1 fr.pc=0x00000270e99f0500 relative=0x00000000000000e0
Event: 7.462 Thread 0x00000270c9227830 Uncommon trap: reason=unloaded action=reinterpret pc=0x00000270e99f0500 method=org.codehaus.plexus.util.xml.pull.MXParser.more()C @ 22 c2
Event: 7.462 Thread 0x00000270c9227830 DEOPT PACKING pc=0x00000270e99f0500 sp=0x000000a599dfeb50
Event: 7.462 Thread 0x00000270c9227830 DEOPT UNPACKING pc=0x00000270e9283aa2 sp=0x000000a599dfeaf0 mode 2
Event: 7.516 Thread 0x00000270c92250d0 Uncommon trap: trap_request=0xffffffd6 fr.pc=0x00000270e9cb0968 relative=0x00000000000007c8
Event: 7.516 Thread 0x00000270c92250d0 Uncommon trap: reason=array_check action=maybe_recompile pc=0x00000270e9cb0968 method=com.google.inject.internal.MoreTypes$ParameterizedTypeImpl.<init>(Ljava/lang/reflect/Type;Ljava/lang/reflect/Type;[Ljava/lang/reflect/Type;)V @ 200 c2
Event: 7.516 Thread 0x00000270c92250d0 DEOPT PACKING pc=0x00000270e9cb0968 sp=0x000000a599ef8030
Event: 7.516 Thread 0x00000270c92250d0 DEOPT UNPACKING pc=0x00000270e9283aa2 sp=0x000000a599ef7f48 mode 2
Event: 7.516 Thread 0x00000270c92250d0 Uncommon trap: trap_request=0xffffffd6 fr.pc=0x00000270e9cb0968 relative=0x00000000000007c8
Event: 7.516 Thread 0x00000270c92250d0 Uncommon trap: reason=array_check action=maybe_recompile pc=0x00000270e9cb0968 method=com.google.inject.internal.MoreTypes$ParameterizedTypeImpl.<init>(Ljava/lang/reflect/Type;Ljava/lang/reflect/Type;[Ljava/lang/reflect/Type;)V @ 200 c2
Event: 7.516 Thread 0x00000270c92250d0 DEOPT PACKING pc=0x00000270e9cb0968 sp=0x000000a599ef8010
Event: 7.516 Thread 0x00000270c92250d0 DEOPT UNPACKING pc=0x00000270e9283aa2 sp=0x000000a599ef7f28 mode 2
Event: 7.533 Thread 0x00000270c92250d0 Uncommon trap: trap_request=0xffffffd6 fr.pc=0x00000270e9cb3398 relative=0x0000000000000af8
Event: 7.533 Thread 0x00000270c92250d0 Uncommon trap: reason=array_check action=maybe_recompile pc=0x00000270e9cb3398 method=com.google.inject.internal.MoreTypes$ParameterizedTypeImpl.<init>(Ljava/lang/reflect/Type;Ljava/lang/reflect/Type;[Ljava/lang/reflect/Type;)V @ 200 c2
Event: 7.534 Thread 0x00000270c92250d0 DEOPT PACKING pc=0x00000270e9cb3398 sp=0x000000a599efbc10
Event: 7.534 Thread 0x00000270c92250d0 DEOPT UNPACKING pc=0x00000270e9283aa2 sp=0x000000a599efbac8 mode 2
Event: 7.534 Thread 0x00000270c92250d0 Uncommon trap: trap_request=0xffffffd6 fr.pc=0x00000270e9cb3398 relative=0x0000000000000af8
Event: 7.534 Thread 0x00000270c92250d0 Uncommon trap: reason=array_check action=maybe_recompile pc=0x00000270e9cb3398 method=com.google.inject.internal.MoreTypes$ParameterizedTypeImpl.<init>(Ljava/lang/reflect/Type;Ljava/lang/reflect/Type;[Ljava/lang/reflect/Type;)V @ 200 c2
Event: 7.534 Thread 0x00000270c92250d0 DEOPT PACKING pc=0x00000270e9cb3398 sp=0x000000a599efbbf0
Event: 7.534 Thread 0x00000270c92250d0 DEOPT UNPACKING pc=0x00000270e9283aa2 sp=0x000000a599efbaa8 mode 2

Classes loaded (20 events):
Event: 6.087 Loading class sun/nio/ch/WindowsAsynchronousFileChannelImpl$WriteTask
Event: 6.087 Loading class sun/nio/ch/WindowsAsynchronousFileChannelImpl$WriteTask done
Event: 6.399 Loading class sun/reflect/generics/repository/FieldRepository
Event: 6.399 Loading class sun/reflect/generics/repository/FieldRepository done
Event: 6.493 Loading class sun/reflect/annotation/AnnotatedTypeFactory$AnnotatedParameterizedTypeImpl
Event: 6.494 Loading class java/lang/reflect/AnnotatedParameterizedType
Event: 6.494 Loading class java/lang/reflect/AnnotatedParameterizedType done
Event: 6.494 Loading class sun/reflect/annotation/AnnotatedTypeFactory$AnnotatedParameterizedTypeImpl done
Event: 6.796 Loading class java/util/concurrent/CompletionService
Event: 6.796 Loading class java/util/concurrent/CompletionService done
Event: 6.828 Loading class sun/reflect/generics/scope/ConstructorScope
Event: 6.828 Loading class sun/reflect/generics/scope/ConstructorScope done
Event: 6.828 Loading class sun/reflect/generics/tree/VoidDescriptor
Event: 6.828 Loading class sun/reflect/generics/tree/VoidDescriptor done
Event: 6.885 Loading class java/nio/channels/ServerSocketChannel
Event: 6.886 Loading class java/nio/channels/ServerSocketChannel done
Event: 7.065 Loading class java/lang/ExceptionInInitializerError
Event: 7.065 Loading class java/lang/ExceptionInInitializerError done
Event: 7.457 Loading class java/lang/ProcessEnvironment$CheckedKeySet
Event: 7.457 Loading class java/lang/ProcessEnvironment$CheckedKeySet done

Classes unloaded (13 events):
Event: 4.112 Thread 0x00000270c11e1c50 Unloading class 0x00000270811acc00 'java/lang/invoke/LambdaForm$MH+0x00000270811acc00'
Event: 4.112 Thread 0x00000270c11e1c50 Unloading class 0x00000270811ac800 'java/lang/invoke/LambdaForm$MH+0x00000270811ac800'
Event: 4.112 Thread 0x00000270c11e1c50 Unloading class 0x00000270811ac400 'java/lang/invoke/LambdaForm$MH+0x00000270811ac400'
Event: 4.112 Thread 0x00000270c11e1c50 Unloading class 0x00000270811ac000 'java/lang/invoke/LambdaForm$MH+0x00000270811ac000'
Event: 4.112 Thread 0x00000270c11e1c50 Unloading class 0x00000270811abc00 'java/lang/invoke/LambdaForm$BMH+0x00000270811abc00'
Event: 4.112 Thread 0x00000270c11e1c50 Unloading class 0x00000270811ab800 'java/lang/invoke/LambdaForm$DMH+0x00000270811ab800'
Event: 4.112 Thread 0x00000270c11e1c50 Unloading class 0x00000270811aa400 'java/lang/invoke/LambdaForm$DMH+0x00000270811aa400'
Event: 5.528 Thread 0x00000270c11e1c50 Unloading class 0x0000027081333800 'java/lang/invoke/LambdaForm$MH+0x0000027081333800'
Event: 5.528 Thread 0x00000270c11e1c50 Unloading class 0x0000027081333000 'java/lang/invoke/LambdaForm$MH+0x0000027081333000'
Event: 5.528 Thread 0x00000270c11e1c50 Unloading class 0x0000027081332400 'java/lang/invoke/LambdaForm$MH+0x0000027081332400'
Event: 5.528 Thread 0x00000270c11e1c50 Unloading class 0x0000027081331c00 'java/lang/invoke/LambdaForm$MH+0x0000027081331c00'
Event: 5.528 Thread 0x00000270c11e1c50 Unloading class 0x0000027081331800 'java/lang/invoke/LambdaForm$DMH+0x0000027081331800'
Event: 5.528 Thread 0x00000270c11e1c50 Unloading class 0x0000027081330c00 'java/lang/invoke/LambdaForm$MH+0x0000027081330c00'

Classes redefined (0 events):
No events

Internal exceptions (20 events):
Event: 5.267 Thread 0x00000270c92250d0 Exception <a 'java/lang/NoSuchMethodError'{0x00000000eb8ab518}: 'java.lang.Object java.lang.invoke.DirectMethodHandle$Holder.invokeStatic(java.lang.Object, int, java.lang.Object, java.lang.Object)'> (0x00000000eb8ab518) 
thrown [s\open\src\hotspot\share\interpreter\linkResolver.cpp, line 774]
Event: 5.267 Thread 0x00000270c92250d0 Exception <a 'java/lang/NoSuchMethodError'{0x00000000eb923728}: 'java.lang.Object java.lang.invoke.DelegatingMethodHandle$Holder.delegate(java.lang.Object, int, java.lang.Object, java.lang.Object)'> (0x00000000eb923728) 
thrown [s\open\src\hotspot\share\interpreter\linkResolver.cpp, line 774]
Event: 5.268 Thread 0x00000270c92250d0 Implicit null exception at 0x00000270e9bf10f6 to 0x00000270e9bf1414
Event: 5.270 Thread 0x00000270c92250d0 Exception <a 'java/lang/NoSuchMethodError'{0x00000000eb9462e8}: 'int java.lang.invoke.Invokers$Holder.linkToTargetMethod(java.lang.Object, java.lang.Object, java.lang.Object)'> (0x00000000eb9462e8) 
thrown [s\open\src\hotspot\share\interpreter\linkResolver.cpp, line 774]
Event: 5.307 Thread 0x00000270c9227830 Exception <a 'java/lang/NoSuchMethodError'{0x00000000ebb53810}: 'java.lang.Object java.lang.invoke.DirectMethodHandle$Holder.invokeSpecialIFC(java.lang.Object, java.lang.Object, java.lang.Object, java.lang.Object)'> (0x00000000ebb53810) 
thrown [s\open\src\hotspot\share\interpreter\linkResolver.cpp, line 774]
Event: 5.346 Thread 0x00000270c8b23870 Exception <a 'java/lang/NoSuchMethodError'{0x00000000eabfc358}: 'void java.lang.invoke.DirectMethodHandle$Holder.invokeStaticInit(java.lang.Object, java.lang.Object, java.lang.Object, java.lang.Object)'> (0x00000000eabfc358) 
thrown [s\open\src\hotspot\share\interpreter\linkResolver.cpp, line 774]
Event: 5.424 Thread 0x00000270d7920a10 Exception <a 'java/lang/NoSuchMethodError'{0x00000000ebbf1ca0}: 'java.lang.Object java.lang.invoke.DirectMethodHandle$Holder.invokeStatic(java.lang.Object, long, java.lang.Object)'> (0x00000000ebbf1ca0) 
thrown [s\open\src\hotspot\share\interpreter\linkResolver.cpp, line 774]
Event: 5.425 Thread 0x00000270d7920a10 Exception <a 'java/lang/NoSuchMethodError'{0x00000000ebc20f58}: 'java.lang.Object java.lang.invoke.DirectMethodHandle$Holder.invokeStaticInit(java.lang.Object, long, java.lang.Object)'> (0x00000000ebc20f58) 
thrown [s\open\src\hotspot\share\interpreter\linkResolver.cpp, line 774]
Event: 5.426 Thread 0x00000270d7920a10 Exception <a 'java/lang/NoSuchMethodError'{0x00000000ebc31238}: 'java.lang.Object java.lang.invoke.DirectMethodHandle$Holder.newInvokeSpecial(java.lang.Object, long)'> (0x00000000ebc31238) 
thrown [s\open\src\hotspot\share\interpreter\linkResolver.cpp, line 774]
Event: 5.434 Thread 0x00000270c9229f90 Exception <a 'java/io/FileNotFoundException'{0x00000000ebd7d580}> (0x00000000ebd7d580) 
thrown [s\open\src\hotspot\share\prims\jni.cpp, line 520]
Event: 5.794 Thread 0x00000270c9227830 Exception <a 'java/lang/NoClassDefFoundError'{0x00000000eb434138}: javax/enterprise/inject/Typed> (0x00000000eb434138) 
thrown [s\open\src\hotspot\share\classfile\systemDictionary.cpp, line 302]
Event: 5.917 Thread 0x00000270d7920a10 Exception <a 'java/lang/NoSuchMethodError'{0x00000000ebceb090}: 'void java.lang.invoke.DirectMethodHandle$Holder.invokeSpecial(java.lang.Object, java.lang.Object, java.lang.Object, java.lang.Object, java.lang.Object, java.lang.Object)'> (0x00000000ebceb090) 
thrown [s\open\src\hotspot\share\interpreter\linkResolver.cpp, line 774]
Event: 5.920 Thread 0x00000270d7920a10 Exception <a 'java/lang/IncompatibleClassChangeError'{0x00000000ebcf3098}: Found class java.lang.Object, but interface was expected> (0x00000000ebcf3098) 
thrown [s\open\src\hotspot\share\interpreter\linkResolver.cpp, line 841]
Event: 5.921 Thread 0x00000270d7920a10 Exception <a 'java/lang/IncompatibleClassChangeError'{0x00000000ebcf4f20}: Found class java.lang.Object, but interface was expected> (0x00000000ebcf4f20) 
thrown [s\open\src\hotspot\share\interpreter\linkResolver.cpp, line 841]
Event: 7.063 Thread 0x00000270c9227830 Exception <a 'java/lang/NoSuchMethodError'{0x00000000eb306928}: 'void java.lang.invoke.DirectMethodHandle$Holder.invokeStaticInit(java.lang.Object, java.lang.Object, java.lang.Object)'> (0x00000000eb306928) 
thrown [s\open\src\hotspot\share\interpreter\linkResolver.cpp, line 774]
Event: 7.066 Thread 0x00000270c9227830 Exception <a 'java/lang/ExceptionInInitializerError'{0x00000000eb33b308}> (0x00000000eb33b308) 
thrown [s\open\src\hotspot\share\oops\instanceKlass.cpp, line 1247]
Event: 7.100 Thread 0x00000270c9227830 Implicit null exception at 0x00000270e9b42c7e to 0x00000270e9b42ef0
Event: 7.100 Thread 0x00000270c9227830 Implicit null exception at 0x00000270e9a62898 to 0x00000270e9a63758
Event: 7.103 Thread 0x00000270c9227830 Exception <a 'java/lang/NoSuchMethodError'{0x00000000eb4be2a0}: 'java.lang.Object java.lang.invoke.Invokers$Holder.invokeExact_MT(java.lang.Object, int, java.lang.Object)'> (0x00000000eb4be2a0) 
thrown [s\open\src\hotspot\share\interpreter\linkResolver.cpp, line 774]
Event: 7.443 Thread 0x00000270c9227830 Exception <a 'java/lang/NoClassDefFoundError'{0x00000000eab6ac88}: com/google/inject/servlet/ServletModuleTargetVisitor> (0x00000000eab6ac88) 
thrown [s\open\src\hotspot\share\classfile\systemDictionary.cpp, line 302]

ZGC Phase Switch (0 events):
No events

VM Operations (20 events):
Event: 5.777 Executing VM operation: HandshakeAllThreads (Deoptimize)
Event: 5.777 Executing VM operation: HandshakeAllThreads (Deoptimize) done
Event: 5.963 Executing VM operation: ParallelGCFailedAllocation (Allocation Failure)
Event: 5.965 Executing VM operation: ParallelGCFailedAllocation (Allocation Failure) done
Event: 6.445 Executing VM operation: ParallelGCFailedAllocation (Allocation Failure)
Event: 6.447 Executing VM operation: ParallelGCFailedAllocation (Allocation Failure) done
Event: 6.561 Executing VM operation: HandshakeAllThreads (Deoptimize)
Event: 6.561 Executing VM operation: HandshakeAllThreads (Deoptimize) done
Event: 6.842 Executing VM operation: HandshakeAllThreads (Deoptimize)
Event: 6.842 Executing VM operation: HandshakeAllThreads (Deoptimize) done
Event: 6.882 Executing VM operation: ParallelGCFailedAllocation (Allocation Failure)
Event: 6.884 Executing VM operation: ParallelGCFailedAllocation (Allocation Failure) done
Event: 7.143 Executing VM operation: HandshakeAllThreads (Deoptimize)
Event: 7.143 Executing VM operation: HandshakeAllThreads (Deoptimize) done
Event: 7.413 Executing VM operation: ICBufferFull
Event: 7.413 Executing VM operation: ICBufferFull done
Event: 7.433 Executing VM operation: ParallelGCFailedAllocation (Allocation Failure)
Event: 7.435 Executing VM operation: ParallelGCFailedAllocation (Allocation Failure) done
Event: 7.526 Executing VM operation: HandshakeAllThreads (Deoptimize)
Event: 7.526 Executing VM operation: HandshakeAllThreads (Deoptimize) done

Events (20 events):
Event: 5.544 Thread 0x00000270c11e1c50 flushing nmethod 0x00000270e2625b90
Event: 5.544 Thread 0x00000270c11e1c50 flushing nmethod 0x00000270e264b890
Event: 5.544 Thread 0x00000270c11e1c50 flushing nmethod 0x00000270e265f810
Event: 5.544 Thread 0x00000270c11e1c50 flushing nmethod 0x00000270e2699610
Event: 5.544 Thread 0x00000270c11e1c50 flushing nmethod 0x00000270e269a290
Event: 5.544 Thread 0x00000270c11e1c50 flushing nmethod 0x00000270e269ab90
Event: 5.544 Thread 0x00000270c11e1c50 flushing nmethod 0x00000270e269bd90
Event: 5.544 Thread 0x00000270c11e1c50 flushing nmethod 0x00000270e269c590
Event: 5.544 Thread 0x00000270c11e1c50 flushing nmethod 0x00000270e269cd10
Event: 5.544 Thread 0x00000270c11e1c50 flushing nmethod 0x00000270e269d690
Event: 5.544 Thread 0x00000270c11e1c50 flushing nmethod 0x00000270e269db90
Event: 5.544 Thread 0x00000270c11e1c50 flushing nmethod 0x00000270e269f010
Event: 5.544 Thread 0x00000270c11e1c50 flushing nmethod 0x00000270e26a0410
Event: 5.544 Thread 0x00000270c11e1c50 flushing nmethod 0x00000270e26a1e90
Event: 5.544 Thread 0x00000270c11e1c50 flushing nmethod 0x00000270e26a3890
Event: 5.847 Thread 0x00000270cbd909f0 Thread added: 0x00000270cbd909f0
Event: 5.958 Thread 0x00000270cb820500 Thread added: 0x00000270cb820500
Event: 5.958 Thread 0x00000270cb821f40 Thread added: 0x00000270cb821f40
Event: 6.650 Thread 0x00000270cbd909f0 Thread exited: 0x00000270cbd909f0
Event: 6.651 Thread 0x00000270c9d55d40 Thread exited: 0x00000270c9d55d40


Dynamic libraries:
0x00007ff64d5c0000 - 0x00007ff64d5d0000 	C:\Program Files\Java\jdk-22\bin\java.exe
0x00007ffb21270000 - 0x00007ffb21487000 	C:\windows\SYSTEM32\ntdll.dll
0x00007ffb20a10000 - 0x00007ffb20ad4000 	C:\windows\System32\KERNEL32.DLL
0x00007ffb1e530000 - 0x00007ffb1e903000 	C:\windows\System32\KERNELBASE.dll
0x00007ffb172b0000 - 0x00007ffb17347000 	C:\windows\SYSTEM32\apphelp.dll
0x00007ffb1ed60000 - 0x00007ffb1ee71000 	C:\windows\System32\ucrtbase.dll
0x00007ffaf5710000 - 0x00007ffaf5727000 	C:\Program Files\Java\jdk-22\bin\jli.dll
0x00007ffaf0650000 - 0x00007ffaf066b000 	C:\Program Files\Java\jdk-22\bin\VCRUNTIME140.dll
0x00007ffb207b0000 - 0x00007ffb20861000 	C:\windows\System32\ADVAPI32.dll
0x00007ffb1f9d0000 - 0x00007ffb1fa77000 	C:\windows\System32\msvcrt.dll
0x00007ffb20fe0000 - 0x00007ffb21087000 	C:\windows\System32\sechost.dll
0x00007ffb1e910000 - 0x00007ffb1e938000 	C:\windows\System32\bcrypt.dll
0x00007ffb21110000 - 0x00007ffb21224000 	C:\windows\System32\RPCRT4.dll
0x00007ffb1fa80000 - 0x00007ffb1fc31000 	C:\windows\System32\USER32.dll
0x00007ffb1e940000 - 0x00007ffb1e966000 	C:\windows\System32\win32u.dll
0x00007ffaff980000 - 0x00007ffaffc1b000 	C:\windows\WinSxS\amd64_microsoft.windows.common-controls_6595b64144ccf1df_6.0.22621.5262_none_2712bde373830908\COMCTL32.dll
0x00007ffb20870000 - 0x00007ffb20899000 	C:\windows\System32\GDI32.dll
0x00007ffb1e360000 - 0x00007ffb1e482000 	C:\windows\System32\gdi32full.dll
0x00007ffb1e490000 - 0x00007ffb1e52a000 	C:\windows\System32\msvcp_win.dll
0x00007ffb12750000 - 0x00007ffb1275a000 	C:\windows\SYSTEM32\VERSION.dll
0x00007ffb20cb0000 - 0x00007ffb20ce1000 	C:\windows\System32\IMM32.DLL
0x00007ffafd290000 - 0x00007ffafd29c000 	C:\Program Files\Java\jdk-22\bin\vcruntime140_1.dll
0x00007ffae6fd0000 - 0x00007ffae705e000 	C:\Program Files\Java\jdk-22\bin\msvcp140.dll
0x00007ffabd4c0000 - 0x00007ffabe207000 	C:\Program Files\Java\jdk-22\bin\server\jvm.dll
0x00007ffb1f950000 - 0x00007ffb1f9c1000 	C:\windows\System32\WS2_32.dll
0x00007ffb1e080000 - 0x00007ffb1e0cd000 	C:\windows\SYSTEM32\POWRPROF.dll
0x00007ffb17250000 - 0x00007ffb17284000 	C:\windows\SYSTEM32\WINMM.dll
0x00007ffb1e060000 - 0x00007ffb1e073000 	C:\windows\SYSTEM32\UMPDC.dll
0x00007ffb1d370000 - 0x00007ffb1d388000 	C:\windows\SYSTEM32\kernel.appcore.dll
0x00007ffafd0b0000 - 0x00007ffafd0ba000 	C:\Program Files\Java\jdk-22\bin\jimage.dll
0x00007ffb1bd50000 - 0x00007ffb1bf82000 	C:\windows\SYSTEM32\DBGHELP.DLL
0x00007ffb1fdc0000 - 0x00007ffb20153000 	C:\windows\System32\combase.dll
0x00007ffb20ba0000 - 0x00007ffb20c77000 	C:\windows\System32\OLEAUT32.dll
0x00007ffafae70000 - 0x00007ffafaea2000 	C:\windows\SYSTEM32\dbgcore.DLL
0x00007ffb1ee80000 - 0x00007ffb1eefb000 	C:\windows\System32\bcryptPrimitives.dll
0x00007ffafc950000 - 0x00007ffafc95f000 	C:\Program Files\Java\jdk-22\bin\instrument.dll
0x00007ffaef9d0000 - 0x00007ffaef9ee000 	C:\Program Files\Java\jdk-22\bin\java.dll
0x00007ffb1ef00000 - 0x00007ffb1f79d000 	C:\windows\System32\SHELL32.dll
0x00007ffb1ec20000 - 0x00007ffb1ed5f000 	C:\windows\System32\wintypes.dll
0x00007ffb1f7a0000 - 0x00007ffb1f941000 	C:\windows\System32\ole32.dll
0x00007ffb1c250000 - 0x00007ffb1cb6d000 	C:\windows\SYSTEM32\windows.storage.dll
0x00007ffb20e00000 - 0x00007ffb20f0b000 	C:\windows\System32\SHCORE.dll
0x00007ffb20d80000 - 0x00007ffb20de6000 	C:\windows\System32\shlwapi.dll
0x00007ffb1e290000 - 0x00007ffb1e2bb000 	C:\windows\SYSTEM32\profapi.dll
0x00007ffae6ef0000 - 0x00007ffae6fc7000 	C:\Program Files\Java\jdk-22\bin\jsvml.dll
0x00007ffaef9b0000 - 0x00007ffaef9c7000 	C:\Program Files\Java\jdk-22\bin\zip.dll
0x00007ffaf8cc0000 - 0x00007ffaf8cd0000 	C:\Program Files\Java\jdk-22\bin\net.dll
0x00007ffb1d820000 - 0x00007ffb1d88a000 	C:\windows\system32\mswsock.dll
0x00007ffaed180000 - 0x00007ffaed196000 	C:\Program Files\Java\jdk-22\bin\nio.dll
0x00007ffaf8490000 - 0x00007ffaf84a0000 	C:\Program Files\Java\jdk-22\bin\verify.dll
0x00007ffb032d0000 - 0x00007ffb03315000 	C:\Users\HP\AppData\Roaming\Code\User\globalStorage\redhat.java\1.42.0\config_win\org.eclipse.equinox.launcher\org.eclipse.equinox.launcher.win32.win32.x86_64_1.2.1300.v20250331-1702\eclipse_11911.dll
0x00007ffb1da70000 - 0x00007ffb1da8b000 	C:\windows\SYSTEM32\CRYPTSP.dll
0x00007ffb1d2d0000 - 0x00007ffb1d307000 	C:\windows\system32\rsaenh.dll
0x00007ffb1d910000 - 0x00007ffb1d938000 	C:\windows\SYSTEM32\USERENV.dll
0x00007ffb1da90000 - 0x00007ffb1da9c000 	C:\windows\SYSTEM32\CRYPTBASE.dll
0x00007ffb1cdd0000 - 0x00007ffb1cdfd000 	C:\windows\SYSTEM32\IPHLPAPI.DLL
0x00007ffb20a00000 - 0x00007ffb20a09000 	C:\windows\System32\NSI.dll
0x00007ffad0250000 - 0x00007ffad0299000 	C:\Users\HP\AppData\Local\Temp\jna-2312\jna15050648094828352418.dll
0x00007ffb20df0000 - 0x00007ffb20df8000 	C:\windows\System32\PSAPI.DLL
0x00007ffb1ade0000 - 0x00007ffb1af0c000 	C:\windows\SYSTEM32\winhttp.dll
0x00007ffb17ba0000 - 0x00007ffb17bb9000 	C:\windows\SYSTEM32\dhcpcsvc6.DLL
0x00007ffb17b80000 - 0x00007ffb17b9f000 	C:\windows\SYSTEM32\dhcpcsvc.DLL

dbghelp: loaded successfully - version: 4.0.5 - missing functions: none
symbol engine: initialized successfully - sym options: 0x614 - pdb path: .;C:\Program Files\Java\jdk-22\bin;C:\windows\SYSTEM32;C:\windows\WinSxS\amd64_microsoft.windows.common-controls_6595b64144ccf1df_6.0.22621.5262_none_2712bde373830908;C:\Program Files\Java\jdk-22\bin\server;C:\Users\HP\AppData\Roaming\Code\User\globalStorage\redhat.java\1.42.0\config_win\org.eclipse.equinox.launcher\org.eclipse.equinox.launcher.win32.win32.x86_64_1.2.1300.v20250331-1702;C:\Users\HP\AppData\Local\Temp\jna-2312

VM Arguments:
jvm_args: --add-modules=ALL-SYSTEM --add-opens=java.base/java.util=ALL-UNNAMED --add-opens=java.base/java.lang=ALL-UNNAMED --add-opens=java.base/sun.nio.fs=ALL-UNNAMED -Declipse.application=org.eclipse.jdt.ls.core.id1 -Dosgi.bundles.defaultStartLevel=4 -Declipse.product=org.eclipse.jdt.ls.core.product -Djava.import.generatesMetadataFilesAtProjectRoot=false -DDetectVMInstallationsJob.disabled=true -Dfile.encoding=utf8 -XX:+UseParallelGC -XX:GCTimeRatio=4 -XX:AdaptiveSizePolicyWeight=90 -Dsun.zip.disableMemoryMapping=true -Xmx1G -Xms100m -Xlog:disable -javaagent:c:\Users\HP\.vscode\extensions\redhat.java-1.42.0-win32-x64\lombok\lombok-1.18.36.jar -XX:+HeapDumpOnOutOfMemoryError -XX:HeapDumpPath=c:\Users\HP\AppData\Roaming\Code\User\workspaceStorage\a191084d66a606cee6cd112924da2eaf\redhat.java -Daether.dependencyCollector.impl=bf 
java_command: c:\Users\HP\.vscode\extensions\redhat.java-1.42.0-win32-x64\server\plugins\org.eclipse.equinox.launcher_1.7.0.v20250424-1814.jar -configuration c:\Users\HP\AppData\Roaming\Code\User\globalStorage\redhat.java\1.42.0\config_win -data c:\Users\HP\AppData\Roaming\Code\User\workspaceStorage\a191084d66a606cee6cd112924da2eaf\redhat.java\jdt_ws --pipe=\\.\pipe\lsp-c7721b055642315c3620930418dfc4fc-sock
java_class_path (initial): c:\Users\HP\.vscode\extensions\redhat.java-1.42.0-win32-x64\server\plugins\org.eclipse.equinox.launcher_1.7.0.v20250424-1814.jar
Launcher Type: SUN_STANDARD

[Global flags]
     uint AdaptiveSizePolicyWeight                 = 90                                        {product} {command line}
     intx CICompilerCount                          = 12                                        {product} {ergonomic}
     uint GCTimeRatio                              = 4                                         {product} {command line}
     bool HeapDumpOnOutOfMemoryError               = true                                   {manageable} {command line}
    ccstr HeapDumpPath                             = c:\Users\HP\AppData\Roaming\Code\User\workspaceStorage\a191084d66a606cee6cd112924da2eaf\redhat.java         {manageable} {command line}
   size_t InitialHeapSize                          = 104857600                                 {product} {command line}
   size_t MaxHeapSize                              = 1073741824                                {product} {command line}
   size_t MaxNewSize                               = 357564416                                 {product} {ergonomic}
   size_t MinHeapDeltaBytes                        = 524288                                    {product} {ergonomic}
   size_t MinHeapSize                              = 104857600                                 {product} {command line}
   size_t NewSize                                  = 34603008                                  {product} {ergonomic}
    uintx NonNMethodCodeHeapSize                   = 7602480                                {pd product} {ergonomic}
    uintx NonProfiledCodeHeapSize                  = 122027880                              {pd product} {ergonomic}
   size_t OldSize                                  = 70254592                                  {product} {ergonomic}
    uintx ProfiledCodeHeapSize                     = 122027880                              {pd product} {ergonomic}
    uintx ReservedCodeCacheSize                    = 251658240                              {pd product} {ergonomic}
     bool SegmentedCodeCache                       = true                                      {product} {ergonomic}
   size_t SoftMaxHeapSize                          = 1073741824                             {manageable} {ergonomic}
     bool UseCompressedOops                        = true                           {product lp64_product} {ergonomic}
     bool UseLargePagesIndividualAllocation        = false                                  {pd product} {ergonomic}
     bool UseParallelGC                            = true                                      {product} {command line}

Logging:
Log output configuration:
 #0: stdout all=off uptime,level,tags foldmultilines=false
 #1: stderr all=off uptime,level,tags foldmultilines=false

Environment Variables:
JAVA_HOME=C:\Program Files\Java\jdk-22
PATH=C:\Program Files (x86)\Google\Chrome\Application;C:\Python312\Scripts\;C:\Python312\;C:\Program Files\Common Files\Oracle\Java\javapath;C:\windows\system32;C:\windows;C:\windows\System32\Wbem;C:\windows\System32\WindowsPowerShell\v1.0\;C:\windows\System32\OpenSSH\;C:\Program Files\Git\cmd;C:\Program Files\Git\mingw64\bin;C:\Program Files\Git\usr\bin;C:\Program Files (x86)\Windows Kits\10\Windows Performance Toolkit\;C:\src\flutter\bin;C:\ProgramData\chocolatey\bin;C:\Users\HP\AppData\Local\Pub\Cache\bin;C:\Program Files\Docker\Docker\resources\bin;C:\Program Files\MongoDB\Server\8.0\bin;C:\Program Files\nodejs\;C:\Program Files\Java\jdk-22\bin;C:\Program Files\MySQL\MySQL Shell 8.0\bin\;C:\Users\HP\AppData\Local\Microsoft\WindowsApps;C:\Users\HP\AppData\Local\Programs\Microsoft VS Code\bin;C:\MinGW\bin;C:\src\flutter\bin;C:\Users\HP\AppData\Local\GitHubDesktop\bin;C:\mongsh\;C:\Program Files\MongoDB\Server\8.0\bin;C:\Users\HP\AppData\Roaming\npm;D:\modelsim_ase\win32aloem;C:\Users\HP\AppData\Local\Programs\cursor\resources\app\bin
USERNAME=HP
OS=Windows_NT
PROCESSOR_IDENTIFIER=Intel64 Family 6 Model 154 Stepping 3, GenuineIntel
TMP=C:\Users\HP\AppData\Local\Temp
TEMP=C:\Users\HP\AppData\Local\Temp




Periodic native trim disabled

---------------  S Y S T E M  ---------------

OS:
 Windows 11 , 64 bit Build 22621 (10.0.22621.5262)
OS uptime: 0 days 18:35 hours
Hyper-V role detected

CPU: total 16 (initial active 16) (8 cores per cpu, 2 threads per core) family 6 model 154 stepping 3 microcode 0x432, cx8, cmov, fxsr, ht, mmx, 3dnowpref, sse, sse2, sse3, ssse3, sse4.1, sse4.2, popcnt, lzcnt, tsc, tscinvbit, avx, avx2, aes, erms, clmul, bmi1, bmi2, adx, sha, fma, vzeroupper, clflush, clflushopt, clwb, hv, serialize, rdtscp, rdpid, fsrm, f16c, cet_ibt, cet_ss
Processor Information for processor 0
  Max Mhz: 1700, Current Mhz: 1700, Mhz Limit: 1700
Processor Information for processor 1
  Max Mhz: 1700, Current Mhz: 1700, Mhz Limit: 1700
Processor Information for processor 2
  Max Mhz: 1700, Current Mhz: 1700, Mhz Limit: 1700
Processor Information for processor 3
  Max Mhz: 1700, Current Mhz: 1700, Mhz Limit: 1700
Processor Information for processor 4
  Max Mhz: 1700, Current Mhz: 1700, Mhz Limit: 1700
Processor Information for processor 5
  Max Mhz: 1700, Current Mhz: 1700, Mhz Limit: 1700
Processor Information for processor 6
  Max Mhz: 1700, Current Mhz: 1700, Mhz Limit: 1700
Processor Information for processor 7
  Max Mhz: 1700, Current Mhz: 1700, Mhz Limit: 1700
Processor Information for processor 8
  Max Mhz: 1700, Current Mhz: 1200, Mhz Limit: 1190
Processor Information for processor 9
  Max Mhz: 1700, Current Mhz: 1200, Mhz Limit: 1190
Processor Information for processor 10
  Max Mhz: 1700, Current Mhz: 1200, Mhz Limit: 1190
Processor Information for processor 11
  Max Mhz: 1700, Current Mhz: 1200, Mhz Limit: 1190
Processor Information for processor 12
  Max Mhz: 1700, Current Mhz: 1200, Mhz Limit: 1190
Processor Information for processor 13
  Max Mhz: 1700, Current Mhz: 1200, Mhz Limit: 1190
Processor Information for processor 14
  Max Mhz: 1700, Current Mhz: 1200, Mhz Limit: 1190
Processor Information for processor 15
  Max Mhz: 1700, Current Mhz: 1200, Mhz Limit: 1190

Memory: 4k page, system-wide physical 16052M (4945M free)
TotalPageFile size 16052M (AvailPageFile size 5M)
current process WorkingSet (physical memory assigned to process): 247M, peak: 256M
current process commit charge ("private bytes"): 357M, peak: 365M

vm_info: Java HotSpot(TM) 64-Bit Server VM (22.0.1+8-16) for windows-amd64 JRE (22.0.1+8-16), built on 2024-03-12T10:33:16Z by "mach5one" with MS VC++ 17.6 (VS2022)

END.
