#
# There is insufficient memory for the Java Runtime Environment to continue.
# Native memory allocation (malloc) failed to allocate 151024 bytes. Error detail: Chunk::new
# Possible reasons:
#   The system is out of physical RAM or swap space
#   This process is running with CompressedOops enabled, and the Java Heap may be blocking the growth of the native heap
# Possible solutions:
#   Reduce memory load on the system
#   Increase physical memory or swap space
#   Check if swap backing store is full
#   Decrease Java heap size (-Xmx/-Xms)
#   Decrease number of Java threads
#   Decrease Java thread stack sizes (-Xss)
#   Set larger code cache with -XX:ReservedCodeCacheSize=
#   JVM is running with Unscaled Compressed Oops mode in which the Java heap is
#     placed in the first 4GB address space. The Java Heap base address is the
#     maximum limit for the native heap growth. Please use -XX:HeapBaseMinAddress
#     to set the Java Heap base and to place the Java Heap above 4GB virtual address.
# This output file may be truncated or incomplete.
#
#  Out of Memory Error (arena.cpp:150), pid=25212, tid=8164
#
# JRE version: Java(TM) SE Runtime Environment (22.0.1+8) (build 22.0.1+8-16)
# Java VM: Java HotSpot(TM) 64-Bit Server VM (22.0.1+8-16, mixed mode, sharing, tiered, compressed oops, compressed class ptrs, parallel gc, windows-amd64)
# No core dump will be written. Minidumps are not enabled by default on client versions of Windows
#

---------------  S U M M A R Y ------------

Command Line: --add-modules=ALL-SYSTEM --add-opens=java.base/java.util=ALL-UNNAMED --add-opens=java.base/java.lang=ALL-UNNAMED --add-opens=java.base/sun.nio.fs=ALL-UNNAMED -Declipse.application=org.eclipse.jdt.ls.core.id1 -Dosgi.bundles.defaultStartLevel=4 -Declipse.product=org.eclipse.jdt.ls.core.product -Djava.import.generatesMetadataFilesAtProjectRoot=false -DDetectVMInstallationsJob.disabled=true -Dfile.encoding=utf8 -XX:+UseParallelGC -XX:GCTimeRatio=4 -XX:AdaptiveSizePolicyWeight=90 -Dsun.zip.disableMemoryMapping=true -Xmx1G -Xms100m -Xlog:disable -javaagent:c:\Users\HP\.vscode\extensions\redhat.java-1.42.0-win32-x64\lombok\lombok-1.18.36.jar -XX:+HeapDumpOnOutOfMemoryError -XX:HeapDumpPath=c:\Users\HP\AppData\Roaming\Code\User\workspaceStorage\a191084d66a606cee6cd112924da2eaf\redhat.java -Daether.dependencyCollector.impl=bf c:\Users\HP\.vscode\extensions\redhat.java-1.42.0-win32-x64\server\plugins\org.eclipse.equinox.launcher_1.7.0.v20250424-1814.jar -configuration c:\Users\HP\AppData\Roaming\Code\User\globalStorage\redhat.java\1.42.0\config_win -data c:\Users\HP\AppData\Roaming\Code\User\workspaceStorage\a191084d66a606cee6cd112924da2eaf\redhat.java\jdt_ws --pipe=\\.\pipe\lsp-07d88d9c7281a71a9206bbb789fe2d52-sock

Host: 12th Gen Intel(R) Core(TM) i5-1240P, 16 cores, 15G,  Windows 11 , 64 bit Build 22621 (10.0.22621.5262)
Time: Mon Jun 23 15:02:55 2025 India Standard Time elapsed time: 3.295323 seconds (0d 0h 0m 3s)

---------------  T H R E A D  ---------------

Current thread (0x000001ff7f12b710):  JavaThread "C2 CompilerThread1" daemon [_thread_in_native, id=8164, stack(0x00000091af700000,0x00000091af800000) (1024K)]


Current CompileTask:
C2:3295 3542   !   4       java.io.BufferedInputStream::read (69 bytes)

Stack: [0x00000091af700000,0x00000091af800000]
Native frames: (J=compiled Java code, j=interpreted, Vv=VM code, C=native code)
V  [jvm.dll+0x6e2279]  (no source info available)
V  [jvm.dll+0x874e33]  (no source info available)
V  [jvm.dll+0x87725e]  (no source info available)
V  [jvm.dll+0x877933]  (no source info available)
V  [jvm.dll+0x27fd76]  (no source info available)
V  [jvm.dll+0xc3d0f]  (no source info available)
V  [jvm.dll+0xc3f6b]  (no source info available)
V  [jvm.dll+0x3bb10c]  (no source info available)
V  [jvm.dll+0x1df87e]  (no source info available)
V  [jvm.dll+0x247a5c]  (no source info available)
V  [jvm.dll+0x246fbf]  (no source info available)
V  [jvm.dll+0x1c4e90]  (no source info available)
V  [jvm.dll+0x2569fe]  (no source info available)
V  [jvm.dll+0x254cba]  (no source info available)
V  [jvm.dll+0x3f5336]  (no source info available)
V  [jvm.dll+0x81d44b]  (no source info available)
V  [jvm.dll+0x6e0915]  (no source info available)
C  [ucrtbase.dll+0x29333]  (no source info available)
C  [KERNEL32.DLL+0x1259d]  (no source info available)
C  [ntdll.dll+0x5af58]  (no source info available)


---------------  P R O C E S S  ---------------

Threads class SMR info:
_java_thread_list=0x000001ff06fec1e0, length=41, elements={
0x000001ff234af470, 0x000001ff3c9cc680, 0x000001ff3c9cd5a0, 0x000001ff3c9d2db0,
0x000001ff3c9d6bf0, 0x000001ff3c9d8150, 0x000001ff3c9dc1d0, 0x000001ff3c9dd970,
0x000001ff7ef911a0, 0x000001ff7f053990, 0x000001ff7f1182a0, 0x000001ff7f1273e0,
0x000001ff7f12b710, 0x000001ff7f11aa00, 0x000001ff7f119ce0, 0x000001ff7f118930,
0x000001ff7f119650, 0x000001ff7f118fc0, 0x000001ff7f11a370, 0x000001ff7f11b090,
0x000001ff0558afd0, 0x000001ff0558bcf0, 0x000001ff0558a2b0, 0x000001ff0558b660,
0x000001ff0558a940, 0x000001ff0558c380, 0x000001ff05589590, 0x000001ff0558ca10,
0x000001ff060287f0, 0x000001ff06027440, 0x000001ff0602a230, 0x000001ff06029510,
0x000001ff06026db0, 0x000001ff05ca71a0, 0x000001ff05f13430, 0x000001ff05b81a10,
0x000001ff06029ba0, 0x000001ff0602a8c0, 0x000001ff071016c0, 0x000001ff0602af50,
0x000001ff06028160
}

Java Threads: ( => current thread )
  0x000001ff234af470 JavaThread "main"                              [_thread_blocked, id=9148, stack(0x00000091ae800000,0x00000091ae900000) (1024K)]
  0x000001ff3c9cc680 JavaThread "Reference Handler"          daemon [_thread_blocked, id=176, stack(0x00000091aec00000,0x00000091aed00000) (1024K)]
  0x000001ff3c9cd5a0 JavaThread "Finalizer"                  daemon [_thread_blocked, id=25940, stack(0x00000091aed00000,0x00000091aee00000) (1024K)]
  0x000001ff3c9d2db0 JavaThread "Signal Dispatcher"          daemon [_thread_blocked, id=30064, stack(0x00000091aee00000,0x00000091aef00000) (1024K)]
  0x000001ff3c9d6bf0 JavaThread "Attach Listener"            daemon [_thread_blocked, id=16192, stack(0x00000091aef00000,0x00000091af000000) (1024K)]
  0x000001ff3c9d8150 JavaThread "Service Thread"             daemon [_thread_blocked, id=22680, stack(0x00000091af000000,0x00000091af100000) (1024K)]
  0x000001ff3c9dc1d0 JavaThread "Monitor Deflation Thread"   daemon [_thread_blocked, id=6048, stack(0x00000091af100000,0x00000091af200000) (1024K)]
  0x000001ff3c9dd970 JavaThread "C2 CompilerThread0"         daemon [_thread_blocked, id=3500, stack(0x00000091af200000,0x00000091af300000) (1024K)]
  0x000001ff7ef911a0 JavaThread "C1 CompilerThread0"         daemon [_thread_blocked, id=28496, stack(0x00000091af300000,0x00000091af400000) (1024K)]
  0x000001ff7f053990 JavaThread "C1 CompilerThread1"         daemon [_thread_blocked, id=6252, stack(0x00000091af400000,0x00000091af500000) (1024K)]
  0x000001ff7f1182a0 JavaThread "Common-Cleaner"             daemon [_thread_blocked, id=27536, stack(0x00000091af500000,0x00000091af600000) (1024K)]
  0x000001ff7f1273e0 JavaThread "C1 CompilerThread2"         daemon [_thread_blocked, id=16244, stack(0x00000091af600000,0x00000091af700000) (1024K)]
=>0x000001ff7f12b710 JavaThread "C2 CompilerThread1"         daemon [_thread_in_native, id=8164, stack(0x00000091af700000,0x00000091af800000) (1024K)]
  0x000001ff7f11aa00 JavaThread "Notification Thread"        daemon [_thread_blocked, id=18048, stack(0x00000091af800000,0x00000091af900000) (1024K)]
  0x000001ff7f119ce0 JavaThread "Equinox resolver thread - Equinox Container: 04a9dcae-039e-49e9-8fce-47755336ad84" daemon [_thread_blocked, id=4056, stack(0x00000091b0100000,0x00000091b0200000) (1024K)]
  0x000001ff7f118930 JavaThread "Equinox resolver thread - Equinox Container: 04a9dcae-039e-49e9-8fce-47755336ad84" daemon [_thread_blocked, id=21492, stack(0x00000091b0200000,0x00000091b0300000) (1024K)]
  0x000001ff7f119650 JavaThread "Equinox resolver thread - Equinox Container: 04a9dcae-039e-49e9-8fce-47755336ad84" daemon [_thread_blocked, id=22952, stack(0x00000091b0300000,0x00000091b0400000) (1024K)]
  0x000001ff7f118fc0 JavaThread "Equinox resolver thread - Equinox Container: 04a9dcae-039e-49e9-8fce-47755336ad84" daemon [_thread_blocked, id=3504, stack(0x00000091b0400000,0x00000091b0500000) (1024K)]
  0x000001ff7f11a370 JavaThread "Equinox resolver thread - Equinox Container: 04a9dcae-039e-49e9-8fce-47755336ad84" daemon [_thread_blocked, id=29516, stack(0x00000091b0500000,0x00000091b0600000) (1024K)]
  0x000001ff7f11b090 JavaThread "Equinox resolver thread - Equinox Container: 04a9dcae-039e-49e9-8fce-47755336ad84" daemon [_thread_blocked, id=17732, stack(0x00000091b0600000,0x00000091b0700000) (1024K)]
  0x000001ff0558afd0 JavaThread "Bundle File Closer"         daemon [_thread_blocked, id=23768, stack(0x00000091b0800000,0x00000091b0900000) (1024K)]
  0x000001ff0558bcf0 JavaThread "Active Thread: Equinox Container: 04a9dcae-039e-49e9-8fce-47755336ad84"        [_thread_blocked, id=472, stack(0x00000091b0900000,0x00000091b0a00000) (1024K)]
  0x000001ff0558a2b0 JavaThread "Refresh Thread: Equinox Container: 04a9dcae-039e-49e9-8fce-47755336ad84" daemon [_thread_blocked, id=23636, stack(0x00000091af900000,0x00000091afa00000) (1024K)]
  0x000001ff0558b660 JavaThread "Equinox resolver thread - Equinox Container: 04a9dcae-039e-49e9-8fce-47755336ad84" daemon [_thread_blocked, id=26396, stack(0x00000091b0000000,0x00000091b0100000) (1024K)]
  0x000001ff0558a940 JavaThread "Equinox resolver thread - Equinox Container: 04a9dcae-039e-49e9-8fce-47755336ad84" daemon [_thread_blocked, id=4716, stack(0x00000091b0a00000,0x00000091b0b00000) (1024K)]
  0x000001ff0558c380 JavaThread "Equinox resolver thread - Equinox Container: 04a9dcae-039e-49e9-8fce-47755336ad84" daemon [_thread_blocked, id=1364, stack(0x00000091b0b00000,0x00000091b0c00000) (1024K)]
  0x000001ff05589590 JavaThread "Equinox resolver thread - Equinox Container: 04a9dcae-039e-49e9-8fce-47755336ad84" daemon [_thread_blocked, id=16508, stack(0x00000091b0c00000,0x00000091b0d00000) (1024K)]
  0x000001ff0558ca10 JavaThread "Equinox resolver thread - Equinox Container: 04a9dcae-039e-49e9-8fce-47755336ad84" daemon [_thread_blocked, id=29196, stack(0x00000091b0d00000,0x00000091b0e00000) (1024K)]
  0x000001ff060287f0 JavaThread "Equinox resolver thread - Equinox Container: 04a9dcae-039e-49e9-8fce-47755336ad84" daemon [_thread_blocked, id=892, stack(0x00000091b0e00000,0x00000091b0f00000) (1024K)]
  0x000001ff06027440 JavaThread "Equinox resolver thread - Equinox Container: 04a9dcae-039e-49e9-8fce-47755336ad84" daemon [_thread_blocked, id=17524, stack(0x00000091b0f00000,0x00000091b1000000) (1024K)]
  0x000001ff0602a230 JavaThread "Equinox resolver thread - Equinox Container: 04a9dcae-039e-49e9-8fce-47755336ad84" daemon [_thread_blocked, id=16124, stack(0x00000091b1000000,0x00000091b1100000) (1024K)]
  0x000001ff06029510 JavaThread "Equinox resolver thread - Equinox Container: 04a9dcae-039e-49e9-8fce-47755336ad84" daemon [_thread_blocked, id=24512, stack(0x00000091b1100000,0x00000091b1200000) (1024K)]
  0x000001ff06026db0 JavaThread "Equinox resolver thread - Equinox Container: 04a9dcae-039e-49e9-8fce-47755336ad84" daemon [_thread_blocked, id=460, stack(0x00000091b1200000,0x00000091b1300000) (1024K)]
  0x000001ff05ca71a0 JavaThread "C2 CompilerThread2"         daemon [_thread_blocked, id=20556, stack(0x00000091b1300000,0x00000091b1400000) (1024K)]
  0x000001ff05f13430 JavaThread "C2 CompilerThread3"         daemon [_thread_in_native, id=27760, stack(0x00000091b1400000,0x00000091b1500000) (1024K)]
  0x000001ff05b81a10 JavaThread "C1 CompilerThread3"         daemon [_thread_blocked, id=22620, stack(0x00000091b1500000,0x00000091b1600000) (1024K)]
  0x000001ff06029ba0 JavaThread "Framework Event Dispatcher: Equinox Container: 04a9dcae-039e-49e9-8fce-47755336ad84" daemon [_thread_blocked, id=24420, stack(0x00000091b1700000,0x00000091b1800000) (1024K)]
  0x000001ff0602a8c0 JavaThread "Start Level: Equinox Container: 04a9dcae-039e-49e9-8fce-47755336ad84" daemon [_thread_in_native, id=24288, stack(0x00000091b1800000,0x00000091b1900000) (1024K)]
  0x000001ff071016c0 JavaThread "C2 CompilerThread4"         daemon [_thread_in_native, id=12872, stack(0x00000091b1900000,0x00000091b1a00000) (1024K)]
  0x000001ff0602af50 JavaThread "SCR Component Actor"        daemon [_thread_blocked, id=27076, stack(0x00000091b1c00000,0x00000091b1d00000) (1024K)]
  0x000001ff06028160 JavaThread "SCR Component Registry"     daemon [_thread_blocked, id=22596, stack(0x00000091b1d00000,0x00000091b1e00000) (1024K)]
Total: 41

Other Threads:
  0x000001ff2354baf0 VMThread "VM Thread"                           [id=23080, stack(0x00000091aeb00000,0x00000091aec00000) (1024K)]
  0x000001ff3c8bca00 WatcherThread "VM Periodic Task Thread"        [id=6520, stack(0x00000091aea00000,0x00000091aeb00000) (1024K)]
  0x000001ff234c5990 WorkerThread "GC Thread#0"                     [id=27144, stack(0x00000091ae900000,0x00000091aea00000) (1024K)]
  0x000001ff050f51d0 WorkerThread "GC Thread#1"                     [id=18532, stack(0x00000091afa00000,0x00000091afb00000) (1024K)]
  0x000001ff052a85a0 WorkerThread "GC Thread#2"                     [id=3476, stack(0x00000091afb00000,0x00000091afc00000) (1024K)]
  0x000001ff05ac0f50 WorkerThread "GC Thread#3"                     [id=16028, stack(0x00000091afc00000,0x00000091afd00000) (1024K)]
  0x000001ff05ac1300 WorkerThread "GC Thread#4"                     [id=23532, stack(0x00000091afd00000,0x00000091afe00000) (1024K)]
  0x000001ff05ac16b0 WorkerThread "GC Thread#5"                     [id=9132, stack(0x00000091afe00000,0x00000091aff00000) (1024K)]
  0x000001ff055cac70 WorkerThread "GC Thread#6"                     [id=14888, stack(0x00000091aff00000,0x00000091b0000000) (1024K)]
  0x000001ff05b308d0 WorkerThread "GC Thread#7"                     [id=24604, stack(0x00000091b0700000,0x00000091b0800000) (1024K)]
  0x000001ff05904dc0 WorkerThread "GC Thread#8"                     [id=30120, stack(0x00000091b1600000,0x00000091b1700000) (1024K)]
  0x000001ff0741f290 WorkerThread "GC Thread#9"                     [id=15092, stack(0x00000091b1a00000,0x00000091b1b00000) (1024K)]
  0x000001ff06cf3e60 WorkerThread "GC Thread#10"                    [id=12508, stack(0x00000091b1b00000,0x00000091b1c00000) (1024K)]
  0x000001ff06cf4d20 WorkerThread "GC Thread#11"                    [id=5008, stack(0x00000091b1e00000,0x00000091b1f00000) (1024K)]
Total: 14

Threads with active compile tasks:
C2 CompilerThread1  3360 3542   !   4       java.io.BufferedInputStream::read (69 bytes)
C2 CompilerThread3  3360 3605       4       com.sun.org.apache.xerces.internal.impl.XMLEntityScanner::scanLiteral (398 bytes)
C2 CompilerThread4  3360 3523       4       java.util.zip.ZipFile$Source::initCEN (612 bytes)
Total: 3

VM state: not at safepoint (normal execution)

VM Mutex/Monitor currently owned by a thread: None

Heap address: 0x00000000c0000000, size: 1024 MB, Compressed Oops mode: 32-bit

CDS archive(s) mapped at: [0x000001ff3d000000-0x000001ff3dc60000-0x000001ff3dc60000), size 12976128, SharedBaseAddress: 0x000001ff3d000000, ArchiveRelocationMode: 1.
Compressed class space mapped at: 0x000001ff3e000000-0x000001ff7e000000, reserved size: 1073741824
Narrow klass base: 0x000001ff3d000000, Narrow klass shift: 0, Narrow klass range: 0x41000000

GC Precious Log:
 CardTable entry size: 512
 CPUs: 16 total, 16 available
 Memory: 16052M
 Large Page Support: Disabled
 NUMA Support: Disabled
 Compressed Oops: Enabled (32-bit)
 Alignments: Space 512K, Generation 512K, Heap 2M
 Heap Min Capacity: 100M
 Heap Initial Capacity: 100M
 Heap Max Capacity: 1G
 Pre-touch: Disabled
 Parallel Workers: 13

Heap:
 PSYoungGen      total 29184K, used 14223K [0x00000000eab00000, 0x00000000ed080000, 0x0000000100000000)
  eden space 25088K, 40% used [0x00000000eab00000,0x00000000eb4e9418,0x00000000ec380000)
  from space 4096K, 99% used [0x00000000ec400000,0x00000000ec7fa8b0,0x00000000ec800000)
  to   space 6656K, 0% used [0x00000000eca00000,0x00000000eca00000,0x00000000ed080000)
 ParOldGen       total 68608K, used 12968K [0x00000000c0000000, 0x00000000c4300000, 0x00000000eab00000)
  object space 68608K, 18% used [0x00000000c0000000,0x00000000c0caa2c0,0x00000000c4300000)
 Metaspace       used 13325K, committed 13760K, reserved 1114112K
  class space    used 1327K, committed 1536K, reserved 1048576K

Card table byte_map: [0x000001ff22e40000,0x000001ff23050000] _byte_map_base: 0x000001ff22840000

Marking Bits: (ParMarkBitMap*) 0x00007ffabe130b50
 Begin Bits: [0x000001ff3a7e0000, 0x000001ff3b7e0000)
 End Bits:   [0x000001ff3b7e0000, 0x000001ff3c7e0000)

Polling page: 0x000001ff21430000

Metaspace:

Usage:
  Non-class:     11.72 MB used.
      Class:      1.30 MB used.
       Both:     13.01 MB used.

Virtual space:
  Non-class space:       64.00 MB reserved,      11.94 MB ( 19%) committed,  1 nodes.
      Class space:        1.00 GB reserved,       1.50 MB ( <1%) committed,  1 nodes.
             Both:        1.06 GB reserved,      13.44 MB (  1%) committed. 

Chunk freelists:
   Non-Class:  3.97 MB
       Class:  14.56 MB
        Both:  18.53 MB

MaxMetaspaceSize: unlimited
CompressedClassSpaceSize: 1.00 GB
Initial GC threshold: 21.00 MB
Current GC threshold: 21.00 MB
CDS: on
 - commit_granule_bytes: 65536.
 - commit_granule_words: 8192.
 - virtual_space_node_default_size: 8388608.
 - enlarge_chunks_in_place: 1.
 - use_allocation_guard: 0.


Internal statistics:

num_allocs_failed_limit: 0.
num_arena_births: 300.
num_arena_deaths: 0.
num_vsnodes_births: 2.
num_vsnodes_deaths: 0.
num_space_committed: 215.
num_space_uncommitted: 0.
num_chunks_returned_to_freelist: 0.
num_chunks_taken_from_freelist: 651.
num_chunk_merges: 0.
num_chunk_splits: 432.
num_chunks_enlarged: 296.
num_inconsistent_stats: 0.

CodeHeap 'non-profiled nmethods': size=119168Kb used=1670Kb max_used=1670Kb free=117497Kb
 bounds [0x000001ff33380000, 0x000001ff335f0000, 0x000001ff3a7e0000]
CodeHeap 'profiled nmethods': size=119104Kb used=7750Kb max_used=7750Kb free=111353Kb
 bounds [0x000001ff2b7e0000, 0x000001ff2bf80000, 0x000001ff32c30000]
CodeHeap 'non-nmethods': size=7488Kb used=2937Kb max_used=2991Kb free=4550Kb
 bounds [0x000001ff32c30000, 0x000001ff32f20000, 0x000001ff33380000]
 total_blobs=4126 nmethods=3610 adapters=419
 compilation: enabled
              stopped_count=0, restarted_count=0
 full_count=0

Compilation events (20 events):
Event: 3.283 Thread 0x000001ff05f13430 nmethod 3554 0x000001ff3351b310 code [0x000001ff3351b4c0, 0x000001ff3351b8c8]
Event: 3.283 Thread 0x000001ff7ef911a0 nmethod 3562 0x000001ff2bf54490 code [0x000001ff2bf54640, 0x000001ff2bf54af8]
Event: 3.284 Thread 0x000001ff7f1273e0 nmethod 3561 0x000001ff2bf54c10 code [0x000001ff2bf54ea0, 0x000001ff2bf55a40]
Event: 3.285 Thread 0x000001ff05b81a10 3563       3       com.sun.org.apache.xerces.internal.impl.XMLDocumentFragmentScannerImpl::getFeatureDefault (36 bytes)
Event: 3.286 Thread 0x000001ff05b81a10 nmethod 3563 0x000001ff2bf55e90 code [0x000001ff2bf56060, 0x000001ff2bf562f0]
Event: 3.286 Thread 0x000001ff05b81a10 3564       3       com.sun.org.apache.xerces.internal.impl.XMLEntityManager$RewindableInputStream::read (168 bytes)
Event: 3.287 Thread 0x000001ff7ef911a0 3565       1       com.sun.org.apache.xerces.internal.impl.XMLDocumentFragmentScannerImpl::setDriver (6 bytes)
Event: 3.287 Thread 0x000001ff7ef911a0 nmethod 3565 0x000001ff3351bb10 code [0x000001ff3351bca0, 0x000001ff3351bd88]
Event: 3.287 Thread 0x000001ff05b81a10 nmethod 3564 0x000001ff2bf56410 code [0x000001ff2bf56620, 0x000001ff2bf56c40]
Event: 3.287 Thread 0x000001ff05ca71a0 nmethod 3543 0x000001ff3351be10 code [0x000001ff3351bfe0, 0x000001ff3351c5e0]
Event: 3.288 Thread 0x000001ff7ef911a0 3566       3       org.eclipse.core.internal.registry.ExtensionsParser::handleExtensionState (85 bytes)
Event: 3.289 Thread 0x000001ff05b81a10 3567  s    3       org.eclipse.core.internal.registry.RegistryObjectManager::getObject (7 bytes)
Event: 3.289 Thread 0x000001ff05b81a10 nmethod 3567 0x000001ff2bf56e10 code [0x000001ff2bf56fc0, 0x000001ff2bf571c0]
Event: 3.290 Thread 0x000001ff7ef911a0 nmethod 3566 0x000001ff2bf57290 code [0x000001ff2bf57560, 0x000001ff2bf588a8]
Event: 3.290 Thread 0x000001ff7f053990 3568       3       org.eclipse.core.internal.registry.KeyedHashSet::getByKey (113 bytes)
Event: 3.291 Thread 0x000001ff7f053990 nmethod 3568 0x000001ff2bf59290 code [0x000001ff2bf594e0, 0x000001ff2bf59e50]
Event: 3.291 Thread 0x000001ff7f1273e0 3569       3       jdk.internal.misc.InternalLock::<init> (16 bytes)
Event: 3.291 Thread 0x000001ff7f1273e0 nmethod 3569 0x000001ff2bf5a190 code [0x000001ff2bf5a360, 0x000001ff2bf5a850]
Event: 3.292 Thread 0x000001ff7f053990 3570       3       jdk.xml.internal.JdkProperty$ImplPropMap::is (60 bytes)
Event: 3.292 Thread 0x000001ff7f053990 nmethod 3570 0x000001ff2bf5aa90 code [0x000001ff2bf5ac60, 0x000001ff2bf5af78]

GC Heap History (10 events):
Event: 0.809 GC heap before
{Heap before GC invocations=1 (full 0):
 PSYoungGen      total 29696K, used 25600K [0x00000000eab00000, 0x00000000ecc00000, 0x0000000100000000)
  eden space 25600K, 100% used [0x00000000eab00000,0x00000000ec400000,0x00000000ec400000)
  from space 4096K, 0% used [0x00000000ec800000,0x00000000ec800000,0x00000000ecc00000)
  to   space 4096K, 0% used [0x00000000ec400000,0x00000000ec400000,0x00000000ec800000)
 ParOldGen       total 68608K, used 0K [0x00000000c0000000, 0x00000000c4300000, 0x00000000eab00000)
  object space 68608K, 0% used [0x00000000c0000000,0x00000000c0000000,0x00000000c4300000)
 Metaspace       used 4184K, committed 4416K, reserved 1114112K
  class space    used 441K, committed 576K, reserved 1048576K
}
Event: 0.816 GC heap after
{Heap after GC invocations=1 (full 0):
 PSYoungGen      total 29696K, used 3966K [0x00000000eab00000, 0x00000000ecc00000, 0x0000000100000000)
  eden space 25600K, 0% used [0x00000000eab00000,0x00000000eab00000,0x00000000ec400000)
  from space 4096K, 96% used [0x00000000ec400000,0x00000000ec7dfbd0,0x00000000ec800000)
  to   space 4096K, 0% used [0x00000000ec800000,0x00000000ec800000,0x00000000ecc00000)
 ParOldGen       total 68608K, used 16K [0x00000000c0000000, 0x00000000c4300000, 0x00000000eab00000)
  object space 68608K, 0% used [0x00000000c0000000,0x00000000c0004000,0x00000000c4300000)
 Metaspace       used 4184K, committed 4416K, reserved 1114112K
  class space    used 441K, committed 576K, reserved 1048576K
}
Event: 1.443 GC heap before
{Heap before GC invocations=2 (full 0):
 PSYoungGen      total 29696K, used 29566K [0x00000000eab00000, 0x00000000ecc00000, 0x0000000100000000)
  eden space 25600K, 100% used [0x00000000eab00000,0x00000000ec400000,0x00000000ec400000)
  from space 4096K, 96% used [0x00000000ec400000,0x00000000ec7dfbd0,0x00000000ec800000)
  to   space 4096K, 0% used [0x00000000ec800000,0x00000000ec800000,0x00000000ecc00000)
 ParOldGen       total 68608K, used 16K [0x00000000c0000000, 0x00000000c4300000, 0x00000000eab00000)
  object space 68608K, 0% used [0x00000000c0000000,0x00000000c0004000,0x00000000c4300000)
 Metaspace       used 7749K, committed 8000K, reserved 1114112K
  class space    used 774K, committed 896K, reserved 1048576K
}
Event: 1.452 GC heap after
{Heap after GC invocations=2 (full 0):
 PSYoungGen      total 29696K, used 4070K [0x00000000eab00000, 0x00000000ecc00000, 0x0000000100000000)
  eden space 25600K, 0% used [0x00000000eab00000,0x00000000eab00000,0x00000000ec400000)
  from space 4096K, 99% used [0x00000000ec800000,0x00000000ecbf9b30,0x00000000ecc00000)
  to   space 4096K, 0% used [0x00000000ec400000,0x00000000ec400000,0x00000000ec800000)
 ParOldGen       total 68608K, used 1706K [0x00000000c0000000, 0x00000000c4300000, 0x00000000eab00000)
  object space 68608K, 2% used [0x00000000c0000000,0x00000000c01aaaa0,0x00000000c4300000)
 Metaspace       used 7749K, committed 8000K, reserved 1114112K
  class space    used 774K, committed 896K, reserved 1048576K
}
Event: 2.002 GC heap before
{Heap before GC invocations=3 (full 0):
 PSYoungGen      total 29696K, used 29670K [0x00000000eab00000, 0x00000000ecc00000, 0x0000000100000000)
  eden space 25600K, 100% used [0x00000000eab00000,0x00000000ec400000,0x00000000ec400000)
  from space 4096K, 99% used [0x00000000ec800000,0x00000000ecbf9b30,0x00000000ecc00000)
  to   space 4096K, 0% used [0x00000000ec400000,0x00000000ec400000,0x00000000ec800000)
 ParOldGen       total 68608K, used 1706K [0x00000000c0000000, 0x00000000c4300000, 0x00000000eab00000)
  object space 68608K, 2% used [0x00000000c0000000,0x00000000c01aaaa0,0x00000000c4300000)
 Metaspace       used 8927K, committed 9216K, reserved 1114112K
  class space    used 890K, committed 1024K, reserved 1048576K
}
Event: 2.010 GC heap after
{Heap after GC invocations=3 (full 0):
 PSYoungGen      total 29696K, used 4079K [0x00000000eab00000, 0x00000000ecc00000, 0x0000000100000000)
  eden space 25600K, 0% used [0x00000000eab00000,0x00000000eab00000,0x00000000ec400000)
  from space 4096K, 99% used [0x00000000ec400000,0x00000000ec7fbd40,0x00000000ec800000)
  to   space 4096K, 0% used [0x00000000ec800000,0x00000000ec800000,0x00000000ecc00000)
 ParOldGen       total 68608K, used 8674K [0x00000000c0000000, 0x00000000c4300000, 0x00000000eab00000)
  object space 68608K, 12% used [0x00000000c0000000,0x00000000c0878b10,0x00000000c4300000)
 Metaspace       used 8927K, committed 9216K, reserved 1114112K
  class space    used 890K, committed 1024K, reserved 1048576K
}
Event: 2.394 GC heap before
{Heap before GC invocations=4 (full 0):
 PSYoungGen      total 29696K, used 29679K [0x00000000eab00000, 0x00000000ecc00000, 0x0000000100000000)
  eden space 25600K, 99% used [0x00000000eab00000,0x00000000ec3ffff8,0x00000000ec400000)
  from space 4096K, 99% used [0x00000000ec400000,0x00000000ec7fbd40,0x00000000ec800000)
  to   space 4096K, 0% used [0x00000000ec800000,0x00000000ec800000,0x00000000ecc00000)
 ParOldGen       total 68608K, used 8674K [0x00000000c0000000, 0x00000000c4300000, 0x00000000eab00000)
  object space 68608K, 12% used [0x00000000c0000000,0x00000000c0878b10,0x00000000c4300000)
 Metaspace       used 9980K, committed 10368K, reserved 1114112K
  class space    used 1006K, committed 1152K, reserved 1048576K
}
Event: 2.403 GC heap after
{Heap after GC invocations=4 (full 0):
 PSYoungGen      total 29696K, used 4086K [0x00000000eab00000, 0x00000000ecc00000, 0x0000000100000000)
  eden space 25600K, 0% used [0x00000000eab00000,0x00000000eab00000,0x00000000ec400000)
  from space 4096K, 99% used [0x00000000ec800000,0x00000000ecbfda90,0x00000000ecc00000)
  to   space 4096K, 0% used [0x00000000ec400000,0x00000000ec400000,0x00000000ec800000)
 ParOldGen       total 68608K, used 11423K [0x00000000c0000000, 0x00000000c4300000, 0x00000000eab00000)
  object space 68608K, 16% used [0x00000000c0000000,0x00000000c0b27dc8,0x00000000c4300000)
 Metaspace       used 9980K, committed 10368K, reserved 1114112K
  class space    used 1006K, committed 1152K, reserved 1048576K
}
Event: 2.966 GC heap before
{Heap before GC invocations=5 (full 0):
 PSYoungGen      total 29696K, used 29684K [0x00000000eab00000, 0x00000000ecc00000, 0x0000000100000000)
  eden space 25600K, 99% used [0x00000000eab00000,0x00000000ec3ff670,0x00000000ec400000)
  from space 4096K, 99% used [0x00000000ec800000,0x00000000ecbfda90,0x00000000ecc00000)
  to   space 4096K, 0% used [0x00000000ec400000,0x00000000ec400000,0x00000000ec800000)
 ParOldGen       total 68608K, used 11423K [0x00000000c0000000, 0x00000000c4300000, 0x00000000eab00000)
  object space 68608K, 16% used [0x00000000c0000000,0x00000000c0b27dc8,0x00000000c4300000)
 Metaspace       used 12449K, committed 12800K, reserved 1114112K
  class space    used 1265K, committed 1408K, reserved 1048576K
}
Event: 2.974 GC heap after
{Heap after GC invocations=5 (full 0):
 PSYoungGen      total 29184K, used 4074K [0x00000000eab00000, 0x00000000ed080000, 0x0000000100000000)
  eden space 25088K, 0% used [0x00000000eab00000,0x00000000eab00000,0x00000000ec380000)
  from space 4096K, 99% used [0x00000000ec400000,0x00000000ec7fa8b0,0x00000000ec800000)
  to   space 6656K, 0% used [0x00000000eca00000,0x00000000eca00000,0x00000000ed080000)
 ParOldGen       total 68608K, used 12968K [0x00000000c0000000, 0x00000000c4300000, 0x00000000eab00000)
  object space 68608K, 18% used [0x00000000c0000000,0x00000000c0caa2c0,0x00000000c4300000)
 Metaspace       used 12449K, committed 12800K, reserved 1114112K
  class space    used 1265K, committed 1408K, reserved 1048576K
}

Dll operation events (10 events):
Event: 0.015 Loaded shared library C:\Program Files\Java\jdk-22\bin\java.dll
Event: 0.049 Loaded shared library C:\Program Files\Java\jdk-22\bin\jsvml.dll
Event: 0.116 Loaded shared library C:\Program Files\Java\jdk-22\bin\zip.dll
Event: 0.120 Loaded shared library C:\Program Files\Java\jdk-22\bin\instrument.dll
Event: 0.125 Loaded shared library C:\Program Files\Java\jdk-22\bin\net.dll
Event: 0.128 Loaded shared library C:\Program Files\Java\jdk-22\bin\nio.dll
Event: 0.132 Loaded shared library C:\Program Files\Java\jdk-22\bin\zip.dll
Event: 0.149 Loaded shared library C:\Program Files\Java\jdk-22\bin\jimage.dll
Event: 0.235 Loaded shared library C:\Program Files\Java\jdk-22\bin\verify.dll
Event: 1.937 Loaded shared library C:\Users\HP\AppData\Roaming\Code\User\globalStorage\redhat.java\1.42.0\config_win\org.eclipse.equinox.launcher\org.eclipse.equinox.launcher.win32.win32.x86_64_1.2.1300.v20250331-1702\eclipse_11911.dll

Deoptimization events (20 events):
Event: 3.102 Thread 0x000001ff0602a8c0 Uncommon trap: trap_request=0xffffff45 fr.pc=0x000001ff333fd6a4 relative=0x00000000000005e4
Event: 3.102 Thread 0x000001ff0602a8c0 Uncommon trap: reason=unstable_if action=reinterpret pc=0x000001ff333fd6a4 method=java.io.BufferedInputStream.implRead([BII)I @ 55 c2
Event: 3.102 Thread 0x000001ff0602a8c0 DEOPT PACKING pc=0x000001ff333fd6a4 sp=0x00000091b18f8490
Event: 3.102 Thread 0x000001ff0602a8c0 DEOPT UNPACKING pc=0x000001ff32c83aa2 sp=0x00000091b18f8468 mode 2
Event: 3.106 Thread 0x000001ff0602a8c0 DEOPT PACKING pc=0x000001ff2bb87546 sp=0x00000091b18f82f0
Event: 3.106 Thread 0x000001ff0602a8c0 DEOPT UNPACKING pc=0x000001ff32c84242 sp=0x00000091b18f7870 mode 0
Event: 3.110 Thread 0x000001ff0602a8c0 DEOPT PACKING pc=0x000001ff2bd75005 sp=0x00000091b18f87e0
Event: 3.110 Thread 0x000001ff0602a8c0 DEOPT UNPACKING pc=0x000001ff32c84242 sp=0x00000091b18f7cc8 mode 0
Event: 3.249 Thread 0x000001ff0602a8c0 DEOPT PACKING pc=0x000001ff2bb992a7 sp=0x00000091b18f8470
Event: 3.249 Thread 0x000001ff0602a8c0 DEOPT UNPACKING pc=0x000001ff32c84242 sp=0x00000091b18f79e0 mode 0
Event: 3.268 Thread 0x000001ff0602a8c0 DEOPT PACKING pc=0x000001ff2beec3a8 sp=0x00000091b18f8690
Event: 3.268 Thread 0x000001ff0602a8c0 DEOPT UNPACKING pc=0x000001ff32c84242 sp=0x00000091b18f7b50 mode 0
Event: 3.278 Thread 0x000001ff0602a8c0 DEOPT PACKING pc=0x000001ff2beec3a8 sp=0x00000091b18f8690
Event: 3.278 Thread 0x000001ff0602a8c0 DEOPT UNPACKING pc=0x000001ff32c84242 sp=0x00000091b18f7b50 mode 0
Event: 3.281 Thread 0x000001ff0602a8c0 Uncommon trap: trap_request=0xffffff45 fr.pc=0x000001ff33519058 relative=0x0000000000000358
Event: 3.281 Thread 0x000001ff0602a8c0 Uncommon trap: reason=unstable_if action=reinterpret pc=0x000001ff33519058 method=com.sun.org.apache.xerces.internal.impl.XMLEntityScanner.scanLiteral(ILcom/sun/org/apache/xerces/internal/xni/XMLString;Z)I @ 189 c2
Event: 3.281 Thread 0x000001ff0602a8c0 DEOPT PACKING pc=0x000001ff33519058 sp=0x00000091b18f8470
Event: 3.281 Thread 0x000001ff0602a8c0 DEOPT UNPACKING pc=0x000001ff32c83aa2 sp=0x00000091b18f8400 mode 2
Event: 3.287 Thread 0x000001ff0602a8c0 DEOPT PACKING pc=0x000001ff2beec3a8 sp=0x00000091b18f8690
Event: 3.287 Thread 0x000001ff0602a8c0 DEOPT UNPACKING pc=0x000001ff32c84242 sp=0x00000091b18f7b50 mode 0

Classes loaded (20 events):
Event: 2.893 Loading class java/io/CharConversionException done
Event: 2.893 Loading class com/sun/org/apache/xerces/internal/impl/io/MalformedByteSequenceException done
Event: 2.922 Loading class java/util/concurrent/CompletionStage
Event: 2.922 Loading class java/util/concurrent/CompletionStage done
Event: 2.924 Loading class java/util/Timer
Event: 2.924 Loading class java/util/Timer done
Event: 2.924 Loading class java/util/TaskQueue
Event: 2.924 Loading class java/util/TaskQueue done
Event: 2.924 Loading class java/util/TimerThread
Event: 2.924 Loading class java/util/TimerThread done
Event: 2.924 Loading class java/util/Timer$ThreadReaper
Event: 2.924 Loading class java/util/Timer$ThreadReaper done
Event: 2.937 Loading class java/util/concurrent/locks/ReentrantLock$FairSync
Event: 2.937 Loading class java/util/concurrent/locks/ReentrantLock$FairSync done
Event: 3.076 Loading class java/lang/IllegalCallerException
Event: 3.076 Loading class java/lang/IllegalCallerException done
Event: 3.090 Loading class java/lang/invoke/DirectMethodHandle$1
Event: 3.090 Loading class java/lang/invoke/DirectMethodHandle$1 done
Event: 3.093 Loading class org/xml/sax/SAXParseException
Event: 3.093 Loading class org/xml/sax/SAXParseException done

Classes unloaded (0 events):
No events

Classes redefined (0 events):
No events

Internal exceptions (20 events):
Event: 1.257 Thread 0x000001ff234af470 Exception <a 'java/lang/NoSuchMethodError'{0x00000000ebbd87a8}: 'int java.lang.invoke.DirectMethodHandle$Holder.invokeVirtual(java.lang.Object, java.lang.Object)'> (0x00000000ebbd87a8) 
thrown [s\open\src\hotspot\share\interpreter\linkResolver.cpp, line 774]
Event: 1.433 Thread 0x000001ff234af470 Exception <a 'sun/nio/fs/WindowsException'{0x00000000ec38a438}> (0x00000000ec38a438) 
thrown [s\open\src\hotspot\share\prims\jni.cpp, line 520]
Event: 1.439 Thread 0x000001ff234af470 Exception <a 'sun/nio/fs/WindowsException'{0x00000000ec3b5498}> (0x00000000ec3b5498) 
thrown [s\open\src\hotspot\share\prims\jni.cpp, line 520]
Event: 1.455 Thread 0x000001ff234af470 Exception <a 'sun/nio/fs/WindowsException'{0x00000000eab1e0d8}> (0x00000000eab1e0d8) 
thrown [s\open\src\hotspot\share\prims\jni.cpp, line 520]
Event: 1.458 Thread 0x000001ff234af470 Exception <a 'sun/nio/fs/WindowsException'{0x00000000eab35f20}> (0x00000000eab35f20) 
thrown [s\open\src\hotspot\share\prims\jni.cpp, line 520]
Event: 1.467 Thread 0x000001ff234af470 Exception <a 'sun/nio/fs/WindowsException'{0x00000000eabdb6d8}> (0x00000000eabdb6d8) 
thrown [s\open\src\hotspot\share\prims\jni.cpp, line 520]
Event: 1.480 Thread 0x000001ff234af470 Exception <a 'sun/nio/fs/WindowsException'{0x00000000eac329b8}> (0x00000000eac329b8) 
thrown [s\open\src\hotspot\share\prims\jni.cpp, line 520]
Event: 1.490 Thread 0x000001ff234af470 Exception <a 'sun/nio/fs/WindowsException'{0x00000000eac9f540}> (0x00000000eac9f540) 
thrown [s\open\src\hotspot\share\prims\jni.cpp, line 520]
Event: 1.495 Thread 0x000001ff234af470 Exception <a 'sun/nio/fs/WindowsException'{0x00000000eacff558}> (0x00000000eacff558) 
thrown [s\open\src\hotspot\share\prims\jni.cpp, line 520]
Event: 1.628 Thread 0x000001ff234af470 Exception <a 'sun/nio/fs/WindowsException'{0x00000000eb180c68}> (0x00000000eb180c68) 
thrown [s\open\src\hotspot\share\prims\jni.cpp, line 520]
Event: 1.663 Thread 0x000001ff234af470 Exception <a 'sun/nio/fs/WindowsException'{0x00000000eb2b2c40}> (0x00000000eb2b2c40) 
thrown [s\open\src\hotspot\share\prims\jni.cpp, line 520]
Event: 1.741 Thread 0x000001ff234af470 Exception <a 'java/lang/NoSuchMethodError'{0x00000000eb5e3650}: 'java.lang.Object java.lang.invoke.DirectMethodHandle$Holder.newInvokeSpecial(java.lang.Object, int, java.lang.Object)'> (0x00000000eb5e3650) 
thrown [s\open\src\hotspot\share\interpreter\linkResolver.cpp, line 774]
Event: 1.758 Thread 0x000001ff234af470 Exception <a 'java/lang/NoSuchMethodError'{0x00000000eb69d5e0}: 'java.lang.Object java.lang.invoke.DirectMethodHandle$Holder.newInvokeSpecial(java.lang.Object, java.lang.Object, java.lang.Object, java.lang.Object, int, java.lang.Object)'> (0x00000000eb69d5e0) 
thrown [s\open\src\hotspot\share\interpreter\linkResolver.cpp, line 774]
Event: 1.934 Thread 0x000001ff234af470 Exception <a 'java/lang/UnsatisfiedLinkError'{0x00000000eba7f730}: 'void org.eclipse.equinox.launcher.JNIBridge._update_splash()'> (0x00000000eba7f730) 
thrown [s\open\src\hotspot\share\prims\nativeLookup.cpp, line 417]
Event: 2.199 Thread 0x000001ff0602a8c0 Exception <a 'java/lang/NoSuchMethodError'{0x00000000eb768ff8}: 'java.lang.Object java.lang.invoke.DirectMethodHandle$Holder.newInvokeSpecial(java.lang.Object, java.lang.Object, int, java.lang.Object)'> (0x00000000eb768ff8) 
thrown [s\open\src\hotspot\share\interpreter\linkResolver.cpp, line 774]
Event: 2.223 Thread 0x000001ff0602a8c0 Exception <a 'java/lang/NoClassDefFoundError'{0x00000000eb80b6a0}: jakarta/servlet/ServletContainerInitializer> (0x00000000eb80b6a0) 
thrown [s\open\src\hotspot\share\classfile\systemDictionary.cpp, line 302]
Event: 2.259 Thread 0x000001ff0602a8c0 Exception <a 'java/lang/ClassNotFoundException'{0x00000000eb9692c8}: sun/util/logging/resources/spi/loggingProvider> (0x00000000eb9692c8) 
thrown [s\open\src\hotspot\share\classfile\systemDictionary.cpp, line 313]
Event: 2.807 Thread 0x000001ff0602a8c0 Exception <a 'java/lang/NullPointerException'{0x00000000ebbe80a8}> (0x00000000ebbe80a8) 
thrown [s\open\src\hotspot\share\interpreter\linkResolver.cpp, line 1374]
Event: 2.807 Thread 0x000001ff0602a8c0 Exception <a 'java/lang/NullPointerException'{0x00000000ebbe8388}> (0x00000000ebbe8388) 
thrown [s\open\src\hotspot\share\interpreter\linkResolver.cpp, line 1374]
Event: 3.068 Thread 0x000001ff0602a8c0 Exception <a 'java/lang/NoSuchMethodError'{0x00000000eade13f0}: 'void java.lang.invoke.Invokers$Holder.invokeExact_MT(java.lang.Object, java.lang.Object, java.lang.Object)'> (0x00000000eade13f0) 
thrown [s\open\src\hotspot\share\interpreter\linkResolver.cpp, line 774]

ZGC Phase Switch (0 events):
No events

VM Operations (20 events):
Event: 2.226 Executing VM operation: HandshakeAllThreads (Deoptimize)
Event: 2.226 Executing VM operation: HandshakeAllThreads (Deoptimize) done
Event: 2.242 Executing VM operation: HandshakeAllThreads (Deoptimize)
Event: 2.242 Executing VM operation: HandshakeAllThreads (Deoptimize) done
Event: 2.270 Executing VM operation: HandshakeAllThreads (Deoptimize)
Event: 2.270 Executing VM operation: HandshakeAllThreads (Deoptimize) done
Event: 2.292 Executing VM operation: HandshakeAllThreads (Deoptimize)
Event: 2.292 Executing VM operation: HandshakeAllThreads (Deoptimize) done
Event: 2.307 Executing VM operation: HandshakeAllThreads (Deoptimize)
Event: 2.307 Executing VM operation: HandshakeAllThreads (Deoptimize) done
Event: 2.394 Executing VM operation: ParallelGCFailedAllocation (Allocation Failure)
Event: 2.403 Executing VM operation: ParallelGCFailedAllocation (Allocation Failure) done
Event: 2.803 Executing VM operation: HandshakeAllThreads (Deoptimize)
Event: 2.803 Executing VM operation: HandshakeAllThreads (Deoptimize) done
Event: 2.882 Executing VM operation: HandshakeAllThreads (Deoptimize)
Event: 2.882 Executing VM operation: HandshakeAllThreads (Deoptimize) done
Event: 2.938 Executing VM operation: HandshakeAllThreads (Deoptimize)
Event: 2.938 Executing VM operation: HandshakeAllThreads (Deoptimize) done
Event: 2.966 Executing VM operation: ParallelGCFailedAllocation (Allocation Failure)
Event: 2.974 Executing VM operation: ParallelGCFailedAllocation (Allocation Failure) done

Events (20 events):
Event: 1.896 Thread 0x000001ff051248d0 Thread exited: 0x000001ff051248d0
Event: 1.933 Thread 0x000001ff0558a2b0 Thread added: 0x000001ff0558a2b0
Event: 1.979 Thread 0x000001ff0558b660 Thread added: 0x000001ff0558b660
Event: 1.979 Thread 0x000001ff0558a940 Thread added: 0x000001ff0558a940
Event: 1.979 Thread 0x000001ff0558c380 Thread added: 0x000001ff0558c380
Event: 1.979 Thread 0x000001ff05589590 Thread added: 0x000001ff05589590
Event: 1.979 Thread 0x000001ff0558ca10 Thread added: 0x000001ff0558ca10
Event: 1.979 Thread 0x000001ff060287f0 Thread added: 0x000001ff060287f0
Event: 1.979 Thread 0x000001ff06027440 Thread added: 0x000001ff06027440
Event: 1.979 Thread 0x000001ff0602a230 Thread added: 0x000001ff0602a230
Event: 1.979 Thread 0x000001ff06029510 Thread added: 0x000001ff06029510
Event: 1.980 Thread 0x000001ff06026db0 Thread added: 0x000001ff06026db0
Event: 1.981 Thread 0x000001ff05ca71a0 Thread added: 0x000001ff05ca71a0
Event: 1.983 Thread 0x000001ff05f13430 Thread added: 0x000001ff05f13430
Event: 1.991 Thread 0x000001ff05b81a10 Thread added: 0x000001ff05b81a10
Event: 2.097 Thread 0x000001ff06029ba0 Thread added: 0x000001ff06029ba0
Event: 2.109 Thread 0x000001ff0602a8c0 Thread added: 0x000001ff0602a8c0
Event: 2.315 Thread 0x000001ff071016c0 Thread added: 0x000001ff071016c0
Event: 2.769 Thread 0x000001ff0602af50 Thread added: 0x000001ff0602af50
Event: 2.924 Thread 0x000001ff06028160 Thread added: 0x000001ff06028160


Dynamic libraries:
0x00007ff64d5c0000 - 0x00007ff64d5d0000 	C:\Program Files\Java\jdk-22\bin\java.exe
0x00007ffb21270000 - 0x00007ffb21487000 	C:\windows\SYSTEM32\ntdll.dll
0x00007ffb20a10000 - 0x00007ffb20ad4000 	C:\windows\System32\KERNEL32.DLL
0x00007ffb1e530000 - 0x00007ffb1e903000 	C:\windows\System32\KERNELBASE.dll
0x00007ffb172b0000 - 0x00007ffb17347000 	C:\windows\SYSTEM32\apphelp.dll
0x00007ffb1ed60000 - 0x00007ffb1ee71000 	C:\windows\System32\ucrtbase.dll
0x00007ffaf5710000 - 0x00007ffaf5727000 	C:\Program Files\Java\jdk-22\bin\jli.dll
0x00007ffaf0650000 - 0x00007ffaf066b000 	C:\Program Files\Java\jdk-22\bin\VCRUNTIME140.dll
0x00007ffb207b0000 - 0x00007ffb20861000 	C:\windows\System32\ADVAPI32.dll
0x00007ffb1f9d0000 - 0x00007ffb1fa77000 	C:\windows\System32\msvcrt.dll
0x00007ffb20fe0000 - 0x00007ffb21087000 	C:\windows\System32\sechost.dll
0x00007ffb1e910000 - 0x00007ffb1e938000 	C:\windows\System32\bcrypt.dll
0x00007ffb21110000 - 0x00007ffb21224000 	C:\windows\System32\RPCRT4.dll
0x00007ffb1fa80000 - 0x00007ffb1fc31000 	C:\windows\System32\USER32.dll
0x00007ffb1e940000 - 0x00007ffb1e966000 	C:\windows\System32\win32u.dll
0x00007ffaff980000 - 0x00007ffaffc1b000 	C:\windows\WinSxS\amd64_microsoft.windows.common-controls_6595b64144ccf1df_6.0.22621.5262_none_2712bde373830908\COMCTL32.dll
0x00007ffb20870000 - 0x00007ffb20899000 	C:\windows\System32\GDI32.dll
0x00007ffb1e360000 - 0x00007ffb1e482000 	C:\windows\System32\gdi32full.dll
0x00007ffb1e490000 - 0x00007ffb1e52a000 	C:\windows\System32\msvcp_win.dll
0x00007ffb12750000 - 0x00007ffb1275a000 	C:\windows\SYSTEM32\VERSION.dll
0x00007ffb20cb0000 - 0x00007ffb20ce1000 	C:\windows\System32\IMM32.DLL
0x00007ffafd290000 - 0x00007ffafd29c000 	C:\Program Files\Java\jdk-22\bin\vcruntime140_1.dll
0x00007ffae6f40000 - 0x00007ffae6fce000 	C:\Program Files\Java\jdk-22\bin\msvcp140.dll
0x00007ffabd4c0000 - 0x00007ffabe207000 	C:\Program Files\Java\jdk-22\bin\server\jvm.dll
0x00007ffb1f950000 - 0x00007ffb1f9c1000 	C:\windows\System32\WS2_32.dll
0x00007ffb1e080000 - 0x00007ffb1e0cd000 	C:\windows\SYSTEM32\POWRPROF.dll
0x00007ffb17250000 - 0x00007ffb17284000 	C:\windows\SYSTEM32\WINMM.dll
0x00007ffb1e060000 - 0x00007ffb1e073000 	C:\windows\SYSTEM32\UMPDC.dll
0x00007ffb1d370000 - 0x00007ffb1d388000 	C:\windows\SYSTEM32\kernel.appcore.dll
0x00007ffafd0b0000 - 0x00007ffafd0ba000 	C:\Program Files\Java\jdk-22\bin\jimage.dll
0x00007ffb1bd50000 - 0x00007ffb1bf82000 	C:\windows\SYSTEM32\DBGHELP.DLL
0x00007ffb1fdc0000 - 0x00007ffb20153000 	C:\windows\System32\combase.dll
0x00007ffb20ba0000 - 0x00007ffb20c77000 	C:\windows\System32\OLEAUT32.dll
0x00007ffafae70000 - 0x00007ffafaea2000 	C:\windows\SYSTEM32\dbgcore.DLL
0x00007ffb1ee80000 - 0x00007ffb1eefb000 	C:\windows\System32\bcryptPrimitives.dll
0x00007ffafc950000 - 0x00007ffafc95f000 	C:\Program Files\Java\jdk-22\bin\instrument.dll
0x00007ffaef9d0000 - 0x00007ffaef9ee000 	C:\Program Files\Java\jdk-22\bin\java.dll
0x00007ffb1ef00000 - 0x00007ffb1f79d000 	C:\windows\System32\SHELL32.dll
0x00007ffb1ec20000 - 0x00007ffb1ed5f000 	C:\windows\System32\wintypes.dll
0x00007ffb1f7a0000 - 0x00007ffb1f941000 	C:\windows\System32\ole32.dll
0x00007ffb1c250000 - 0x00007ffb1cb6d000 	C:\windows\SYSTEM32\windows.storage.dll
0x00007ffb20e00000 - 0x00007ffb20f0b000 	C:\windows\System32\SHCORE.dll
0x00007ffb20d80000 - 0x00007ffb20de6000 	C:\windows\System32\shlwapi.dll
0x00007ffb1e290000 - 0x00007ffb1e2bb000 	C:\windows\SYSTEM32\profapi.dll
0x00007ffac8370000 - 0x00007ffac8447000 	C:\Program Files\Java\jdk-22\bin\jsvml.dll
0x00007ffaef9b0000 - 0x00007ffaef9c7000 	C:\Program Files\Java\jdk-22\bin\zip.dll
0x00007ffaf8cc0000 - 0x00007ffaf8cd0000 	C:\Program Files\Java\jdk-22\bin\net.dll
0x00007ffb1d820000 - 0x00007ffb1d88a000 	C:\windows\system32\mswsock.dll
0x00007ffaeee40000 - 0x00007ffaeee56000 	C:\Program Files\Java\jdk-22\bin\nio.dll
0x00007ffaf8490000 - 0x00007ffaf84a0000 	C:\Program Files\Java\jdk-22\bin\verify.dll
0x00007ffb032d0000 - 0x00007ffb03315000 	C:\Users\HP\AppData\Roaming\Code\User\globalStorage\redhat.java\1.42.0\config_win\org.eclipse.equinox.launcher\org.eclipse.equinox.launcher.win32.win32.x86_64_1.2.1300.v20250331-1702\eclipse_11911.dll

dbghelp: loaded successfully - version: 4.0.5 - missing functions: none
symbol engine: initialized successfully - sym options: 0x614 - pdb path: .;C:\Program Files\Java\jdk-22\bin;C:\windows\SYSTEM32;C:\windows\WinSxS\amd64_microsoft.windows.common-controls_6595b64144ccf1df_6.0.22621.5262_none_2712bde373830908;C:\Program Files\Java\jdk-22\bin\server;C:\Users\HP\AppData\Roaming\Code\User\globalStorage\redhat.java\1.42.0\config_win\org.eclipse.equinox.launcher\org.eclipse.equinox.launcher.win32.win32.x86_64_1.2.1300.v20250331-1702

VM Arguments:
jvm_args: --add-modules=ALL-SYSTEM --add-opens=java.base/java.util=ALL-UNNAMED --add-opens=java.base/java.lang=ALL-UNNAMED --add-opens=java.base/sun.nio.fs=ALL-UNNAMED -Declipse.application=org.eclipse.jdt.ls.core.id1 -Dosgi.bundles.defaultStartLevel=4 -Declipse.product=org.eclipse.jdt.ls.core.product -Djava.import.generatesMetadataFilesAtProjectRoot=false -DDetectVMInstallationsJob.disabled=true -Dfile.encoding=utf8 -XX:+UseParallelGC -XX:GCTimeRatio=4 -XX:AdaptiveSizePolicyWeight=90 -Dsun.zip.disableMemoryMapping=true -Xmx1G -Xms100m -Xlog:disable -javaagent:c:\Users\HP\.vscode\extensions\redhat.java-1.42.0-win32-x64\lombok\lombok-1.18.36.jar -XX:+HeapDumpOnOutOfMemoryError -XX:HeapDumpPath=c:\Users\HP\AppData\Roaming\Code\User\workspaceStorage\a191084d66a606cee6cd112924da2eaf\redhat.java -Daether.dependencyCollector.impl=bf 
java_command: c:\Users\HP\.vscode\extensions\redhat.java-1.42.0-win32-x64\server\plugins\org.eclipse.equinox.launcher_1.7.0.v20250424-1814.jar -configuration c:\Users\HP\AppData\Roaming\Code\User\globalStorage\redhat.java\1.42.0\config_win -data c:\Users\HP\AppData\Roaming\Code\User\workspaceStorage\a191084d66a606cee6cd112924da2eaf\redhat.java\jdt_ws --pipe=\\.\pipe\lsp-07d88d9c7281a71a9206bbb789fe2d52-sock
java_class_path (initial): c:\Users\HP\.vscode\extensions\redhat.java-1.42.0-win32-x64\server\plugins\org.eclipse.equinox.launcher_1.7.0.v20250424-1814.jar
Launcher Type: SUN_STANDARD

[Global flags]
     uint AdaptiveSizePolicyWeight                 = 90                                        {product} {command line}
     intx CICompilerCount                          = 12                                        {product} {ergonomic}
     uint GCTimeRatio                              = 4                                         {product} {command line}
     bool HeapDumpOnOutOfMemoryError               = true                                   {manageable} {command line}
    ccstr HeapDumpPath                             = c:\Users\HP\AppData\Roaming\Code\User\workspaceStorage\a191084d66a606cee6cd112924da2eaf\redhat.java         {manageable} {command line}
   size_t InitialHeapSize                          = 104857600                                 {product} {command line}
   size_t MaxHeapSize                              = 1073741824                                {product} {command line}
   size_t MaxNewSize                               = 357564416                                 {product} {ergonomic}
   size_t MinHeapDeltaBytes                        = 524288                                    {product} {ergonomic}
   size_t MinHeapSize                              = 104857600                                 {product} {command line}
   size_t NewSize                                  = 34603008                                  {product} {ergonomic}
    uintx NonNMethodCodeHeapSize                   = 7602480                                {pd product} {ergonomic}
    uintx NonProfiledCodeHeapSize                  = 122027880                              {pd product} {ergonomic}
   size_t OldSize                                  = 70254592                                  {product} {ergonomic}
    uintx ProfiledCodeHeapSize                     = 122027880                              {pd product} {ergonomic}
    uintx ReservedCodeCacheSize                    = 251658240                              {pd product} {ergonomic}
     bool SegmentedCodeCache                       = true                                      {product} {ergonomic}
   size_t SoftMaxHeapSize                          = 1073741824                             {manageable} {ergonomic}
     bool UseCompressedOops                        = true                           {product lp64_product} {ergonomic}
     bool UseLargePagesIndividualAllocation        = false                                  {pd product} {ergonomic}
     bool UseParallelGC                            = true                                      {product} {command line}

Logging:
Log output configuration:
 #0: stdout all=off uptime,level,tags foldmultilines=false
 #1: stderr all=off uptime,level,tags foldmultilines=false

Environment Variables:
JAVA_HOME=C:\Program Files\Java\jdk-22
PATH=C:\Program Files (x86)\Google\Chrome\Application;C:\Python312\Scripts\;C:\Python312\;C:\Program Files\Common Files\Oracle\Java\javapath;C:\windows\system32;C:\windows;C:\windows\System32\Wbem;C:\windows\System32\WindowsPowerShell\v1.0\;C:\windows\System32\OpenSSH\;C:\Program Files\Git\cmd;C:\Program Files\Git\mingw64\bin;C:\Program Files\Git\usr\bin;C:\Program Files (x86)\Windows Kits\10\Windows Performance Toolkit\;C:\src\flutter\bin;C:\ProgramData\chocolatey\bin;C:\Users\HP\AppData\Local\Pub\Cache\bin;C:\Program Files\Docker\Docker\resources\bin;C:\Program Files\MongoDB\Server\8.0\bin;C:\Program Files\nodejs\;C:\Program Files\Java\jdk-22\bin;C:\Program Files\MySQL\MySQL Shell 8.0\bin\;C:\Users\HP\AppData\Local\Microsoft\WindowsApps;C:\Users\HP\AppData\Local\Programs\Microsoft VS Code\bin;C:\MinGW\bin;C:\src\flutter\bin;C:\Users\HP\AppData\Local\GitHubDesktop\bin;C:\mongsh\;C:\Program Files\MongoDB\Server\8.0\bin;C:\Users\HP\AppData\Roaming\npm;D:\modelsim_ase\win32aloem;C:\Users\HP\AppData\Local\Programs\cursor\resources\app\bin
USERNAME=HP
OS=Windows_NT
PROCESSOR_IDENTIFIER=Intel64 Family 6 Model 154 Stepping 3, GenuineIntel
TMP=C:\Users\HP\AppData\Local\Temp
TEMP=C:\Users\HP\AppData\Local\Temp




Periodic native trim disabled

---------------  S Y S T E M  ---------------

OS:
 Windows 11 , 64 bit Build 22621 (10.0.22621.5262)
OS uptime: 0 days 18:36 hours
Hyper-V role detected

CPU: total 16 (initial active 16) (8 cores per cpu, 2 threads per core) family 6 model 154 stepping 3 microcode 0x432, cx8, cmov, fxsr, ht, mmx, 3dnowpref, sse, sse2, sse3, ssse3, sse4.1, sse4.2, popcnt, lzcnt, tsc, tscinvbit, avx, avx2, aes, erms, clmul, bmi1, bmi2, adx, sha, fma, vzeroupper, clflush, clflushopt, clwb, hv, serialize, rdtscp, rdpid, fsrm, f16c, cet_ibt, cet_ss
Processor Information for processor 0
  Max Mhz: 1700, Current Mhz: 1700, Mhz Limit: 1700
Processor Information for processor 1
  Max Mhz: 1700, Current Mhz: 1700, Mhz Limit: 1700
Processor Information for processor 2
  Max Mhz: 1700, Current Mhz: 1700, Mhz Limit: 1700
Processor Information for processor 3
  Max Mhz: 1700, Current Mhz: 1700, Mhz Limit: 1700
Processor Information for processor 4
  Max Mhz: 1700, Current Mhz: 1700, Mhz Limit: 1700
Processor Information for processor 5
  Max Mhz: 1700, Current Mhz: 1700, Mhz Limit: 1700
Processor Information for processor 6
  Max Mhz: 1700, Current Mhz: 1700, Mhz Limit: 1700
Processor Information for processor 7
  Max Mhz: 1700, Current Mhz: 1700, Mhz Limit: 1700
Processor Information for processor 8
  Max Mhz: 1700, Current Mhz: 1200, Mhz Limit: 1190
Processor Information for processor 9
  Max Mhz: 1700, Current Mhz: 1200, Mhz Limit: 1190
Processor Information for processor 10
  Max Mhz: 1700, Current Mhz: 1200, Mhz Limit: 1190
Processor Information for processor 11
  Max Mhz: 1700, Current Mhz: 1200, Mhz Limit: 1190
Processor Information for processor 12
  Max Mhz: 1700, Current Mhz: 1200, Mhz Limit: 1190
Processor Information for processor 13
  Max Mhz: 1700, Current Mhz: 1200, Mhz Limit: 1190
Processor Information for processor 14
  Max Mhz: 1700, Current Mhz: 1200, Mhz Limit: 1190
Processor Information for processor 15
  Max Mhz: 1700, Current Mhz: 1200, Mhz Limit: 1190

Memory: 4k page, system-wide physical 16052M (5038M free)
TotalPageFile size 16052M (AvailPageFile size 1M)
current process WorkingSet (physical memory assigned to process): 141M, peak: 141M
current process commit charge ("private bytes"): 264M, peak: 265M

vm_info: Java HotSpot(TM) 64-Bit Server VM (22.0.1+8-16) for windows-amd64 JRE (22.0.1+8-16), built on 2024-03-12T10:33:16Z by "mach5one" with MS VC++ 17.6 (VS2022)

END.
