#
# There is insufficient memory for the Java Runtime Environment to continue.
# Native memory allocation (mmap) failed to map 50331648 bytes. Error detail: G1 virtual space
# Possible reasons:
#   The system is out of physical RAM or swap space
#   This process is running with CompressedOops enabled, and the Java Heap may be blocking the growth of the native heap
# Possible solutions:
#   Reduce memory load on the system
#   Increase physical memory or swap space
#   Check if swap backing store is full
#   Decrease Java heap size (-Xmx/-Xms)
#   Decrease number of Java threads
#   Decrease Java thread stack sizes (-Xss)
#   Set larger code cache with -XX:ReservedCodeCacheSize=
#   JVM is running with Zero Based Compressed Oops mode in which the Java heap is
#     placed in the first 32GB address space. The Java Heap base address is the
#     maximum limit for the native heap growth. Please use -XX:HeapBaseMinAddress
#     to set the Java Heap base and to place the Java Heap above 32GB virtual address.
# This output file may be truncated or incomplete.
#
#  Out of Memory Error (os_windows.cpp:3631), pid=20216, tid=29256
#
# JRE version: Java(TM) SE Runtime Environment (22.0.1+8) (build 22.0.1+8-16)
# Java VM: Java HotSpot(TM) 64-Bit Server VM (22.0.1+8-16, mixed mode, sharing, tiered, compressed oops, compressed class ptrs, g1 gc, windows-amd64)
# No core dump will be written. Minidumps are not enabled by default on client versions of Windows
#

---------------  S U M M A R Y ------------

Command Line: --add-opens=java.base/java.lang=ALL-UNNAMED --add-opens=java.base/java.lang.invoke=ALL-UNNAMED --add-opens=java.base/java.util=ALL-UNNAMED --add-opens=java.prefs/java.util.prefs=ALL-UNNAMED --add-exports=jdk.compiler/com.sun.tools.javac.api=ALL-UNNAMED --add-exports=jdk.compiler/com.sun.tools.javac.util=ALL-UNNAMED --add-opens=java.base/java.util=ALL-UNNAMED --add-opens=java.prefs/java.util.prefs=ALL-UNNAMED --add-opens=java.base/java.nio.charset=ALL-UNNAMED --add-opens=java.base/java.net=ALL-UNNAMED --add-opens=java.base/java.util.concurrent.atomic=ALL-UNNAMED --add-opens=java.xml/javax.xml.namespace=ALL-UNNAMED -XX:MaxMetaspaceSize=4G -XX:ReservedCodeCacheSize=512m -XX:+HeapDumpOnOutOfMemoryError -Xmx8G -Dfile.encoding=UTF-8 -Duser.country=IN -Duser.language=en -Duser.variant -javaagent:C:\Users\HP\.gradle\wrapper\dists\gradle-8.12-all\ejduaidbjup3bmmkhw3rie4zb\gradle-8.12\lib\agents\gradle-instrumentation-agent-8.12.jar org.gradle.launcher.daemon.bootstrap.GradleDaemon 8.12

Host: 12th Gen Intel(R) Core(TM) i5-1240P, 16 cores, 15G,  Windows 11 , 64 bit Build 22621 (10.0.22621.5262)
Time: Mon Jun 23 11:09:34 2025 India Standard Time elapsed time: 191.079584 seconds (0d 0h 3m 11s)

---------------  T H R E A D  ---------------

Current thread (0x0000027a59501150):  VMThread "VM Thread"          [id=29256, stack(0x0000007af7700000,0x0000007af7800000) (1024K)]

Stack: [0x0000007af7700000,0x0000007af7800000]
Native frames: (J=compiled Java code, j=interpreted, Vv=VM code, C=native code)
V  [jvm.dll+0x6e2279]  (no source info available)
V  [jvm.dll+0x874e33]  (no source info available)
V  [jvm.dll+0x87725e]  (no source info available)
V  [jvm.dll+0x877933]  (no source info available)
V  [jvm.dll+0x27fd76]  (no source info available)
V  [jvm.dll+0x6de915]  (no source info available)
V  [jvm.dll+0x6d341a]  (no source info available)
V  [jvm.dll+0x3589da]  (no source info available)
V  [jvm.dll+0x360f06]  (no source info available)
V  [jvm.dll+0x3b3e2e]  (no source info available)
V  [jvm.dll+0x3b40d8]  (no source info available)
V  [jvm.dll+0x32c59c]  (no source info available)
V  [jvm.dll+0x32eef6]  (no source info available)
V  [jvm.dll+0x3391c1]  (no source info available)
V  [jvm.dll+0x370365]  (no source info available)
V  [jvm.dll+0x87d7d0]  (no source info available)
V  [jvm.dll+0x87eb57]  (no source info available)
V  [jvm.dll+0x87f0d0]  (no source info available)
V  [jvm.dll+0x87f373]  (no source info available)
V  [jvm.dll+0x81d44b]  (no source info available)
V  [jvm.dll+0x6e0915]  (no source info available)
C  [ucrtbase.dll+0x29333]  (no source info available)
C  [KERNEL32.DLL+0x1259d]  (no source info available)
C  [ntdll.dll+0x5af58]  (no source info available)

VM_Operation (0x0000007af72ff760): G1PauseRemark, mode: safepoint, requested by thread 0x0000027a2450b740


---------------  P R O C E S S  ---------------

Threads class SMR info:
_java_thread_list=0x0000027abf659d00, length=48, elements={
0x0000027a22175590, 0x0000027a5951fd40, 0x0000027a59520c60, 0x0000027a59523da0,
0x0000027a59525fb0, 0x0000027a59527020, 0x0000027a59529280, 0x0000027a5a330090,
0x0000027a59533310, 0x0000027a5a4fa890, 0x0000027a5a5e9960, 0x0000027aa12d9a30,
0x0000027aa1158320, 0x0000027aa1595960, 0x0000027aa16ff390, 0x0000027aa1701af0,
0x0000027aa16fd2c0, 0x0000027aa16fb1f0, 0x0000027aa16fb880, 0x0000027aa1701460,
0x0000027aa16fd950, 0x0000027aa1700dd0, 0x0000027aa39200d0, 0x0000027aa5b49130,
0x0000027aa5b52190, 0x0000027aa5b52820, 0x0000027aa5b4dff0, 0x0000027aa5b52eb0,
0x0000027aa5b53bd0, 0x0000027aa5b4fa30, 0x0000027aa3d7f3b0, 0x0000027aa5b4b200,
0x0000027aa5b4bf20, 0x0000027aa5b4c5b0, 0x0000027aa5b45cb0, 0x0000027aa5b4cc40,
0x0000027aa5b46340, 0x0000027ab1d50810, 0x0000027ab1d4bfe0, 0x0000027ab1d49880,
0x0000027ab1d53c90, 0x0000027ab1d577a0, 0x0000027ab1d56a80, 0x0000027ab1d54320,
0x0000027ab1d66a70, 0x0000027aac22d1e0, 0x0000027aac22df80, 0x0000027aac22f3f0
}

Java Threads: ( => current thread )
  0x0000027a22175590 JavaThread "main"                              [_thread_blocked, id=30576, stack(0x0000007af7000000,0x0000007af7100000) (1024K)]
  0x0000027a5951fd40 JavaThread "Reference Handler"          daemon [_thread_blocked, id=21832, stack(0x0000007af7800000,0x0000007af7900000) (1024K)]
  0x0000027a59520c60 JavaThread "Finalizer"                  daemon [_thread_blocked, id=20140, stack(0x0000007af7900000,0x0000007af7a00000) (1024K)]
  0x0000027a59523da0 JavaThread "Signal Dispatcher"          daemon [_thread_blocked, id=27432, stack(0x0000007af7a00000,0x0000007af7b00000) (1024K)]
  0x0000027a59525fb0 JavaThread "Attach Listener"            daemon [_thread_blocked, id=22108, stack(0x0000007af7b00000,0x0000007af7c00000) (1024K)]
  0x0000027a59527020 JavaThread "Service Thread"             daemon [_thread_blocked, id=2512, stack(0x0000007af7c00000,0x0000007af7d00000) (1024K)]
  0x0000027a59529280 JavaThread "Monitor Deflation Thread"   daemon [_thread_blocked, id=16840, stack(0x0000007af7d00000,0x0000007af7e00000) (1024K)]
  0x0000027a5a330090 JavaThread "C2 CompilerThread0"         daemon [_thread_blocked, id=26396, stack(0x0000007af7e00000,0x0000007af7f00000) (1024K)]
  0x0000027a59533310 JavaThread "C1 CompilerThread0"         daemon [_thread_blocked, id=23380, stack(0x0000007af7f00000,0x0000007af8000000) (1024K)]
  0x0000027a5a4fa890 JavaThread "Common-Cleaner"             daemon [_thread_blocked, id=31084, stack(0x0000007af8200000,0x0000007af8300000) (1024K)]
  0x0000027a5a5e9960 JavaThread "Notification Thread"        daemon [_thread_blocked, id=29404, stack(0x0000007af8300000,0x0000007af8400000) (1024K)]
  0x0000027aa12d9a30 JavaThread "Daemon health stats"               [_thread_blocked, id=9964, stack(0x0000007af8e00000,0x0000007af8f00000) (1024K)]
  0x0000027aa1158320 JavaThread "Incoming local TCP Connector on port 57430"        [_thread_in_native, id=21544, stack(0x0000007af8f00000,0x0000007af9000000) (1024K)]
  0x0000027aa1595960 JavaThread "Daemon periodic checks"            [_thread_blocked, id=14120, stack(0x0000007af9000000,0x0000007af9100000) (1024K)]
  0x0000027aa16ff390 JavaThread "Cache worker for journal cache (C:\Users\HP\.gradle\caches\journal-1)"        [_thread_blocked, id=22712, stack(0x0000007af9f00000,0x0000007afa000000) (1024K)]
  0x0000027aa1701af0 JavaThread "File lock request listener"        [_thread_in_native, id=18764, stack(0x0000007afa000000,0x0000007afa100000) (1024K)]
  0x0000027aa16fd2c0 JavaThread "Cache worker for file hash cache (C:\Users\HP\.gradle\caches\8.12\fileHashes)"        [_thread_blocked, id=20148, stack(0x0000007afa100000,0x0000007afa200000) (1024K)]
  0x0000027aa16fb1f0 JavaThread "File watcher server"        daemon [_thread_in_native, id=20772, stack(0x0000007afa600000,0x0000007afa700000) (1024K)]
  0x0000027aa16fb880 JavaThread "File watcher consumer"      daemon [_thread_blocked, id=4656, stack(0x0000007afa700000,0x0000007afa800000) (1024K)]
  0x0000027aa1701460 JavaThread "jar transforms"                    [_thread_blocked, id=25656, stack(0x0000007afab00000,0x0000007afac00000) (1024K)]
  0x0000027aa16fd950 JavaThread "jar transforms Thread 2"           [_thread_blocked, id=13928, stack(0x0000007afac00000,0x0000007afad00000) (1024K)]
  0x0000027aa1700dd0 JavaThread "Cache worker for file content cache (C:\Users\HP\.gradle\caches\8.12\fileContent)"        [_thread_blocked, id=21016, stack(0x0000007afad00000,0x0000007afae00000) (1024K)]
  0x0000027aa39200d0 JavaThread "Memory manager"                    [_thread_blocked, id=23308, stack(0x0000007afa900000,0x0000007afaa00000) (1024K)]
  0x0000027aa5b49130 JavaThread "jar transforms Thread 3"           [_thread_blocked, id=19500, stack(0x0000007a81b00000,0x0000007a81c00000) (1024K)]
  0x0000027aa5b52190 JavaThread "jar transforms Thread 4"           [_thread_blocked, id=2756, stack(0x0000007a86600000,0x0000007a86700000) (1024K)]
  0x0000027aa5b52820 JavaThread "jar transforms Thread 5"           [_thread_blocked, id=30832, stack(0x0000007a86900000,0x0000007a86a00000) (1024K)]
  0x0000027aa5b4dff0 JavaThread "jar transforms Thread 6"           [_thread_blocked, id=25584, stack(0x0000007a86a00000,0x0000007a86b00000) (1024K)]
  0x0000027aa5b52eb0 JavaThread "jar transforms Thread 7"           [_thread_blocked, id=4544, stack(0x0000007a86b00000,0x0000007a86c00000) (1024K)]
  0x0000027aa5b53bd0 JavaThread "jar transforms Thread 8"           [_thread_blocked, id=20372, stack(0x0000007a86e00000,0x0000007a86f00000) (1024K)]
  0x0000027aa5b4fa30 JavaThread "jar transforms Thread 9"           [_thread_blocked, id=19820, stack(0x0000007a86f00000,0x0000007a87000000) (1024K)]
  0x0000027aa3d7f3b0 JavaThread "jar transforms Thread 10"          [_thread_blocked, id=1808, stack(0x0000007a87000000,0x0000007a87100000) (1024K)]
  0x0000027aa5b4b200 JavaThread "jar transforms Thread 11"          [_thread_blocked, id=21272, stack(0x0000007a80800000,0x0000007a80900000) (1024K)]
  0x0000027aa5b4bf20 JavaThread "jar transforms Thread 12"          [_thread_blocked, id=2376, stack(0x0000007a80900000,0x0000007a80a00000) (1024K)]
  0x0000027aa5b4c5b0 JavaThread "jar transforms Thread 13"          [_thread_blocked, id=6012, stack(0x0000007a80a00000,0x0000007a80b00000) (1024K)]
  0x0000027aa5b45cb0 JavaThread "jar transforms Thread 14"          [_thread_blocked, id=23724, stack(0x0000007a80b00000,0x0000007a80c00000) (1024K)]
  0x0000027aa5b4cc40 JavaThread "jar transforms Thread 15"          [_thread_blocked, id=28740, stack(0x0000007a80c00000,0x0000007a80d00000) (1024K)]
  0x0000027aa5b46340 JavaThread "jar transforms Thread 16"          [_thread_blocked, id=20628, stack(0x0000007a80e00000,0x0000007a80f00000) (1024K)]
  0x0000027ab1d50810 JavaThread "Daemon Thread 2"                   [_thread_blocked, id=29240, stack(0x0000007a80000000,0x0000007a80100000) (1024K)]
  0x0000027ab1d4bfe0 JavaThread "Handler for socket connection from /127.0.0.1:57430 to /127.0.0.1:57662"        [_thread_in_native, id=10988, stack(0x0000007a80100000,0x0000007a80200000) (1024K)]
  0x0000027ab1d49880 JavaThread "Cancel handler"                    [_thread_blocked, id=4564, stack(0x0000007a80200000,0x0000007a80300000) (1024K)]
  0x0000027ab1d53c90 JavaThread "Daemon worker Thread 2"            [_thread_blocked, id=2608, stack(0x0000007a80300000,0x0000007a80400000) (1024K)]
  0x0000027ab1d577a0 JavaThread "Asynchronous log dispatcher for DefaultDaemonConnection: socket connection from /127.0.0.1:57430 to /127.0.0.1:57662"        [_thread_blocked, id=11636, stack(0x0000007a80400000,0x0000007a80500000) (1024K)]
  0x0000027ab1d56a80 JavaThread "Stdin handler"                     [_thread_blocked, id=2632, stack(0x0000007a80500000,0x0000007a80600000) (1024K)]
  0x0000027ab1d54320 JavaThread "Daemon client event forwarder"        [_thread_blocked, id=9796, stack(0x0000007a80600000,0x0000007a80700000) (1024K)]
  0x0000027ab1d66a70 JavaThread "included builds"                   [_thread_blocked, id=6564, stack(0x0000007a83700000,0x0000007a83800000) (1024K)]
  0x0000027aac22d1e0 JavaThread "C2 CompilerThread1"         daemon [_thread_blocked, id=29888, stack(0x0000007a80f00000,0x0000007a81000000) (1024K)]
  0x0000027aac22df80 JavaThread "C2 CompilerThread2"         daemon [_thread_blocked, id=25104, stack(0x0000007a81000000,0x0000007a81100000) (1024K)]
  0x0000027aac22f3f0 JavaThread "C2 CompilerThread3"         daemon [_thread_blocked, id=28732, stack(0x0000007a80700000,0x0000007a80800000) (1024K)]
Total: 48

Other Threads:
=>0x0000027a59501150 VMThread "VM Thread"                           [id=29256, stack(0x0000007af7700000,0x0000007af7800000) (1024K)]
  0x0000027a594ebef0 WatcherThread "VM Periodic Task Thread"        [id=12732, stack(0x0000007af7600000,0x0000007af7700000) (1024K)]
  0x0000027a244fa6d0 WorkerThread "GC Thread#0"                     [id=30248, stack(0x0000007af7100000,0x0000007af7200000) (1024K)]
  0x0000027a5a6f1c50 WorkerThread "GC Thread#1"                     [id=11980, stack(0x0000007af8800000,0x0000007af8900000) (1024K)]
  0x0000027a5ad32170 WorkerThread "GC Thread#2"                     [id=25960, stack(0x0000007af8900000,0x0000007af8a00000) (1024K)]
  0x0000027a5ad32520 WorkerThread "GC Thread#3"                     [id=26576, stack(0x0000007af8a00000,0x0000007af8b00000) (1024K)]
  0x0000027a5ad32ce0 WorkerThread "GC Thread#4"                     [id=2492, stack(0x0000007af8b00000,0x0000007af8c00000) (1024K)]
  0x0000027a5aba9250 WorkerThread "GC Thread#5"                     [id=29220, stack(0x0000007af8c00000,0x0000007af8d00000) (1024K)]
  0x0000027a5aba99b0 WorkerThread "GC Thread#6"                     [id=30380, stack(0x0000007af9800000,0x0000007af9900000) (1024K)]
  0x0000027a5aba9600 WorkerThread "GC Thread#7"                     [id=19132, stack(0x0000007af9900000,0x0000007af9a00000) (1024K)]
  0x0000027aa13913b0 WorkerThread "GC Thread#8"                     [id=17912, stack(0x0000007af9a00000,0x0000007af9b00000) (1024K)]
  0x0000027aa1391000 WorkerThread "GC Thread#9"                     [id=23832, stack(0x0000007af9b00000,0x0000007af9c00000) (1024K)]
  0x0000027aa1392620 WorkerThread "GC Thread#10"                    [id=22736, stack(0x0000007af9c00000,0x0000007af9d00000) (1024K)]
  0x0000027aa1391b10 WorkerThread "GC Thread#11"                    [id=4728, stack(0x0000007af9d00000,0x0000007af9e00000) (1024K)]
  0x0000027aa1391ec0 WorkerThread "GC Thread#12"                    [id=30216, stack(0x0000007af9e00000,0x0000007af9f00000) (1024K)]
  0x0000027a2450b740 ConcurrentGCThread "G1 Main Marker"            [id=27012, stack(0x0000007af7200000,0x0000007af7300000) (1024K)]
  0x0000027a2450c400 WorkerThread "G1 Conc#0"                       [id=26612, stack(0x0000007af7300000,0x0000007af7400000) (1024K)]
  0x0000027aa48f07c0 WorkerThread "G1 Conc#1"                       [id=4112, stack(0x0000007afa200000,0x0000007afa300000) (1024K)]
  0x0000027aa48f0f20 WorkerThread "G1 Conc#2"                       [id=6932, stack(0x0000007afa300000,0x0000007afa400000) (1024K)]
  0x0000027a593bd8d0 ConcurrentGCThread "G1 Refine#0"               [id=16652, stack(0x0000007af7400000,0x0000007af7500000) (1024K)]
  0x0000027a593be450 ConcurrentGCThread "G1 Service"                [id=8800, stack(0x0000007af7500000,0x0000007af7600000) (1024K)]
Total: 21

Threads with active compile tasks:
Total: 0

VM state: at safepoint (normal execution)

VM Mutex/Monitor currently owned by a thread:  ([mutex/lock_event])
[0x00007ffabc61bbb8] Threads_lock - owner thread: 0x0000027a59501150
[0x00007ffabc61bcb8] Heap_lock - owner thread: 0x0000027a2450b740

Heap address: 0x0000000600000000, size: 8192 MB, Compressed Oops mode: Zero based, Oop shift amount: 3

CDS archive(s) mapped at: [0x0000027a5b000000-0x0000027a5bc60000-0x0000027a5bc60000), size 12976128, SharedBaseAddress: 0x0000027a5b000000, ArchiveRelocationMode: 1.
Compressed class space mapped at: 0x0000027a5c000000-0x0000027a9c000000, reserved size: 1073741824
Narrow klass base: 0x0000027a5b000000, Narrow klass shift: 0, Narrow klass range: 0x41000000

GC Precious Log:
 CardTable entry size: 512
 Card Set container configuration: InlinePtr #cards 4 size 8 Array Of Cards #cards 32 size 80 Howl #buckets 8 coarsen threshold 7372 Howl Bitmap #cards 1024 size 144 coarsen threshold 921 Card regions per heap region 1 cards per card region 8192
 CPUs: 16 total, 16 available
 Memory: 16052M
 Large Page Support: Disabled
 NUMA Support: Disabled
 Compressed Oops: Enabled (Zero based)
 Heap Region Size: 4M
 Heap Min Capacity: 8M
 Heap Initial Capacity: 252M
 Heap Max Capacity: 8G
 Pre-touch: Disabled
 Parallel Workers: 13
 Concurrent Workers: 3
 Concurrent Refinement Workers: 13
 Periodic GC: Disabled

Heap:
 garbage-first heap   total reserved 8388608K, committed 462848K, used 308000K [0x0000000600000000, 0x0000000800000000)
  region size 4096K, 3 young (12288K), 1 survivors (4096K)
 Metaspace       used 196688K, committed 199872K, reserved 1245184K
  class space    used 26175K, committed 27712K, reserved 1048576K

Heap Regions: E=young(eden), S=young(survivor), O=old, HS=humongous(starts), HC=humongous(continues), CS=collection set, F=free, TAMS=top-at-mark-start, PB=parsable bottom
|   0|0x0000000600000000, 0x0000000600400000, 0x0000000600400000|100%|HS|  |TAMS 0x0000000600400000| PB 0x0000000600000000| Complete |  0
|   1|0x0000000600400000, 0x0000000600800000, 0x0000000600800000|100%| O|  |TAMS 0x0000000600800000| PB 0x0000000600800000| Untracked |  0
|   2|0x0000000600800000, 0x0000000600c00000, 0x0000000600c00000|100%| O|  |TAMS 0x0000000600c00000| PB 0x0000000600c00000| Untracked |  0
|   3|0x0000000600c00000, 0x0000000600fcdea0, 0x0000000601000000| 95%| O|  |TAMS 0x0000000600fcdea0| PB 0x0000000600fcdea0| Updating |  0
|   4|0x0000000601000000, 0x0000000601400000, 0x0000000601400000|100%| O|  |TAMS 0x0000000601400000| PB 0x0000000601400000| Untracked |  0
|   5|0x0000000601400000, 0x0000000601800000, 0x0000000601800000|100%| O|  |TAMS 0x0000000601800000| PB 0x0000000601800000| Untracked |  0
|   6|0x0000000601800000, 0x0000000601c00000, 0x0000000601c00000|100%| O|  |TAMS 0x0000000601c00000| PB 0x0000000601c00000| Untracked |  0
|   7|0x0000000601c00000, 0x0000000602000000, 0x0000000602000000|100%| O|  |TAMS 0x0000000602000000| PB 0x0000000602000000| Untracked |  0
|   8|0x0000000602000000, 0x0000000602400000, 0x0000000602400000|100%|HS|  |TAMS 0x0000000602400000| PB 0x0000000602000000| Complete |  0
|   9|0x0000000602400000, 0x0000000602800000, 0x0000000602800000|100%| O|  |TAMS 0x0000000602800000| PB 0x0000000602800000| Updating |  0
|  10|0x0000000602800000, 0x0000000602c00000, 0x0000000602c00000|100%| O|  |TAMS 0x0000000602c00000| PB 0x0000000602c00000| Untracked |  0
|  11|0x0000000602c00000, 0x0000000603000000, 0x0000000603000000|100%| O|  |TAMS 0x0000000603000000| PB 0x0000000603000000| Untracked |  0
|  12|0x0000000603000000, 0x0000000603400000, 0x0000000603400000|100%| O|  |TAMS 0x0000000603400000| PB 0x0000000603400000| Updating |  0
|  13|0x0000000603400000, 0x0000000603800000, 0x0000000603800000|100%| O|  |TAMS 0x0000000603800000| PB 0x0000000603800000| Updating |  0
|  14|0x0000000603800000, 0x0000000603c00000, 0x0000000603c00000|100%|HS|  |TAMS 0x0000000603c00000| PB 0x0000000603800000| Complete |  0
|  15|0x0000000603c00000, 0x0000000604000000, 0x0000000604000000|100%| O|  |TAMS 0x0000000604000000| PB 0x0000000604000000| Updating |  0
|  16|0x0000000604000000, 0x0000000604400000, 0x0000000604400000|100%| O|  |TAMS 0x0000000604400000| PB 0x0000000604400000| Updating |  0
|  17|0x0000000604400000, 0x0000000604800000, 0x0000000604800000|100%| O|  |TAMS 0x0000000604800000| PB 0x0000000604800000| Updating |  0
|  18|0x0000000604800000, 0x0000000604c00000, 0x0000000604c00000|100%| O|  |TAMS 0x0000000604c00000| PB 0x0000000604c00000| Untracked |  0
|  19|0x0000000604c00000, 0x0000000605000000, 0x0000000605000000|100%| O|  |TAMS 0x0000000605000000| PB 0x0000000605000000| Untracked |  0
|  20|0x0000000605000000, 0x0000000605400000, 0x0000000605400000|100%| O|  |TAMS 0x0000000605400000| PB 0x0000000605400000| Updating |  0
|  21|0x0000000605400000, 0x0000000605800000, 0x0000000605800000|100%| O|  |TAMS 0x0000000605800000| PB 0x0000000605800000| Updating |  0
|  22|0x0000000605800000, 0x0000000605c00000, 0x0000000605c00000|100%| O|  |TAMS 0x0000000605800000| PB 0x0000000605800000| Untracked |  0
|  23|0x0000000605c00000, 0x0000000606000000, 0x0000000606000000|100%| O|  |TAMS 0x0000000606000000| PB 0x0000000606000000| Untracked |  0
|  24|0x0000000606000000, 0x0000000606400000, 0x0000000606400000|100%| O|  |TAMS 0x0000000606400000| PB 0x0000000606400000| Untracked |  0
|  25|0x0000000606400000, 0x0000000606800000, 0x0000000606800000|100%| O|  |TAMS 0x0000000606800000| PB 0x0000000606800000| Updating |  0
|  26|0x0000000606800000, 0x0000000606c00000, 0x0000000606c00000|100%| O|  |TAMS 0x0000000606c00000| PB 0x0000000606c00000| Updating |  0
|  27|0x0000000606c00000, 0x0000000607000000, 0x0000000607000000|100%| O|  |TAMS 0x0000000607000000| PB 0x0000000607000000| Untracked |  0
|  28|0x0000000607000000, 0x0000000607400000, 0x0000000607400000|100%| O|  |TAMS 0x0000000607400000| PB 0x0000000607400000| Updating |  0
|  29|0x0000000607400000, 0x0000000607800000, 0x0000000607800000|100%| O|  |TAMS 0x0000000607800000| PB 0x0000000607800000| Untracked |  0
|  30|0x0000000607800000, 0x0000000607c00000, 0x0000000607c00000|100%| O|  |TAMS 0x0000000607c00000| PB 0x0000000607c00000| Updating |  0
|  31|0x0000000607c00000, 0x0000000608000000, 0x0000000608000000|100%| O|  |TAMS 0x0000000608000000| PB 0x0000000608000000| Untracked |  0
|  32|0x0000000608000000, 0x0000000608400000, 0x0000000608400000|100%| O|  |TAMS 0x0000000608400000| PB 0x0000000608400000| Updating |  0
|  33|0x0000000608400000, 0x0000000608800000, 0x0000000608800000|100%| O|  |TAMS 0x0000000608800000| PB 0x0000000608800000| Updating |  0
|  34|0x0000000608800000, 0x0000000608c00000, 0x0000000608c00000|100%| O|  |TAMS 0x0000000608800000| PB 0x0000000608800000| Untracked |  0
|  35|0x0000000608c00000, 0x0000000609000000, 0x0000000609000000|100%| O|  |TAMS 0x0000000609000000| PB 0x0000000609000000| Updating |  0
|  36|0x0000000609000000, 0x0000000609400000, 0x0000000609400000|100%| O|  |TAMS 0x0000000609400000| PB 0x0000000609400000| Untracked |  0
|  37|0x0000000609400000, 0x0000000609800000, 0x0000000609800000|100%| O|  |TAMS 0x0000000609800000| PB 0x0000000609800000| Updating |  0
|  38|0x0000000609800000, 0x0000000609c00000, 0x0000000609c00000|100%| O|  |TAMS 0x0000000609c00000| PB 0x0000000609c00000| Updating |  0
|  39|0x0000000609c00000, 0x000000060a000000, 0x000000060a000000|100%| O|  |TAMS 0x000000060a000000| PB 0x000000060a000000| Updating |  0
|  40|0x000000060a000000, 0x000000060a400000, 0x000000060a400000|100%| O|  |TAMS 0x000000060a400000| PB 0x000000060a400000| Untracked |  0
|  41|0x000000060a400000, 0x000000060a800000, 0x000000060a800000|100%| O|  |TAMS 0x000000060a800000| PB 0x000000060a800000| Updating |  0
|  42|0x000000060a800000, 0x000000060ac00000, 0x000000060ac00000|100%| O|  |TAMS 0x000000060ac00000| PB 0x000000060ac00000| Updating |  0
|  43|0x000000060ac00000, 0x000000060b000000, 0x000000060b000000|100%| O|  |TAMS 0x000000060b000000| PB 0x000000060b000000| Updating |  0
|  44|0x000000060b000000, 0x000000060b400000, 0x000000060b400000|100%| O|  |TAMS 0x000000060b400000| PB 0x000000060b400000| Untracked |  0
|  45|0x000000060b400000, 0x000000060b800000, 0x000000060b800000|100%| O|  |TAMS 0x000000060b800000| PB 0x000000060b800000| Updating |  0
|  46|0x000000060b800000, 0x000000060bc00000, 0x000000060bc00000|100%| O|  |TAMS 0x000000060bc00000| PB 0x000000060bc00000| Updating |  0
|  47|0x000000060bc00000, 0x000000060c000000, 0x000000060c000000|100%| O|  |TAMS 0x000000060c000000| PB 0x000000060c000000| Updating |  0
|  48|0x000000060c000000, 0x000000060c400000, 0x000000060c400000|100%| O|  |TAMS 0x000000060c400000| PB 0x000000060c400000| Updating |  0
|  49|0x000000060c400000, 0x000000060c800000, 0x000000060c800000|100%| O|  |TAMS 0x000000060c800000| PB 0x000000060c800000| Updating |  0
|  50|0x000000060c800000, 0x000000060cc00000, 0x000000060cc00000|100%| O|  |TAMS 0x000000060cc00000| PB 0x000000060cc00000| Updating |  0
|  51|0x000000060cc00000, 0x000000060d000000, 0x000000060d000000|100%| O|  |TAMS 0x000000060cc00000| PB 0x000000060cc00000| Untracked |  0
|  52|0x000000060d000000, 0x000000060d400000, 0x000000060d400000|100%| O|  |TAMS 0x000000060d400000| PB 0x000000060d400000| Updating |  0
|  53|0x000000060d400000, 0x000000060d800000, 0x000000060d800000|100%| O|  |TAMS 0x000000060d800000| PB 0x000000060d800000| Updating |  0
|  54|0x000000060d800000, 0x000000060dc00000, 0x000000060dc00000|100%| O|  |TAMS 0x000000060dc00000| PB 0x000000060dc00000| Updating |  0
|  55|0x000000060dc00000, 0x000000060e000000, 0x000000060e000000|100%| O|  |TAMS 0x000000060e000000| PB 0x000000060e000000| Updating |  0
|  56|0x000000060e000000, 0x000000060e400000, 0x000000060e400000|100%| O|  |TAMS 0x000000060e400000| PB 0x000000060e400000| Updating |  0
|  57|0x000000060e400000, 0x000000060e800000, 0x000000060e800000|100%| O|  |TAMS 0x000000060e400000| PB 0x000000060e400000| Untracked |  0
|  58|0x000000060e800000, 0x000000060ec00000, 0x000000060ec00000|100%| O|  |TAMS 0x000000060ec00000| PB 0x000000060ec00000| Updating |  0
|  59|0x000000060ec00000, 0x000000060f000000, 0x000000060f000000|100%| O|  |TAMS 0x000000060f000000| PB 0x000000060f000000| Updating |  0
|  60|0x000000060f000000, 0x000000060f400000, 0x000000060f400000|100%| O|  |TAMS 0x000000060f400000| PB 0x000000060f400000| Updating |  0
|  61|0x000000060f400000, 0x000000060f800000, 0x000000060f800000|100%| O|  |TAMS 0x000000060f800000| PB 0x000000060f800000| Updating |  0
|  62|0x000000060f800000, 0x000000060fc00000, 0x000000060fc00000|100%| O|  |TAMS 0x000000060fc00000| PB 0x000000060fc00000| Updating |  0
|  63|0x000000060fc00000, 0x0000000610000000, 0x0000000610000000|100%| O|  |TAMS 0x0000000610000000| PB 0x0000000610000000| Untracked |  0
|  64|0x0000000610000000, 0x0000000610400000, 0x0000000610400000|100%| O|  |TAMS 0x0000000610400000| PB 0x0000000610400000| Untracked |  0
|  65|0x0000000610400000, 0x0000000610800000, 0x0000000610800000|100%| O|  |TAMS 0x0000000610800000| PB 0x0000000610800000| Untracked |  0
|  66|0x0000000610800000, 0x0000000610800000, 0x0000000610c00000|  0%| F|  |TAMS 0x0000000610800000| PB 0x0000000610800000| Untracked |  0
|  67|0x0000000610c00000, 0x0000000610c00000, 0x0000000611000000|  0%| F|  |TAMS 0x0000000610c00000| PB 0x0000000610c00000| Untracked |  0
|  68|0x0000000611000000, 0x0000000611000000, 0x0000000611400000|  0%| F|  |TAMS 0x0000000611000000| PB 0x0000000611000000| Untracked |  0
|  69|0x0000000611400000, 0x0000000611400000, 0x0000000611800000|  0%| F|  |TAMS 0x0000000611400000| PB 0x0000000611400000| Untracked |  0
|  70|0x0000000611800000, 0x0000000611800000, 0x0000000611c00000|  0%| F|  |TAMS 0x0000000611800000| PB 0x0000000611800000| Untracked |  0
|  71|0x0000000611c00000, 0x0000000611d8b780, 0x0000000612000000| 38%| O|  |TAMS 0x0000000611c00000| PB 0x0000000611c00000| Updating |  0
|  72|0x0000000612000000, 0x0000000612000000, 0x0000000612400000|  0%| F|  |TAMS 0x0000000612000000| PB 0x0000000612000000| Untracked |  0
|  73|0x0000000612400000, 0x0000000612400000, 0x0000000612800000|  0%| F|  |TAMS 0x0000000612400000| PB 0x0000000612400000| Untracked |  0
|  74|0x0000000612800000, 0x0000000612800000, 0x0000000612c00000|  0%| F|  |TAMS 0x0000000612800000| PB 0x0000000612800000| Untracked |  0
|  75|0x0000000612c00000, 0x0000000612c00000, 0x0000000613000000|  0%| F|  |TAMS 0x0000000612c00000| PB 0x0000000612c00000| Untracked |  0
|  76|0x0000000613000000, 0x0000000613000000, 0x0000000613400000|  0%| F|  |TAMS 0x0000000613000000| PB 0x0000000613000000| Untracked |  0
|  77|0x0000000613400000, 0x0000000613400000, 0x0000000613800000|  0%| F|  |TAMS 0x0000000613400000| PB 0x0000000613400000| Untracked |  0
|  78|0x0000000613800000, 0x0000000613b6edc0, 0x0000000613c00000| 85%| S|CS|TAMS 0x0000000613800000| PB 0x0000000613800000| Complete |  0
|  79|0x0000000613c00000, 0x0000000613c00000, 0x0000000614000000|  0%| F|  |TAMS 0x0000000613c00000| PB 0x0000000613c00000| Untracked |  0
|  80|0x0000000614000000, 0x0000000614000000, 0x0000000614400000|  0%| F|  |TAMS 0x0000000614000000| PB 0x0000000614000000| Untracked |  0
|  81|0x0000000614400000, 0x0000000614400000, 0x0000000614800000|  0%| F|  |TAMS 0x0000000614400000| PB 0x0000000614400000| Untracked |  0
|  82|0x0000000614800000, 0x0000000614800000, 0x0000000614c00000|  0%| F|  |TAMS 0x0000000614800000| PB 0x0000000614800000| Untracked |  0
|  83|0x0000000614c00000, 0x0000000614c00000, 0x0000000615000000|  0%| F|  |TAMS 0x0000000614c00000| PB 0x0000000614c00000| Untracked |  0
|  84|0x0000000615000000, 0x0000000615000000, 0x0000000615400000|  0%| F|  |TAMS 0x0000000615000000| PB 0x0000000615000000| Untracked |  0
|  85|0x0000000615400000, 0x0000000615400000, 0x0000000615800000|  0%| F|  |TAMS 0x0000000615400000| PB 0x0000000615400000| Untracked |  0
|  86|0x0000000615800000, 0x0000000615800000, 0x0000000615c00000|  0%| F|  |TAMS 0x0000000615800000| PB 0x0000000615800000| Untracked |  0
|  87|0x0000000615c00000, 0x0000000615c00000, 0x0000000616000000|  0%| F|  |TAMS 0x0000000615c00000| PB 0x0000000615c00000| Untracked |  0
|  88|0x0000000616000000, 0x0000000616000000, 0x0000000616400000|  0%| F|  |TAMS 0x0000000616000000| PB 0x0000000616000000| Untracked |  0
|  89|0x0000000616400000, 0x0000000616400000, 0x0000000616800000|  0%| F|  |TAMS 0x0000000616400000| PB 0x0000000616400000| Untracked |  0
|  90|0x0000000616800000, 0x0000000616800000, 0x0000000616c00000|  0%| F|  |TAMS 0x0000000616800000| PB 0x0000000616800000| Untracked |  0
|  91|0x0000000616c00000, 0x0000000616c00000, 0x0000000617000000|  0%| F|  |TAMS 0x0000000616c00000| PB 0x0000000616c00000| Untracked |  0
|  92|0x0000000617000000, 0x0000000617000000, 0x0000000617400000|  0%| F|  |TAMS 0x0000000617000000| PB 0x0000000617000000| Untracked |  0
|  93|0x0000000617400000, 0x0000000617400000, 0x0000000617800000|  0%| F|  |TAMS 0x0000000617400000| PB 0x0000000617400000| Untracked |  0
|  94|0x0000000617800000, 0x0000000617800000, 0x0000000617c00000|  0%| F|  |TAMS 0x0000000617800000| PB 0x0000000617800000| Untracked |  0
|  95|0x0000000617c00000, 0x0000000617c00000, 0x0000000618000000|  0%| F|  |TAMS 0x0000000617c00000| PB 0x0000000617c00000| Untracked |  0
|  96|0x0000000618000000, 0x0000000618000000, 0x0000000618400000|  0%| F|  |TAMS 0x0000000618000000| PB 0x0000000618000000| Untracked |  0
|  97|0x0000000618400000, 0x0000000618400000, 0x0000000618800000|  0%| F|  |TAMS 0x0000000618400000| PB 0x0000000618400000| Untracked |  0
|  98|0x0000000618800000, 0x0000000618800000, 0x0000000618c00000|  0%| F|  |TAMS 0x0000000618800000| PB 0x0000000618800000| Untracked |  0
|  99|0x0000000618c00000, 0x0000000618c00000, 0x0000000619000000|  0%| F|  |TAMS 0x0000000618c00000| PB 0x0000000618c00000| Untracked |  0
| 100|0x0000000619000000, 0x0000000619000000, 0x0000000619400000|  0%| F|  |TAMS 0x0000000619000000| PB 0x0000000619000000| Untracked |  0
| 101|0x0000000619400000, 0x0000000619400000, 0x0000000619800000|  0%| F|  |TAMS 0x0000000619400000| PB 0x0000000619400000| Untracked |  0
| 102|0x0000000619800000, 0x0000000619800000, 0x0000000619c00000|  0%| F|  |TAMS 0x0000000619800000| PB 0x0000000619800000| Untracked |  0
| 103|0x0000000619c00000, 0x0000000619c00000, 0x000000061a000000|  0%| F|  |TAMS 0x0000000619c00000| PB 0x0000000619c00000| Untracked |  0
| 104|0x000000061a000000, 0x000000061a2f4f58, 0x000000061a400000| 73%| E|  |TAMS 0x000000061a000000| PB 0x000000061a000000| Complete |  0
|2040|0x00000007fe000000, 0x00000007fe400000, 0x00000007fe400000|100%| O|  |TAMS 0x00000007fe0472e0| PB 0x00000007fe0472e0| Untracked |  0
|2041|0x00000007fe400000, 0x00000007fe800000, 0x00000007fe800000|100%| O|  |TAMS 0x00000007fe800000| PB 0x00000007fe800000| Updating |  0
|2042|0x00000007fe800000, 0x00000007fec00000, 0x00000007fec00000|100%| O|  |TAMS 0x00000007fec00000| PB 0x00000007fec00000| Untracked |  0
|2043|0x00000007fec00000, 0x00000007ff000000, 0x00000007ff000000|100%| O|  |TAMS 0x00000007ff000000| PB 0x00000007ff000000| Updating |  0
|2044|0x00000007ff000000, 0x00000007ff400000, 0x00000007ff400000|100%| O|  |TAMS 0x00000007ff400000| PB 0x00000007ff400000| Untracked |  0
|2045|0x00000007ff400000, 0x00000007ff800000, 0x00000007ff800000|100%| E|CS|TAMS 0x00000007ff400000| PB 0x00000007ff400000| Complete |  0
|2046|0x00000007ff800000, 0x00000007ffc00000, 0x00000007ffc00000|100%| O|  |TAMS 0x00000007ffc00000| PB 0x00000007ffc00000| Untracked |  0
|2047|0x00000007ffc00000, 0x0000000800000000, 0x0000000800000000|100%| O|  |TAMS 0x0000000800000000| PB 0x0000000800000000| Untracked |  0

Card table byte_map: [0x0000027a4e230000,0x0000027a4f230000] _byte_map_base: 0x0000027a4b230000

Marking Bits: (CMBitMap*) 0x0000027a244fade0
 Bits: [0x0000027a4f230000, 0x0000027a57230000)

Polling page: 0x0000027a223b0000

Metaspace:

Usage:
  Non-class:    166.52 MB used.
      Class:     25.56 MB used.
       Both:    192.08 MB used.

Virtual space:
  Non-class space:      192.00 MB reserved,     168.12 MB ( 88%) committed,  3 nodes.
      Class space:        1.00 GB reserved,      27.06 MB (  3%) committed,  1 nodes.
             Both:        1.19 GB reserved,     195.19 MB ( 16%) committed. 

Chunk freelists:
   Non-Class:  7.39 MB
       Class:  4.95 MB
        Both:  12.34 MB

MaxMetaspaceSize: 4.00 GB
CompressedClassSpaceSize: 1.00 GB
Initial GC threshold: 21.00 MB
Current GC threshold: 324.38 MB
CDS: on
 - commit_granule_bytes: 65536.
 - commit_granule_words: 8192.
 - virtual_space_node_default_size: 8388608.
 - enlarge_chunks_in_place: 1.
 - use_allocation_guard: 0.


Internal statistics:

num_allocs_failed_limit: 9.
num_arena_births: 5464.
num_arena_deaths: 2.
num_vsnodes_births: 4.
num_vsnodes_deaths: 0.
num_space_committed: 3122.
num_space_uncommitted: 0.
num_chunks_returned_to_freelist: 15.
num_chunks_taken_from_freelist: 13528.
num_chunk_merges: 6.
num_chunk_splits: 9480.
num_chunks_enlarged: 6747.
num_inconsistent_stats: 0.

CodeHeap 'non-profiled nmethods': size=258432Kb used=19779Kb max_used=21540Kb free=238652Kb
 bounds [0x0000027a3cb30000, 0x0000027a3e040000, 0x0000027a4c790000]
CodeHeap 'profiled nmethods': size=258368Kb used=49317Kb max_used=57849Kb free=209050Kb
 bounds [0x0000027a2c790000, 0x0000027a30010000, 0x0000027a3c3e0000]
CodeHeap 'non-nmethods': size=7488Kb used=3362Kb max_used=5106Kb free=4125Kb
 bounds [0x0000027a3c3e0000, 0x0000027a3c8f0000, 0x0000027a3cb30000]
 total_blobs=24242 nmethods=22912 adapters=1230
 compilation: enabled
              stopped_count=0, restarted_count=0
 full_count=0

Compilation events (20 events):
Event: 190.168 Thread 0x0000027a5a330090 nmethod 33304 0x0000027a3d7fc510 code [0x0000027a3d7fc7a0, 0x0000027a3d7fd3f0]
Event: 190.168 Thread 0x0000027a5a330090 33310       4       org.gradle.internal.logging.events.LogEvent::<init> (23 bytes)
Event: 190.173 Thread 0x0000027a5a330090 nmethod 33310 0x0000027a3cd30e10 code [0x0000027a3cd30fa0, 0x0000027a3cd31510]
Event: 190.173 Thread 0x0000027a5a330090 33311       4       org.slf4j.helpers.MessageFormatter::arrayFormat (23 bytes)
Event: 190.177 Thread 0x0000027aac22f3f0 nmethod 33303 0x0000027a3d120b10 code [0x0000027a3d120dc0, 0x0000027a3d121ee0]
Event: 190.177 Thread 0x0000027aac22f3f0 33312       4       org.gradle.internal.logging.slf4j.BuildOperationAwareLogger::log (22 bytes)
Event: 190.195 Thread 0x0000027aac22d1e0 nmethod 33309 0x0000027a3cfd6610 code [0x0000027a3cfd6920, 0x0000027a3cfd7e60]
Event: 190.195 Thread 0x0000027aac22d1e0 33313       4       java.lang.Object::toString (36 bytes)
Event: 190.249 Thread 0x0000027aac22d1e0 nmethod 33313 0x0000027a3dc0ca10 code [0x0000027a3dc0cd00, 0x0000027a3dc0e7b0]
Event: 190.249 Thread 0x0000027aac22d1e0 33314       4       org.gradle.launcher.daemon.protocol.BuildEvent::toString (38 bytes)
Event: 190.268 Thread 0x0000027a5a330090 nmethod 33311 0x0000027a3ce25590 code [0x0000027a3ce25980, 0x0000027a3ce28610]
Event: 190.269 Thread 0x0000027a5a330090 33315   !   4       org.gradle.launcher.daemon.server.exec.DaemonConnectionBackedEventConsumer$ForwardEvents::dispatchEvent (26 bytes)
Event: 190.272 Thread 0x0000027a5a330090 nmethod 33315 0x0000027a3cbf1390 code [0x0000027a3cbf1540, 0x0000027a3cbf1750]
Event: 190.278 Thread 0x0000027aac22f3f0 nmethod 33312 0x0000027a3ce60310 code [0x0000027a3ce60700, 0x0000027a3ce635b8]
Event: 190.290 Thread 0x0000027a5a330090 33316       4       java.text.DecimalFormat::setMaximumIntegerDigits (66 bytes)
Event: 190.291 Thread 0x0000027a5a330090 nmethod 33316 0x0000027a3d238d90 code [0x0000027a3d238f20, 0x0000027a3d239040]
Event: 190.304 Thread 0x0000027aac22d1e0 nmethod 33314 0x0000027a3cd66310 code [0x0000027a3cd66680, 0x0000027a3cd68688]
Event: 190.325 Thread 0x0000027a5a330090 33317       4       org.gradle.internal.logging.events.LogEvent::render (37 bytes)
Event: 190.326 Thread 0x0000027aac22df80 nmethod 33308 0x0000027a3ce1c990 code [0x0000027a3ce1cea0, 0x0000027a3ce20cb8]
Event: 190.332 Thread 0x0000027a5a330090 nmethod 33317 0x0000027a3ddfd190 code [0x0000027a3ddfd3c0, 0x0000027a3ddfd9f0]

GC Heap History (20 events):
Event: 24.753 GC heap before
{Heap before GC invocations=47 (full 0):
 garbage-first heap   total reserved 8388608K, committed 397312K, used 360628K [0x0000000600000000, 0x0000000800000000)
  region size 4096K, 37 young (151552K), 2 survivors (8192K)
 Metaspace       used 175917K, committed 179008K, reserved 1245184K
  class space    used 23627K, committed 25088K, reserved 1048576K
}
Event: 24.761 GC heap after
{Heap after GC invocations=48 (full 0):
 garbage-first heap   total reserved 8388608K, committed 397312K, used 228536K [0x0000000600000000, 0x0000000800000000)
  region size 4096K, 5 young (20480K), 5 survivors (20480K)
 Metaspace       used 175917K, committed 179008K, reserved 1245184K
  class space    used 23627K, committed 25088K, reserved 1048576K
}
Event: 38.883 GC heap before
{Heap before GC invocations=49 (full 0):
 garbage-first heap   total reserved 8388608K, committed 397312K, used 343224K [0x0000000600000000, 0x0000000800000000)
  region size 4096K, 34 young (139264K), 5 survivors (20480K)
 Metaspace       used 183907K, committed 187136K, reserved 1245184K
  class space    used 24609K, committed 26176K, reserved 1048576K
}
Event: 38.902 GC heap after
{Heap after GC invocations=50 (full 0):
 garbage-first heap   total reserved 8388608K, committed 397312K, used 229681K [0x0000000600000000, 0x0000000800000000)
  region size 4096K, 3 young (12288K), 3 survivors (12288K)
 Metaspace       used 183907K, committed 187136K, reserved 1245184K
  class space    used 24609K, committed 26176K, reserved 1048576K
}
Event: 70.644 GC heap before
{Heap before GC invocations=50 (full 0):
 garbage-first heap   total reserved 8388608K, committed 397312K, used 356657K [0x0000000600000000, 0x0000000800000000)
  region size 4096K, 34 young (139264K), 3 survivors (12288K)
 Metaspace       used 185900K, committed 189056K, reserved 1245184K
  class space    used 24805K, committed 26304K, reserved 1048576K
}
Event: 70.662 GC heap after
{Heap after GC invocations=51 (full 0):
 garbage-first heap   total reserved 8388608K, committed 397312K, used 230802K [0x0000000600000000, 0x0000000800000000)
  region size 4096K, 4 young (16384K), 4 survivors (16384K)
 Metaspace       used 185900K, committed 189056K, reserved 1245184K
  class space    used 24805K, committed 26304K, reserved 1048576K
}
Event: 100.841 GC heap before
{Heap before GC invocations=51 (full 0):
 garbage-first heap   total reserved 8388608K, committed 397312K, used 353682K [0x0000000600000000, 0x0000000800000000)
  region size 4096K, 34 young (139264K), 4 survivors (16384K)
 Metaspace       used 189038K, committed 192192K, reserved 1245184K
  class space    used 25199K, committed 26688K, reserved 1048576K
}
Event: 100.848 GC heap after
{Heap after GC invocations=52 (full 0):
 garbage-first heap   total reserved 8388608K, committed 397312K, used 237674K [0x0000000600000000, 0x0000000800000000)
  region size 4096K, 3 young (12288K), 3 survivors (12288K)
 Metaspace       used 189038K, committed 192192K, reserved 1245184K
  class space    used 25199K, committed 26688K, reserved 1048576K
}
Event: 101.600 GC heap before
{Heap before GC invocations=53 (full 0):
 garbage-first heap   total reserved 8388608K, committed 405504K, used 356458K [0x0000000600000000, 0x0000000800000000)
  region size 4096K, 32 young (131072K), 3 survivors (12288K)
 Metaspace       used 194264K, committed 197504K, reserved 1245184K
  class space    used 25916K, committed 27456K, reserved 1048576K
}
Event: 101.609 GC heap after
{Heap after GC invocations=54 (full 0):
 garbage-first heap   total reserved 8388608K, committed 405504K, used 247467K [0x0000000600000000, 0x0000000800000000)
  region size 4096K, 4 young (16384K), 4 survivors (16384K)
 Metaspace       used 194264K, committed 197504K, reserved 1245184K
  class space    used 25916K, committed 27456K, reserved 1048576K
}
Event: 186.503 GC heap before
{Heap before GC invocations=54 (full 0):
 garbage-first heap   total reserved 8388608K, committed 405504K, used 358059K [0x0000000600000000, 0x0000000800000000)
  region size 4096K, 32 young (131072K), 4 survivors (16384K)
 Metaspace       used 195762K, committed 198976K, reserved 1245184K
  class space    used 26126K, committed 27712K, reserved 1048576K
}
Event: 186.516 GC heap after
{Heap after GC invocations=55 (full 0):
 garbage-first heap   total reserved 8388608K, committed 405504K, used 256056K [0x0000000600000000, 0x0000000800000000)
  region size 4096K, 4 young (16384K), 4 survivors (16384K)
 Metaspace       used 195762K, committed 198976K, reserved 1245184K
  class space    used 26126K, committed 27712K, reserved 1048576K
}
Event: 187.242 GC heap before
{Heap before GC invocations=55 (full 0):
 garbage-first heap   total reserved 8388608K, committed 405504K, used 362552K [0x0000000600000000, 0x0000000800000000)
  region size 4096K, 30 young (122880K), 4 survivors (16384K)
 Metaspace       used 195989K, committed 199232K, reserved 1245184K
  class space    used 26127K, committed 27712K, reserved 1048576K
}
Event: 187.251 GC heap after
{Heap after GC invocations=56 (full 0):
 garbage-first heap   total reserved 8388608K, committed 405504K, used 266787K [0x0000000600000000, 0x0000000800000000)
  region size 4096K, 3 young (12288K), 3 survivors (12288K)
 Metaspace       used 195989K, committed 199232K, reserved 1245184K
  class space    used 26127K, committed 27712K, reserved 1048576K
}
Event: 187.872 GC heap before
{Heap before GC invocations=57 (full 0):
 garbage-first heap   total reserved 8388608K, committed 450560K, used 360995K [0x0000000600000000, 0x0000000800000000)
  region size 4096K, 27 young (110592K), 3 survivors (12288K)
 Metaspace       used 196160K, committed 199424K, reserved 1245184K
  class space    used 26129K, committed 27712K, reserved 1048576K
}
Event: 187.890 GC heap after
{Heap after GC invocations=58 (full 0):
 garbage-first heap   total reserved 8388608K, committed 450560K, used 282202K [0x0000000600000000, 0x0000000800000000)
  region size 4096K, 4 young (16384K), 4 survivors (16384K)
 Metaspace       used 196160K, committed 199424K, reserved 1245184K
  class space    used 26129K, committed 27712K, reserved 1048576K
}
Event: 189.210 GC heap before
{Heap before GC invocations=58 (full 0):
 garbage-first heap   total reserved 8388608K, committed 450560K, used 409178K [0x0000000600000000, 0x0000000800000000)
  region size 4096K, 35 young (143360K), 4 survivors (16384K)
 Metaspace       used 196651K, committed 199872K, reserved 1245184K
  class space    used 26175K, committed 27712K, reserved 1048576K
}
Event: 189.229 GC heap after
{Heap after GC invocations=59 (full 0):
 garbage-first heap   total reserved 8388608K, committed 462848K, used 299092K [0x0000000600000000, 0x0000000800000000)
  region size 4096K, 5 young (20480K), 5 survivors (20480K)
 Metaspace       used 196651K, committed 199872K, reserved 1245184K
  class space    used 26175K, committed 27712K, reserved 1048576K
}
Event: 190.929 GC heap before
{Heap before GC invocations=59 (full 0):
 garbage-first heap   total reserved 8388608K, committed 462848K, used 409684K [0x0000000600000000, 0x0000000800000000)
  region size 4096K, 32 young (131072K), 5 survivors (20480K)
 Metaspace       used 196688K, committed 199872K, reserved 1245184K
  class space    used 26175K, committed 27712K, reserved 1048576K
}
Event: 190.940 GC heap after
{Heap after GC invocations=60 (full 0):
 garbage-first heap   total reserved 8388608K, committed 462848K, used 303904K [0x0000000600000000, 0x0000000800000000)
  region size 4096K, 1 young (4096K), 1 survivors (4096K)
 Metaspace       used 196688K, committed 199872K, reserved 1245184K
  class space    used 26175K, committed 27712K, reserved 1048576K
}

Dll operation events (16 events):
Event: 0.006 Loaded shared library C:\Program Files\Java\jdk-22\bin\java.dll
Event: 0.027 Loaded shared library C:\Program Files\Java\jdk-22\bin\jsvml.dll
Event: 0.053 Loaded shared library C:\Program Files\Java\jdk-22\bin\zip.dll
Event: 0.055 Loaded shared library C:\Program Files\Java\jdk-22\bin\instrument.dll
Event: 0.057 Loaded shared library C:\Program Files\Java\jdk-22\bin\net.dll
Event: 0.058 Loaded shared library C:\Program Files\Java\jdk-22\bin\nio.dll
Event: 0.060 Loaded shared library C:\Program Files\Java\jdk-22\bin\zip.dll
Event: 0.210 Loaded shared library C:\Program Files\Java\jdk-22\bin\jimage.dll
Event: 0.302 Loaded shared library C:\Program Files\Java\jdk-22\bin\verify.dll
Event: 0.405 Loaded shared library C:\Users\HP\.gradle\native\1def1411415f61bf3af743bc5b6707747c0891f09f0c88961ee8f79bc544acac\windows-amd64\native-platform.dll
Event: 0.409 Loaded shared library C:\Users\HP\.gradle\native\0.2.5\x86_64-windows-gnu\gradle-fileevents.dll
Event: 1.041 Loaded shared library C:\Program Files\Java\jdk-22\bin\management.dll
Event: 1.042 Loaded shared library C:\Program Files\Java\jdk-22\bin\management_ext.dll
Event: 1.175 Loaded shared library C:\Program Files\Java\jdk-22\bin\extnet.dll
Event: 1.305 Loaded shared library C:\Program Files\Java\jdk-22\bin\sunmscapi.dll
Event: 1.686 Loaded shared library C:\Users\HP\AppData\Local\Temp\native-platform14373796519072276382dir\gradle-fileevents.dll

Deoptimization events (20 events):
Event: 189.308 Thread 0x0000027ab1d53c90 Uncommon trap: trap_request=0xffffffc6 fr.pc=0x0000027a3d4d85c0 relative=0x0000000000000bc0
Event: 189.308 Thread 0x0000027ab1d53c90 Uncommon trap: reason=bimorphic_or_optimized_type_check action=maybe_recompile pc=0x0000027a3d4d85c0 method=com.google.common.cache.LocalCache$Segment.get(Ljava/lang/Object;I)Ljava/lang/Object; @ 44 c2
Event: 189.308 Thread 0x0000027ab1d53c90 DEOPT PACKING pc=0x0000027a3d4d85c0 sp=0x0000007a803fbcc0
Event: 189.308 Thread 0x0000027ab1d53c90 DEOPT UNPACKING pc=0x0000027a3c4346a2 sp=0x0000007a803fbc10 mode 2
Event: 189.313 Thread 0x0000027ab1d53c90 Uncommon trap: trap_request=0xffffffc6 fr.pc=0x0000027a3d4d85c0 relative=0x0000000000000bc0
Event: 189.313 Thread 0x0000027ab1d53c90 Uncommon trap: reason=bimorphic_or_optimized_type_check action=maybe_recompile pc=0x0000027a3d4d85c0 method=com.google.common.cache.LocalCache$Segment.get(Ljava/lang/Object;I)Ljava/lang/Object; @ 44 c2
Event: 189.313 Thread 0x0000027ab1d53c90 DEOPT PACKING pc=0x0000027a3d4d85c0 sp=0x0000007a803fb930
Event: 189.313 Thread 0x0000027ab1d53c90 DEOPT UNPACKING pc=0x0000027a3c4346a2 sp=0x0000007a803fb880 mode 2
Event: 189.342 Thread 0x0000027aa6f6dd10 Uncommon trap: trap_request=0xffffff45 fr.pc=0x0000027a3d00fe58 relative=0x00000000000002b8
Event: 189.342 Thread 0x0000027aa6f6dd10 Uncommon trap: reason=unstable_if action=reinterpret pc=0x0000027a3d00fe58 method=java.util.concurrent.locks.AbstractQueuedSynchronizer.tryInitializeHead()Ljava/util/concurrent/locks/AbstractQueuedSynchronizer$Node; @ 56 c2
Event: 189.342 Thread 0x0000027aa6f6dd10 DEOPT PACKING pc=0x0000027a3d00fe58 sp=0x0000007a88fff230
Event: 189.342 Thread 0x0000027aa6f6dd10 DEOPT UNPACKING pc=0x0000027a3c4346a2 sp=0x0000007a88fff1d0 mode 2
Event: 189.395 Thread 0x0000027ab1d54320 Uncommon trap: trap_request=0xffffff45 fr.pc=0x0000027a3cdc349c relative=0x0000000000000cdc
Event: 189.396 Thread 0x0000027ab1d54320 Uncommon trap: reason=unstable_if action=reinterpret pc=0x0000027a3cdc349c method=org.gradle.internal.logging.slf4j.OutputEventListenerBackedLogger.isLevelAtMost(Lorg/gradle/api/logging/LogLevel;)Z @ 11 c2
Event: 189.397 Thread 0x0000027ab1d54320 DEOPT PACKING pc=0x0000027a3cdc349c sp=0x0000007a806ff460
Event: 189.397 Thread 0x0000027ab1d54320 DEOPT UNPACKING pc=0x0000027a3c4346a2 sp=0x0000007a806ff150 mode 2
Event: 189.684 Thread 0x0000027ab1d54320 Uncommon trap: trap_request=0xffffff3d fr.pc=0x0000027a3d28aa54 relative=0x0000000000001154
Event: 189.684 Thread 0x0000027ab1d54320 Uncommon trap: reason=unstable_fused_if action=reinterpret pc=0x0000027a3d28aa54 method=java.text.SimpleDateFormat.zeroPaddingNumber(IIILjava/lang/StringBuffer;)V @ 36 c2
Event: 189.684 Thread 0x0000027ab1d54320 DEOPT PACKING pc=0x0000027a3d28aa54 sp=0x0000007a806fec60
Event: 189.684 Thread 0x0000027ab1d54320 DEOPT UNPACKING pc=0x0000027a3c4346a2 sp=0x0000007a806fec28 mode 2

Classes loaded (20 events):
Event: 100.359 Loading class java/util/TreeMap$ValueSpliterator
Event: 100.359 Loading class java/util/TreeMap$ValueSpliterator done
Event: 100.850 Loading class sun/security/ssl/Alert
Event: 100.851 Loading class sun/security/ssl/Alert done
Event: 100.851 Loading class sun/security/ssl/Alert$AlertConsumer
Event: 100.852 Loading class sun/security/ssl/Alert$AlertConsumer done
Event: 100.852 Loading class sun/security/ssl/Alert$Level
Event: 100.852 Loading class sun/security/ssl/Alert$Level done
Event: 101.280 Loading class java/lang/ExceptionInInitializerError
Event: 101.280 Loading class java/lang/ExceptionInInitializerError done
Event: 101.294 Loading class javax/crypto/NoSuchPaddingException
Event: 101.294 Loading class javax/crypto/NoSuchPaddingException done
Event: 101.377 Loading class java/security/cert/CertificateEncodingException
Event: 101.378 Loading class java/security/cert/CertificateEncodingException done
Event: 101.826 Loading class java/text/MessageFormat
Event: 101.826 Loading class java/text/MessageFormat done
Event: 101.826 Loading class java/text/MessageFormat$Field
Event: 101.826 Loading class java/text/MessageFormat$Field done
Event: 101.989 Loading class java/net/UrlDeserializedState
Event: 101.989 Loading class java/net/UrlDeserializedState done

Classes unloaded (5 events):
Event: 6.404 Thread 0x0000027a59501150 Unloading class 0x0000027a5c5a9000 '_BuildScript_$_run_closure1$_closure2'
Event: 6.404 Thread 0x0000027a59501150 Unloading class 0x0000027a5c5a8a98 '_BuildScript_$_run_closure1'
Event: 6.404 Thread 0x0000027a59501150 Unloading class 0x0000027a5c5a8568 '_BuildScript_'
Event: 6.404 Thread 0x0000027a59501150 Unloading class 0x0000027a5c5a82b0 'GradleAnnotationProcessorPatchPlugin$AnnotationProcessorModelBuilder'
Event: 6.404 Thread 0x0000027a59501150 Unloading class 0x0000027a5c5a8000 'GradleAnnotationProcessorPatchPlugin'

Classes redefined (0 events):
No events

Internal exceptions (20 events):
Event: 186.264 Thread 0x0000027ab1d53c90 Exception <a 'java/lang/NoSuchMethodError'{0x0000000611b2fd78}: static Lorg/gradle/tooling/internal/consumer/versioning/VersionDetails$R48VersionDetails;.<clinit>()V> (0x0000000611b2fd78) 
thrown [s\open\src\hotspot\share\prims\jni.cpp, line 1111]
Event: 186.264 Thread 0x0000027ab1d53c90 Exception <a 'java/lang/NoSuchMethodError'{0x0000000611b30fd0}: static Lorg/gradle/tooling/internal/consumer/versioning/VersionDetails$R51VersionDetails;.<clinit>()V> (0x0000000611b30fd0) 
thrown [s\open\src\hotspot\share\prims\jni.cpp, line 1111]
Event: 186.266 Thread 0x0000027ab1d53c90 Exception <a 'java/lang/NoSuchMethodError'{0x0000000611b40660}: static [Lorg/gradle/tooling/BuildAction;.<clinit>()V> (0x0000000611b40660) 
thrown [s\open\src\hotspot\share\prims\jni.cpp, line 1111]
Event: 186.269 Thread 0x0000027ab1d53c90 Exception <a 'java/lang/NoSuchMethodError'{0x0000000611b4e030}: static Lorg/eclipse/buildship/core/internal/workspace/TellGradleToRunSynchronizationTasks;.<clinit>()V> (0x0000000611b4e030) 
thrown [s\open\src\hotspot\share\prims\jni.cpp, line 1111]
Event: 186.329 Thread 0x0000027ab1d53c90 Exception <a 'sun/nio/fs/WindowsException'{0x00000006114aa1d8}> (0x00000006114aa1d8) 
thrown [s\open\src\hotspot\share\prims\jni.cpp, line 520]
Event: 186.329 Thread 0x0000027ab1d53c90 Exception <a 'sun/nio/fs/WindowsException'{0x00000006114ab918}> (0x00000006114ab918) 
thrown [s\open\src\hotspot\share\prims\jni.cpp, line 520]
Event: 186.329 Thread 0x0000027ab1d53c90 Exception <a 'sun/nio/fs/WindowsException'{0x00000006114ad048}> (0x00000006114ad048) 
thrown [s\open\src\hotspot\share\prims\jni.cpp, line 520]
Event: 186.329 Thread 0x0000027ab1d53c90 Exception <a 'sun/nio/fs/WindowsException'{0x00000006114ae368}> (0x00000006114ae368) 
thrown [s\open\src\hotspot\share\prims\jni.cpp, line 520]
Event: 186.377 Thread 0x0000027ab1d53c90 Exception <a 'sun/nio/fs/WindowsException'{0x00000006115d7348}> (0x00000006115d7348) 
thrown [s\open\src\hotspot\share\prims\jni.cpp, line 520]
Event: 186.378 Thread 0x0000027ab1d53c90 Exception <a 'sun/nio/fs/WindowsException'{0x00000006115d8fe8}> (0x00000006115d8fe8) 
thrown [s\open\src\hotspot\share\prims\jni.cpp, line 520]
Event: 186.378 Thread 0x0000027ab1d53c90 Exception <a 'sun/nio/fs/WindowsException'{0x00000006115dac78}> (0x00000006115dac78) 
thrown [s\open\src\hotspot\share\prims\jni.cpp, line 520]
Event: 186.378 Thread 0x0000027ab1d53c90 Exception <a 'sun/nio/fs/WindowsException'{0x00000006115dc4f8}> (0x00000006115dc4f8) 
thrown [s\open\src\hotspot\share\prims\jni.cpp, line 520]
Event: 186.560 Thread 0x0000027ab1d53c90 Implicit null exception at 0x0000027a3ddf74ed to 0x0000027a3ddf75bc
Event: 186.861 Thread 0x0000027ab1d66a70 Exception <a 'sun/nio/fs/WindowsException'{0x0000000615658930}> (0x0000000615658930) 
thrown [s\open\src\hotspot\share\prims\jni.cpp, line 520]
Event: 186.862 Thread 0x0000027ab1d66a70 Exception <a 'sun/nio/fs/WindowsException'{0x000000061565abf8}> (0x000000061565abf8) 
thrown [s\open\src\hotspot\share\prims\jni.cpp, line 520]
Event: 186.862 Thread 0x0000027ab1d66a70 Exception <a 'sun/nio/fs/WindowsException'{0x000000061565cb48}> (0x000000061565cb48) 
thrown [s\open\src\hotspot\share\prims\jni.cpp, line 520]
Event: 186.863 Thread 0x0000027ab1d66a70 Exception <a 'sun/nio/fs/WindowsException'{0x000000061565e7b0}> (0x000000061565e7b0) 
thrown [s\open\src\hotspot\share\prims\jni.cpp, line 520]
Event: 186.871 Thread 0x0000027ab1d66a70 Exception <a 'sun/nio/fs/WindowsException'{0x0000000615674cd0}> (0x0000000615674cd0) 
thrown [s\open\src\hotspot\share\prims\jni.cpp, line 520]
Event: 186.872 Thread 0x0000027ab1d66a70 Exception <a 'sun/nio/fs/WindowsException'{0x0000000615676cb8}> (0x0000000615676cb8) 
thrown [s\open\src\hotspot\share\prims\jni.cpp, line 520]
Event: 186.872 Thread 0x0000027ab1d66a70 Exception <a 'sun/nio/fs/WindowsException'{0x0000000615678948}> (0x0000000615678948) 
thrown [s\open\src\hotspot\share\prims\jni.cpp, line 520]

ZGC Phase Switch (0 events):
No events

VM Operations (20 events):
Event: 186.833 Executing VM operation: ICBufferFull done
Event: 187.185 Executing VM operation: ICBufferFull
Event: 187.185 Executing VM operation: ICBufferFull done
Event: 187.241 Executing VM operation: G1CollectForAllocation (G1 Evacuation Pause)
Event: 187.251 Executing VM operation: G1CollectForAllocation (G1 Evacuation Pause) done
Event: 187.358 Executing VM operation: G1PauseRemark
Event: 187.382 Executing VM operation: G1PauseRemark done
Event: 187.461 Executing VM operation: G1PauseCleanup
Event: 187.462 Executing VM operation: G1PauseCleanup done
Event: 187.872 Executing VM operation: G1CollectForAllocation (G1 Evacuation Pause)
Event: 187.890 Executing VM operation: G1CollectForAllocation (G1 Evacuation Pause) done
Event: 188.454 Executing VM operation: ICBufferFull
Event: 188.454 Executing VM operation: ICBufferFull done
Event: 189.210 Executing VM operation: G1CollectForAllocation (G1 Evacuation Pause)
Event: 189.229 Executing VM operation: G1CollectForAllocation (G1 Evacuation Pause) done
Event: 190.241 Executing VM operation: Cleanup
Event: 190.242 Executing VM operation: Cleanup done
Event: 190.929 Executing VM operation: G1CollectForAllocation (G1 Evacuation Pause)
Event: 190.940 Executing VM operation: G1CollectForAllocation (G1 Evacuation Pause) done
Event: 191.063 Executing VM operation: G1PauseRemark

Events (20 events):
Event: 191.077 Thread 0x0000027a59501150 flushing nmethod 0x0000027a2c97f590
Event: 191.077 Thread 0x0000027a59501150 flushing nmethod 0x0000027a2ce97210
Event: 191.077 Thread 0x0000027a59501150 flushing nmethod 0x0000027a2d3baa90
Event: 191.077 Thread 0x0000027a59501150 flushing nmethod 0x0000027a2d3bbb90
Event: 191.077 Thread 0x0000027a59501150 flushing nmethod 0x0000027a2d43ab90
Event: 191.077 Thread 0x0000027a59501150 flushing nmethod 0x0000027a2d828010
Event: 191.077 Thread 0x0000027a59501150 flushing nmethod 0x0000027a2dbb3190
Event: 191.077 Thread 0x0000027a59501150 flushing nmethod 0x0000027a2dbb5590
Event: 191.077 Thread 0x0000027a59501150 flushing nmethod 0x0000027a2dbb5b10
Event: 191.077 Thread 0x0000027a59501150 flushing nmethod 0x0000027a2dbb6110
Event: 191.077 Thread 0x0000027a59501150 flushing nmethod 0x0000027a2dbb7890
Event: 191.077 Thread 0x0000027a59501150 flushing nmethod 0x0000027a2e01ee10
Event: 191.077 Thread 0x0000027a59501150 flushing nmethod 0x0000027a2e023890
Event: 191.077 Thread 0x0000027a59501150 flushing nmethod 0x0000027a2e0ad390
Event: 191.077 Thread 0x0000027a59501150 flushing nmethod 0x0000027a2e3bb490
Event: 191.077 Thread 0x0000027a59501150 flushing nmethod 0x0000027a2e3bba90
Event: 191.077 Thread 0x0000027a59501150 flushing nmethod 0x0000027a2ee54690
Event: 191.077 Thread 0x0000027a59501150 flushing nmethod 0x0000027a2f472390
Event: 191.077 Thread 0x0000027a59501150 flushing nmethod 0x0000027a2f7b1610
Event: 191.077 Thread 0x0000027a59501150 flushing nmethod 0x0000027a2fcb4090


Dynamic libraries:
0x00007ff64d5c0000 - 0x00007ff64d5d0000 	C:\Program Files\Java\jdk-22\bin\java.exe
0x00007ffb21270000 - 0x00007ffb21487000 	C:\windows\SYSTEM32\ntdll.dll
0x00007ffb20a10000 - 0x00007ffb20ad4000 	C:\windows\System32\KERNEL32.DLL
0x00007ffb1e530000 - 0x00007ffb1e903000 	C:\windows\System32\KERNELBASE.dll
0x00007ffb1ed60000 - 0x00007ffb1ee71000 	C:\windows\System32\ucrtbase.dll
0x00007ffaf11e0000 - 0x00007ffaf11f7000 	C:\Program Files\Java\jdk-22\bin\jli.dll
0x00007ffaf29d0000 - 0x00007ffaf29eb000 	C:\Program Files\Java\jdk-22\bin\VCRUNTIME140.dll
0x00007ffb207b0000 - 0x00007ffb20861000 	C:\windows\System32\ADVAPI32.dll
0x00007ffb1f9d0000 - 0x00007ffb1fa77000 	C:\windows\System32\msvcrt.dll
0x00007ffb20fe0000 - 0x00007ffb21087000 	C:\windows\System32\sechost.dll
0x00007ffb1e910000 - 0x00007ffb1e938000 	C:\windows\System32\bcrypt.dll
0x00007ffb21110000 - 0x00007ffb21224000 	C:\windows\System32\RPCRT4.dll
0x00007ffb1fa80000 - 0x00007ffb1fc31000 	C:\windows\System32\USER32.dll
0x00007ffb1e940000 - 0x00007ffb1e966000 	C:\windows\System32\win32u.dll
0x00007ffb20870000 - 0x00007ffb20899000 	C:\windows\System32\GDI32.dll
0x00007ffaff980000 - 0x00007ffaffc1b000 	C:\windows\WinSxS\amd64_microsoft.windows.common-controls_6595b64144ccf1df_6.0.22621.5262_none_2712bde373830908\COMCTL32.dll
0x00007ffb1e360000 - 0x00007ffb1e482000 	C:\windows\System32\gdi32full.dll
0x00007ffb1e490000 - 0x00007ffb1e52a000 	C:\windows\System32\msvcp_win.dll
0x00007ffb12750000 - 0x00007ffb1275a000 	C:\windows\SYSTEM32\VERSION.dll
0x00007ffb20cb0000 - 0x00007ffb20ce1000 	C:\windows\System32\IMM32.DLL
0x00007ffaf8490000 - 0x00007ffaf849c000 	C:\Program Files\Java\jdk-22\bin\vcruntime140_1.dll
0x00007ffad0210000 - 0x00007ffad029e000 	C:\Program Files\Java\jdk-22\bin\msvcp140.dll
0x00007ffabb9b0000 - 0x00007ffabc6f7000 	C:\Program Files\Java\jdk-22\bin\server\jvm.dll
0x00007ffb1f950000 - 0x00007ffb1f9c1000 	C:\windows\System32\WS2_32.dll
0x00007ffb1e080000 - 0x00007ffb1e0cd000 	C:\windows\SYSTEM32\POWRPROF.dll
0x00007ffb17250000 - 0x00007ffb17284000 	C:\windows\SYSTEM32\WINMM.dll
0x00007ffb1e060000 - 0x00007ffb1e073000 	C:\windows\SYSTEM32\UMPDC.dll
0x00007ffb1d370000 - 0x00007ffb1d388000 	C:\windows\SYSTEM32\kernel.appcore.dll
0x00007ffaf4ff0000 - 0x00007ffaf4ffa000 	C:\Program Files\Java\jdk-22\bin\jimage.dll
0x00007ffb1bd50000 - 0x00007ffb1bf82000 	C:\windows\SYSTEM32\DBGHELP.DLL
0x00007ffb1fdc0000 - 0x00007ffb20153000 	C:\windows\System32\combase.dll
0x00007ffb20ba0000 - 0x00007ffb20c77000 	C:\windows\System32\OLEAUT32.dll
0x00007ffafae70000 - 0x00007ffafaea2000 	C:\windows\SYSTEM32\dbgcore.DLL
0x00007ffb1ee80000 - 0x00007ffb1eefb000 	C:\windows\System32\bcryptPrimitives.dll
0x00007ffb17110000 - 0x00007ffb1711f000 	C:\Program Files\Java\jdk-22\bin\instrument.dll
0x00007ffaf0650000 - 0x00007ffaf066e000 	C:\Program Files\Java\jdk-22\bin\java.dll
0x00007ffb1ef00000 - 0x00007ffb1f79d000 	C:\windows\System32\SHELL32.dll
0x00007ffb1ec20000 - 0x00007ffb1ed5f000 	C:\windows\System32\wintypes.dll
0x00007ffb1f7a0000 - 0x00007ffb1f941000 	C:\windows\System32\ole32.dll
0x00007ffb1c250000 - 0x00007ffb1cb6d000 	C:\windows\SYSTEM32\windows.storage.dll
0x00007ffb20e00000 - 0x00007ffb20f0b000 	C:\windows\System32\SHCORE.dll
0x00007ffb20d80000 - 0x00007ffb20de6000 	C:\windows\System32\shlwapi.dll
0x00007ffb1e290000 - 0x00007ffb1e2bb000 	C:\windows\SYSTEM32\profapi.dll
0x00007ffac7700000 - 0x00007ffac77d7000 	C:\Program Files\Java\jdk-22\bin\jsvml.dll
0x00007ffaef8e0000 - 0x00007ffaef8f7000 	C:\Program Files\Java\jdk-22\bin\zip.dll
0x00007ffaf45e0000 - 0x00007ffaf45f0000 	C:\Program Files\Java\jdk-22\bin\net.dll
0x00007ffb1d820000 - 0x00007ffb1d88a000 	C:\windows\system32\mswsock.dll
0x00007ffaed180000 - 0x00007ffaed196000 	C:\Program Files\Java\jdk-22\bin\nio.dll
0x00007ffaf0c30000 - 0x00007ffaf0c40000 	C:\Program Files\Java\jdk-22\bin\verify.dll
0x00007ffaed080000 - 0x00007ffaed0a7000 	C:\Users\HP\.gradle\native\1def1411415f61bf3af743bc5b6707747c0891f09f0c88961ee8f79bc544acac\windows-amd64\native-platform.dll
0x0000000056e30000 - 0x0000000056ea3000 	C:\Users\HP\.gradle\native\0.2.5\x86_64-windows-gnu\gradle-fileevents.dll
0x00007ffaf02c0000 - 0x00007ffaf02ca000 	C:\Program Files\Java\jdk-22\bin\management.dll
0x00007ffaeff60000 - 0x00007ffaeff6b000 	C:\Program Files\Java\jdk-22\bin\management_ext.dll
0x00007ffb20df0000 - 0x00007ffb20df8000 	C:\windows\System32\PSAPI.DLL
0x00007ffb1da70000 - 0x00007ffb1da8b000 	C:\windows\SYSTEM32\CRYPTSP.dll
0x00007ffb1d2d0000 - 0x00007ffb1d307000 	C:\windows\system32\rsaenh.dll
0x00007ffb1d910000 - 0x00007ffb1d938000 	C:\windows\SYSTEM32\USERENV.dll
0x00007ffb1da90000 - 0x00007ffb1da9c000 	C:\windows\SYSTEM32\CRYPTBASE.dll
0x00007ffb1cdd0000 - 0x00007ffb1cdfd000 	C:\windows\SYSTEM32\IPHLPAPI.DLL
0x00007ffb20a00000 - 0x00007ffb20a09000 	C:\windows\System32\NSI.dll
0x00007ffaeff10000 - 0x00007ffaeff19000 	C:\Program Files\Java\jdk-22\bin\extnet.dll
0x00007ffb17090000 - 0x00007ffb1709e000 	C:\Program Files\Java\jdk-22\bin\sunmscapi.dll
0x00007ffb1e970000 - 0x00007ffb1ead7000 	C:\windows\System32\CRYPT32.dll
0x00007ffb1dc30000 - 0x00007ffb1dc5d000 	C:\windows\SYSTEM32\ncrypt.dll
0x00007ffb1dbf0000 - 0x00007ffb1dc27000 	C:\windows\SYSTEM32\NTASN1.dll
0x00007ffaf0300000 - 0x00007ffaf0308000 	C:\windows\system32\wshunix.dll
0x0000000056db0000 - 0x0000000056e23000 	C:\Users\HP\AppData\Local\Temp\native-platform14373796519072276382dir\gradle-fileevents.dll
0x00007ffaf7bd0000 - 0x00007ffaf7be7000 	C:\windows\system32\napinsp.dll
0x00007ffaf7bb0000 - 0x00007ffaf7bcb000 	C:\windows\system32\pnrpnsp.dll
0x00007ffb1ce40000 - 0x00007ffb1cf38000 	C:\windows\SYSTEM32\DNSAPI.dll
0x00007ffaf7b90000 - 0x00007ffaf7ba1000 	C:\windows\System32\winrnr.dll
0x00007ffaf7b70000 - 0x00007ffaf7b8f000 	C:\windows\system32\wshbth.dll
0x00007ffaf7b40000 - 0x00007ffaf7b61000 	C:\windows\system32\nlansp_c.dll
0x0000000056f50000 - 0x0000000056f76000 	C:\Program Files\Bonjour\mdnsNSP.dll
0x00007ffb17ac0000 - 0x00007ffb17aca000 	C:\Windows\System32\rasadhlp.dll
0x00007ffb175a0000 - 0x00007ffb17623000 	C:\windows\System32\fwpuclnt.dll

dbghelp: loaded successfully - version: 4.0.5 - missing functions: none
symbol engine: initialized successfully - sym options: 0x614 - pdb path: .;C:\Program Files\Java\jdk-22\bin;C:\windows\SYSTEM32;C:\windows\WinSxS\amd64_microsoft.windows.common-controls_6595b64144ccf1df_6.0.22621.5262_none_2712bde373830908;C:\Program Files\Java\jdk-22\bin\server;C:\Users\HP\.gradle\native\1def1411415f61bf3af743bc5b6707747c0891f09f0c88961ee8f79bc544acac\windows-amd64;C:\Users\HP\.gradle\native\0.2.5\x86_64-windows-gnu;C:\Users\HP\AppData\Local\Temp\native-platform14373796519072276382dir;C:\Program Files\Bonjour

VM Arguments:
jvm_args: --add-opens=java.base/java.lang=ALL-UNNAMED --add-opens=java.base/java.lang.invoke=ALL-UNNAMED --add-opens=java.base/java.util=ALL-UNNAMED --add-opens=java.prefs/java.util.prefs=ALL-UNNAMED --add-exports=jdk.compiler/com.sun.tools.javac.api=ALL-UNNAMED --add-exports=jdk.compiler/com.sun.tools.javac.util=ALL-UNNAMED --add-opens=java.base/java.util=ALL-UNNAMED --add-opens=java.prefs/java.util.prefs=ALL-UNNAMED --add-opens=java.base/java.nio.charset=ALL-UNNAMED --add-opens=java.base/java.net=ALL-UNNAMED --add-opens=java.base/java.util.concurrent.atomic=ALL-UNNAMED --add-opens=java.xml/javax.xml.namespace=ALL-UNNAMED -XX:MaxMetaspaceSize=4G -XX:ReservedCodeCacheSize=512m -XX:+HeapDumpOnOutOfMemoryError -Xmx8G -Dfile.encoding=UTF-8 -Duser.country=IN -Duser.language=en -Duser.variant -javaagent:C:\Users\HP\.gradle\wrapper\dists\gradle-8.12-all\ejduaidbjup3bmmkhw3rie4zb\gradle-8.12\lib\agents\gradle-instrumentation-agent-8.12.jar 
java_command: org.gradle.launcher.daemon.bootstrap.GradleDaemon 8.12
java_class_path (initial): C:\Users\HP\.gradle\wrapper\dists\gradle-8.12-all\ejduaidbjup3bmmkhw3rie4zb\gradle-8.12\lib\gradle-daemon-main-8.12.jar
Launcher Type: SUN_STANDARD

[Global flags]
     intx CICompilerCount                          = 12                                        {product} {ergonomic}
     uint ConcGCThreads                            = 3                                         {product} {ergonomic}
     uint G1ConcRefinementThreads                  = 13                                        {product} {ergonomic}
   size_t G1HeapRegionSize                         = 4194304                                   {product} {ergonomic}
     bool HeapDumpOnOutOfMemoryError               = true                                   {manageable} {command line}
   size_t InitialHeapSize                          = 264241152                                 {product} {ergonomic}
   size_t MarkStackSize                            = 4194304                                   {product} {ergonomic}
   size_t MaxHeapSize                              = 8589934592                                {product} {command line}
   size_t MaxMetaspaceSize                         = 4294967296                                {product} {command line}
   size_t MaxNewSize                               = 5150605312                                {product} {ergonomic}
   size_t MinHeapDeltaBytes                        = 4194304                                   {product} {ergonomic}
   size_t MinHeapSize                              = 8388608                                   {product} {ergonomic}
    uintx NonNMethodCodeHeapSize                   = 7602480                                {pd product} {ergonomic}
    uintx NonProfiledCodeHeapSize                  = 264634216                              {pd product} {ergonomic}
    uintx ProfiledCodeHeapSize                     = 264634216                              {pd product} {ergonomic}
    uintx ReservedCodeCacheSize                    = 536870912                              {pd product} {command line}
     bool SegmentedCodeCache                       = true                                      {product} {ergonomic}
   size_t SoftMaxHeapSize                          = 8589934592                             {manageable} {ergonomic}
     bool UseCompressedOops                        = true                           {product lp64_product} {ergonomic}
     bool UseG1GC                                  = true                                      {product} {ergonomic}
     bool UseLargePagesIndividualAllocation        = false                                  {pd product} {ergonomic}

Logging:
Log output configuration:
 #0: stdout all=warning uptime,level,tags foldmultilines=false
 #1: stderr all=off uptime,level,tags foldmultilines=false

Environment Variables:
JAVA_HOME=C:\Program Files\Eclipse Adoptium\jdk-17.0.15.6-hotspot
PATH=C:\Program Files\Eclipse Adoptium\jdk-17.0.15.6-hotspot\bin;C:\Python312\Scripts\;C:\Python312\;C:\Program Files\Common Files\Oracle\Java\javapath;C:\windows\system32;C:\windows;C:\windows\System32\Wbem;C:\windows\System32\WindowsPowerShell\v1.0\;C:\windows\System32\OpenSSH\;C:\Program Files\Git\cmd;C:\Program Files\Git\mingw64\bin;C:\Program Files\Git\usr\bin;C:\Program Files (x86)\Windows Kits\10\Windows Performance Toolkit\;C:\src\flutter\bin;C:\ProgramData\chocolatey\bin;C:\Users\HP\AppData\Local\Pub\Cache\bin;C:\Program Files\Docker\Docker\resources\bin;C:\Program Files\MongoDB\Server\8.0\bin;C:\Program Files\nodejs\;C:\Program Files\Eclipse Adoptium\jdk-17.0.15.6-hotspot\bin;C:\Program Files\MySQL\MySQL Shell 8.0\bin\;C:\Users\HP\AppData\Local\Microsoft\WindowsApps;C:\Users\HP\AppData\Local\Programs\Microsoft VS Code\bin;C:\MinGW\bin;C:\src\flutter\bin;C:\Users\HP\AppData\Local\GitHubDesktop\bin;C:\mongsh\;C:\Program Files\MongoDB\Server\8.0\bin;C:\Users\HP\AppData\Roaming\npm;D:\modelsim_ase\win32aloem;C:\Users\HP\AppData\Local\Programs\cursor\resources\app\bin
USERNAME=HP
OS=Windows_NT
PROCESSOR_IDENTIFIER=Intel64 Family 6 Model 154 Stepping 3, GenuineIntel
TMP=C:\Users\HP\AppData\Local\Temp
TEMP=C:\Users\HP\AppData\Local\Temp




Periodic native trim disabled

---------------  S Y S T E M  ---------------

OS:
 Windows 11 , 64 bit Build 22621 (10.0.22621.5262)
OS uptime: 0 days 14:42 hours
Hyper-V role detected

CPU: total 16 (initial active 16) (8 cores per cpu, 2 threads per core) family 6 model 154 stepping 3 microcode 0x432, cx8, cmov, fxsr, ht, mmx, 3dnowpref, sse, sse2, sse3, ssse3, sse4.1, sse4.2, popcnt, lzcnt, tsc, tscinvbit, avx, avx2, aes, erms, clmul, bmi1, bmi2, adx, sha, fma, vzeroupper, clflush, clflushopt, clwb, hv, serialize, rdtscp, rdpid, fsrm, f16c, cet_ibt, cet_ss
Processor Information for processor 0
  Max Mhz: 1700, Current Mhz: 1700, Mhz Limit: 1700
Processor Information for processor 1
  Max Mhz: 1700, Current Mhz: 1700, Mhz Limit: 1700
Processor Information for processor 2
  Max Mhz: 1700, Current Mhz: 1700, Mhz Limit: 1700
Processor Information for processor 3
  Max Mhz: 1700, Current Mhz: 1700, Mhz Limit: 1700
Processor Information for processor 4
  Max Mhz: 1700, Current Mhz: 1700, Mhz Limit: 1700
Processor Information for processor 5
  Max Mhz: 1700, Current Mhz: 1700, Mhz Limit: 1700
Processor Information for processor 6
  Max Mhz: 1700, Current Mhz: 1700, Mhz Limit: 1700
Processor Information for processor 7
  Max Mhz: 1700, Current Mhz: 1700, Mhz Limit: 1700
Processor Information for processor 8
  Max Mhz: 1700, Current Mhz: 1200, Mhz Limit: 1190
Processor Information for processor 9
  Max Mhz: 1700, Current Mhz: 1200, Mhz Limit: 1190
Processor Information for processor 10
  Max Mhz: 1700, Current Mhz: 1200, Mhz Limit: 1190
Processor Information for processor 11
  Max Mhz: 1700, Current Mhz: 1200, Mhz Limit: 1190
Processor Information for processor 12
  Max Mhz: 1700, Current Mhz: 1200, Mhz Limit: 1190
Processor Information for processor 13
  Max Mhz: 1700, Current Mhz: 1200, Mhz Limit: 1190
Processor Information for processor 14
  Max Mhz: 1700, Current Mhz: 1200, Mhz Limit: 1190
Processor Information for processor 15
  Max Mhz: 1700, Current Mhz: 1200, Mhz Limit: 1190

Memory: 4k page, system-wide physical 16052M (3996M free)
TotalPageFile size 16052M (AvailPageFile size 8M)
current process WorkingSet (physical memory assigned to process): 1005M, peak: 1009M
current process commit charge ("private bytes"): 1058M, peak: 1106M

vm_info: Java HotSpot(TM) 64-Bit Server VM (22.0.1+8-16) for windows-amd64 JRE (22.0.1+8-16), built on 2024-03-12T10:33:16Z by "mach5one" with MS VC++ 17.6 (VS2022)

END.
