#
# There is insufficient memory for the Java Runtime Environment to continue.
# Native memory allocation (malloc) failed to allocate 131088 bytes. Error detail: Chunk::new
# Possible reasons:
#   The system is out of physical RAM or swap space
#   This process is running with CompressedOops enabled, and the Java Heap may be blocking the growth of the native heap
# Possible solutions:
#   Reduce memory load on the system
#   Increase physical memory or swap space
#   Check if swap backing store is full
#   Decrease Java heap size (-Xmx/-Xms)
#   Decrease number of Java threads
#   Decrease Java thread stack sizes (-Xss)
#   Set larger code cache with -XX:ReservedCodeCacheSize=
#   JVM is running with Zero Based Compressed Oops mode in which the Java heap is
#     placed in the first 32GB address space. The Java Heap base address is the
#     maximum limit for the native heap growth. Please use -XX:HeapBaseMinAddress
#     to set the Java Heap base and to place the Java Heap above 32GB virtual address.
# This output file may be truncated or incomplete.
#
#  Out of Memory Error (arena.cpp:150), pid=12568, tid=26856
#
# JRE version: Java(TM) SE Runtime Environment (22.0.1+8) (build 22.0.1+8-16)
# Java VM: Java HotSpot(TM) 64-Bit Server VM (22.0.1+8-16, mixed mode, sharing, tiered, compressed oops, compressed class ptrs, g1 gc, windows-amd64)
# No core dump will be written. Minidumps are not enabled by default on client versions of Windows
#

---------------  S U M M A R Y ------------

Command Line: --add-opens=java.base/java.lang=ALL-UNNAMED --add-opens=java.base/java.lang.invoke=ALL-UNNAMED --add-opens=java.base/java.util=ALL-UNNAMED --add-opens=java.prefs/java.util.prefs=ALL-UNNAMED --add-exports=jdk.compiler/com.sun.tools.javac.api=ALL-UNNAMED --add-exports=jdk.compiler/com.sun.tools.javac.util=ALL-UNNAMED --add-opens=java.base/java.util=ALL-UNNAMED --add-opens=java.prefs/java.util.prefs=ALL-UNNAMED --add-opens=java.base/java.nio.charset=ALL-UNNAMED --add-opens=java.base/java.net=ALL-UNNAMED --add-opens=java.base/java.util.concurrent.atomic=ALL-UNNAMED --add-opens=java.xml/javax.xml.namespace=ALL-UNNAMED -XX:MaxMetaspaceSize=4G -XX:ReservedCodeCacheSize=512m -XX:+HeapDumpOnOutOfMemoryError -Xmx8G -Dfile.encoding=UTF-8 -Duser.country=IN -Duser.language=en -Duser.variant -javaagent:C:\Users\HP\.gradle\wrapper\dists\gradle-8.12-all\ejduaidbjup3bmmkhw3rie4zb\gradle-8.12\lib\agents\gradle-instrumentation-agent-8.12.jar org.gradle.launcher.daemon.bootstrap.GradleDaemon 8.12

Host: 12th Gen Intel(R) Core(TM) i5-1240P, 16 cores, 15G,  Windows 11 , 64 bit Build 22621 (10.0.22621.5262)
Time: Mon Jun 23 11:09:38 2025 India Standard Time elapsed time: 3.472810 seconds (0d 0h 0m 3s)

---------------  T H R E A D  ---------------

Current thread (0x000002306a30a990):  JavaThread "C2 CompilerThread2" daemon [_thread_in_native, id=26856, stack(0x000000a5ba800000,0x000000a5ba900000) (1024K)]


Current CompileTask:
C2:3472 3034       4       java.lang.invoke.MethodType::methodType (69 bytes)

Stack: [0x000000a5ba800000,0x000000a5ba900000]
Native frames: (J=compiled Java code, j=interpreted, Vv=VM code, C=native code)
V  [jvm.dll+0x6e2279]  (no source info available)
V  [jvm.dll+0x874e33]  (no source info available)
V  [jvm.dll+0x87725e]  (no source info available)
V  [jvm.dll+0x877933]  (no source info available)
V  [jvm.dll+0x27fd76]  (no source info available)
V  [jvm.dll+0xc3d0f]  (no source info available)
V  [jvm.dll+0xc40fb]  (no source info available)
V  [jvm.dll+0xc3bbb]  (no source info available)
V  [jvm.dll+0x6bed1c]  (no source info available)
V  [jvm.dll+0x24f3d9]  (no source info available)
V  [jvm.dll+0x7085a0]  (no source info available)
V  [jvm.dll+0x248c3d]  (no source info available)
V  [jvm.dll+0x246ec6]  (no source info available)
V  [jvm.dll+0x1c4e90]  (no source info available)
V  [jvm.dll+0x2569fe]  (no source info available)
V  [jvm.dll+0x254cba]  (no source info available)
V  [jvm.dll+0x3f5336]  (no source info available)
V  [jvm.dll+0x81d44b]  (no source info available)
V  [jvm.dll+0x6e0915]  (no source info available)
C  [ucrtbase.dll+0x29333]  (no source info available)
C  [KERNEL32.DLL+0x1259d]  (no source info available)
C  [ntdll.dll+0x5af58]  (no source info available)


---------------  P R O C E S S  ---------------

Threads class SMR info:
_java_thread_list=0x0000023069317910, length=30, elements={
0x000002306d810f70, 0x000002307a8dcca0, 0x000002307a8dd900, 0x000002307a8e5390,
0x000002307a8e6470, 0x000002307a8eb420, 0x000002307a8ec100, 0x00000230691443e0,
0x000002306914b7a0, 0x000002306914a330, 0x000002306914aa00, 0x000002306923eaf0,
0x0000023069413f70, 0x000002306a305ea0, 0x000002306a8e49b0, 0x000002306a307310,
0x000002306aaa4800, 0x000002306aaa2f80, 0x0000023080281cb0, 0x000002308008bc70,
0x0000023080388810, 0x0000023080397da0, 0x0000023080398430, 0x0000023080398ac0,
0x0000023080399150, 0x00000230803997e0, 0x000002308039a500, 0x0000023080397710,
0x000002306a30a990, 0x000002306a308e50
}

Java Threads: ( => current thread )
  0x000002306d810f70 JavaThread "main"                              [_thread_blocked, id=26008, stack(0x000000a5b7900000,0x000000a5b7a00000) (1024K)]
  0x000002307a8dcca0 JavaThread "Reference Handler"          daemon [_thread_blocked, id=11904, stack(0x000000a5b8100000,0x000000a5b8200000) (1024K)]
  0x000002307a8dd900 JavaThread "Finalizer"                  daemon [_thread_blocked, id=24108, stack(0x000000a5b8200000,0x000000a5b8300000) (1024K)]
  0x000002307a8e5390 JavaThread "Signal Dispatcher"          daemon [_thread_blocked, id=29132, stack(0x000000a5b8300000,0x000000a5b8400000) (1024K)]
  0x000002307a8e6470 JavaThread "Attach Listener"            daemon [_thread_blocked, id=21492, stack(0x000000a5b8400000,0x000000a5b8500000) (1024K)]
  0x000002307a8eb420 JavaThread "Service Thread"             daemon [_thread_blocked, id=12028, stack(0x000000a5b8500000,0x000000a5b8600000) (1024K)]
  0x000002307a8ec100 JavaThread "Monitor Deflation Thread"   daemon [_thread_blocked, id=30164, stack(0x000000a5b8600000,0x000000a5b8700000) (1024K)]
  0x00000230691443e0 JavaThread "C2 CompilerThread0"         daemon [_thread_in_native, id=368, stack(0x000000a5b8700000,0x000000a5b8800000) (1024K)]
  0x000002306914b7a0 JavaThread "C1 CompilerThread0"         daemon [_thread_blocked, id=27476, stack(0x000000a5b8800000,0x000000a5b8900000) (1024K)]
  0x000002306914a330 JavaThread "C1 CompilerThread1"         daemon [_thread_blocked, id=8292, stack(0x000000a5b8900000,0x000000a5b8a00000) (1024K)]
  0x000002306914aa00 JavaThread "C1 CompilerThread2"         daemon [_thread_blocked, id=29680, stack(0x000000a5b8a00000,0x000000a5b8b00000) (1024K)]
  0x000002306923eaf0 JavaThread "Common-Cleaner"             daemon [_thread_blocked, id=10420, stack(0x000000a5b8b00000,0x000000a5b8c00000) (1024K)]
  0x0000023069413f70 JavaThread "Notification Thread"        daemon [_thread_blocked, id=25216, stack(0x000000a5b8d00000,0x000000a5b8e00000) (1024K)]
  0x000002306a305ea0 JavaThread "C1 CompilerThread3"         daemon [_thread_blocked, id=1940, stack(0x000000a5b9600000,0x000000a5b9700000) (1024K)]
  0x000002306a8e49b0 JavaThread "Daemon health stats"               [_thread_blocked, id=1464, stack(0x000000a5b8e00000,0x000000a5b8f00000) (1024K)]
  0x000002306a307310 JavaThread "C2 CompilerThread1"         daemon [_thread_in_native, id=6284, stack(0x000000a5b8c00000,0x000000a5b8d00000) (1024K)]
  0x000002306aaa4800 JavaThread "Incoming local TCP Connector on port 57698"        [_thread_in_native, id=19616, stack(0x000000a5b8f00000,0x000000a5b9000000) (1024K)]
  0x000002306aaa2f80 JavaThread "Daemon periodic checks"            [_thread_blocked, id=18400, stack(0x000000a5b9700000,0x000000a5b9800000) (1024K)]
  0x0000023080281cb0 JavaThread "Daemon"                            [_thread_blocked, id=25720, stack(0x000000a5b9800000,0x000000a5b9900000) (1024K)]
  0x000002308008bc70 JavaThread "Handler for socket connection from /127.0.0.1:57698 to /127.0.0.1:57699"        [_thread_in_native, id=1364, stack(0x000000a5b9900000,0x000000a5b9a00000) (1024K)]
  0x0000023080388810 JavaThread "Cancel handler"                    [_thread_blocked, id=4804, stack(0x000000a5b9a00000,0x000000a5b9b00000) (1024K)]
  0x0000023080397da0 JavaThread "Daemon worker"                     [_thread_in_vm, id=11824, stack(0x000000a5b9b00000,0x000000a5b9c00000) (1024K)]
  0x0000023080398430 JavaThread "Asynchronous log dispatcher for DefaultDaemonConnection: socket connection from /127.0.0.1:57698 to /127.0.0.1:57699"        [_thread_blocked, id=7968, stack(0x000000a5b9c00000,0x000000a5b9d00000) (1024K)]
  0x0000023080398ac0 JavaThread "Stdin handler"                     [_thread_blocked, id=22680, stack(0x000000a5b9d00000,0x000000a5b9e00000) (1024K)]
  0x0000023080399150 JavaThread "Daemon client event forwarder"        [_thread_blocked, id=10028, stack(0x000000a5b9e00000,0x000000a5b9f00000) (1024K)]
  0x00000230803997e0 JavaThread "Cache worker for journal cache (C:\Users\HP\.gradle\caches\journal-1)"        [_thread_blocked, id=27636, stack(0x000000a5b9000000,0x000000a5b9100000) (1024K)]
  0x000002308039a500 JavaThread "File lock request listener"        [_thread_in_native, id=8336, stack(0x000000a5ba600000,0x000000a5ba700000) (1024K)]
  0x0000023080397710 JavaThread "Cache worker for file hash cache (C:\Users\HP\.gradle\caches\8.12\fileHashes)"        [_thread_blocked, id=3232, stack(0x000000a5ba700000,0x000000a5ba800000) (1024K)]
=>0x000002306a30a990 JavaThread "C2 CompilerThread2"         daemon [_thread_in_native, id=26856, stack(0x000000a5ba800000,0x000000a5ba900000) (1024K)]
  0x000002306a308e50 JavaThread "C2 CompilerThread3"         daemon [_thread_in_native, id=1044, stack(0x000000a5ba900000,0x000000a5baa00000) (1024K)]
Total: 30

Other Threads:
  0x000002307a8c1300 VMThread "VM Thread"                           [id=19468, stack(0x000000a5b8000000,0x000000a5b8100000) (1024K)]
  0x000002307a8a7f10 WatcherThread "VM Periodic Task Thread"        [id=21292, stack(0x000000a5b7f00000,0x000000a5b8000000) (1024K)]
  0x000002306d8b9a50 WorkerThread "GC Thread#0"                     [id=21608, stack(0x000000a5b7a00000,0x000000a5b7b00000) (1024K)]
  0x0000023069e03eb0 WorkerThread "GC Thread#1"                     [id=28864, stack(0x000000a5b9100000,0x000000a5b9200000) (1024K)]
  0x0000023069b64b80 WorkerThread "GC Thread#2"                     [id=23792, stack(0x000000a5b9200000,0x000000a5b9300000) (1024K)]
  0x00000230696f8550 WorkerThread "GC Thread#3"                     [id=13096, stack(0x000000a5b9300000,0x000000a5b9400000) (1024K)]
  0x00000230696f8900 WorkerThread "GC Thread#4"                     [id=19172, stack(0x000000a5b9400000,0x000000a5b9500000) (1024K)]
  0x00000230696f8cb0 WorkerThread "GC Thread#5"                     [id=28832, stack(0x000000a5b9500000,0x000000a5b9600000) (1024K)]
  0x0000023080300c60 WorkerThread "GC Thread#6"                     [id=17160, stack(0x000000a5b9f00000,0x000000a5ba000000) (1024K)]
  0x0000023080301010 WorkerThread "GC Thread#7"                     [id=28912, stack(0x000000a5ba000000,0x000000a5ba100000) (1024K)]
  0x00000230803013c0 WorkerThread "GC Thread#8"                     [id=17860, stack(0x000000a5ba100000,0x000000a5ba200000) (1024K)]
  0x00000230802469b0 WorkerThread "GC Thread#9"                     [id=12408, stack(0x000000a5ba200000,0x000000a5ba300000) (1024K)]
  0x0000023080246d60 WorkerThread "GC Thread#10"                    [id=4948, stack(0x000000a5ba300000,0x000000a5ba400000) (1024K)]
  0x0000023080247110 WorkerThread "GC Thread#11"                    [id=25032, stack(0x000000a5ba400000,0x000000a5ba500000) (1024K)]
  0x0000023080245740 WorkerThread "GC Thread#12"                    [id=8804, stack(0x000000a5ba500000,0x000000a5ba600000) (1024K)]
  0x000002306d8cc2b0 ConcurrentGCThread "G1 Main Marker"            [id=26160, stack(0x000000a5b7b00000,0x000000a5b7c00000) (1024K)]
  0x000002306d8ccc60 WorkerThread "G1 Conc#0"                       [id=25144, stack(0x000000a5b7c00000,0x000000a5b7d00000) (1024K)]
  0x000002307a77b010 ConcurrentGCThread "G1 Refine#0"               [id=18076, stack(0x000000a5b7d00000,0x000000a5b7e00000) (1024K)]
  0x000002307a77ba30 ConcurrentGCThread "G1 Service"                [id=23860, stack(0x000000a5b7e00000,0x000000a5b7f00000) (1024K)]
Total: 19

Threads with active compile tasks:
C2 CompilerThread0  3499 3051   !   4       java.util.concurrent.ConcurrentHashMap::transfer (849 bytes)
C2 CompilerThread1  3499 2872   !   4       java.lang.ClassLoader::loadClass (121 bytes)
C2 CompilerThread2  3499 3034       4       java.lang.invoke.MethodType::methodType (69 bytes)
C2 CompilerThread3  3499 3024   !   4       java.net.URLClassLoader::findClass (47 bytes)
Total: 4

VM state: not at safepoint (normal execution)

VM Mutex/Monitor currently owned by a thread: None

Heap address: 0x0000000600000000, size: 8192 MB, Compressed Oops mode: Zero based, Oop shift amount: 3

CDS archive(s) mapped at: [0x0000023028000000-0x0000023028c60000-0x0000023028c60000), size 12976128, SharedBaseAddress: 0x0000023028000000, ArchiveRelocationMode: 1.
Compressed class space mapped at: 0x0000023029000000-0x0000023069000000, reserved size: 1073741824
Narrow klass base: 0x0000023028000000, Narrow klass shift: 0, Narrow klass range: 0x41000000

GC Precious Log:
 CardTable entry size: 512
 Card Set container configuration: InlinePtr #cards 4 size 8 Array Of Cards #cards 32 size 80 Howl #buckets 8 coarsen threshold 7372 Howl Bitmap #cards 1024 size 144 coarsen threshold 921 Card regions per heap region 1 cards per card region 8192
 CPUs: 16 total, 16 available
 Memory: 16052M
 Large Page Support: Disabled
 NUMA Support: Disabled
 Compressed Oops: Enabled (Zero based)
 Heap Region Size: 4M
 Heap Min Capacity: 8M
 Heap Initial Capacity: 252M
 Heap Max Capacity: 8G
 Pre-touch: Disabled
 Parallel Workers: 13
 Concurrent Workers: 3
 Concurrent Refinement Workers: 13
 Periodic GC: Disabled

Heap:
 garbage-first heap   total reserved 8388608K, committed 258048K, used 52965K [0x0000000600000000, 0x0000000800000000)
  region size 4096K, 12 young (49152K), 3 survivors (12288K)
 Metaspace       used 17787K, committed 18368K, reserved 1114112K
  class space    used 2533K, committed 2816K, reserved 1048576K

Heap Regions: E=young(eden), S=young(survivor), O=old, HS=humongous(starts), HC=humongous(continues), CS=collection set, F=free, TAMS=top-at-mark-start, PB=parsable bottom
|   0|0x0000000600000000, 0x0000000600400000, 0x0000000600400000|100%|HS|  |TAMS 0x0000000600000000| PB 0x0000000600000000| Complete |  0
|   1|0x0000000600400000, 0x00000006007b94e0, 0x0000000600800000| 93%| O|  |TAMS 0x0000000600400000| PB 0x0000000600400000| Untracked |  0
|   2|0x0000000600800000, 0x0000000600800000, 0x0000000600c00000|  0%| F|  |TAMS 0x0000000600800000| PB 0x0000000600800000| Untracked |  0
|   3|0x0000000600c00000, 0x0000000600c00000, 0x0000000601000000|  0%| F|  |TAMS 0x0000000600c00000| PB 0x0000000600c00000| Untracked |  0
|   4|0x0000000601000000, 0x0000000601000000, 0x0000000601400000|  0%| F|  |TAMS 0x0000000601000000| PB 0x0000000601000000| Untracked |  0
|   5|0x0000000601400000, 0x0000000601400000, 0x0000000601800000|  0%| F|  |TAMS 0x0000000601400000| PB 0x0000000601400000| Untracked |  0
|   6|0x0000000601800000, 0x0000000601800000, 0x0000000601c00000|  0%| F|  |TAMS 0x0000000601800000| PB 0x0000000601800000| Untracked |  0
|   7|0x0000000601c00000, 0x0000000601c00000, 0x0000000602000000|  0%| F|  |TAMS 0x0000000601c00000| PB 0x0000000601c00000| Untracked |  0
|   8|0x0000000602000000, 0x0000000602000000, 0x0000000602400000|  0%| F|  |TAMS 0x0000000602000000| PB 0x0000000602000000| Untracked |  0
|   9|0x0000000602400000, 0x0000000602400000, 0x0000000602800000|  0%| F|  |TAMS 0x0000000602400000| PB 0x0000000602400000| Untracked |  0
|  10|0x0000000602800000, 0x0000000602800000, 0x0000000602c00000|  0%| F|  |TAMS 0x0000000602800000| PB 0x0000000602800000| Untracked |  0
|  11|0x0000000602c00000, 0x0000000602c00000, 0x0000000603000000|  0%| F|  |TAMS 0x0000000602c00000| PB 0x0000000602c00000| Untracked |  0
|  12|0x0000000603000000, 0x0000000603000000, 0x0000000603400000|  0%| F|  |TAMS 0x0000000603000000| PB 0x0000000603000000| Untracked |  0
|  13|0x0000000603400000, 0x0000000603400000, 0x0000000603800000|  0%| F|  |TAMS 0x0000000603400000| PB 0x0000000603400000| Untracked |  0
|  14|0x0000000603800000, 0x0000000603800000, 0x0000000603c00000|  0%| F|  |TAMS 0x0000000603800000| PB 0x0000000603800000| Untracked |  0
|  15|0x0000000603c00000, 0x0000000603c00000, 0x0000000604000000|  0%| F|  |TAMS 0x0000000603c00000| PB 0x0000000603c00000| Untracked |  0
|  16|0x0000000604000000, 0x0000000604000000, 0x0000000604400000|  0%| F|  |TAMS 0x0000000604000000| PB 0x0000000604000000| Untracked |  0
|  17|0x0000000604400000, 0x0000000604400000, 0x0000000604800000|  0%| F|  |TAMS 0x0000000604400000| PB 0x0000000604400000| Untracked |  0
|  18|0x0000000604800000, 0x0000000604800000, 0x0000000604c00000|  0%| F|  |TAMS 0x0000000604800000| PB 0x0000000604800000| Untracked |  0
|  19|0x0000000604c00000, 0x0000000604c00000, 0x0000000605000000|  0%| F|  |TAMS 0x0000000604c00000| PB 0x0000000604c00000| Untracked |  0
|  20|0x0000000605000000, 0x0000000605000000, 0x0000000605400000|  0%| F|  |TAMS 0x0000000605000000| PB 0x0000000605000000| Untracked |  0
|  21|0x0000000605400000, 0x0000000605400000, 0x0000000605800000|  0%| F|  |TAMS 0x0000000605400000| PB 0x0000000605400000| Untracked |  0
|  22|0x0000000605800000, 0x0000000605800000, 0x0000000605c00000|  0%| F|  |TAMS 0x0000000605800000| PB 0x0000000605800000| Untracked |  0
|  23|0x0000000605c00000, 0x0000000605c00000, 0x0000000606000000|  0%| F|  |TAMS 0x0000000605c00000| PB 0x0000000605c00000| Untracked |  0
|  24|0x0000000606000000, 0x0000000606000000, 0x0000000606400000|  0%| F|  |TAMS 0x0000000606000000| PB 0x0000000606000000| Untracked |  0
|  25|0x0000000606400000, 0x0000000606400000, 0x0000000606800000|  0%| F|  |TAMS 0x0000000606400000| PB 0x0000000606400000| Untracked |  0
|  26|0x0000000606800000, 0x0000000606800000, 0x0000000606c00000|  0%| F|  |TAMS 0x0000000606800000| PB 0x0000000606800000| Untracked |  0
|  27|0x0000000606c00000, 0x0000000606c00000, 0x0000000607000000|  0%| F|  |TAMS 0x0000000606c00000| PB 0x0000000606c00000| Untracked |  0
|  28|0x0000000607000000, 0x0000000607000000, 0x0000000607400000|  0%| F|  |TAMS 0x0000000607000000| PB 0x0000000607000000| Untracked |  0
|  29|0x0000000607400000, 0x0000000607400000, 0x0000000607800000|  0%| F|  |TAMS 0x0000000607400000| PB 0x0000000607400000| Untracked |  0
|  30|0x0000000607800000, 0x0000000607800000, 0x0000000607c00000|  0%| F|  |TAMS 0x0000000607800000| PB 0x0000000607800000| Untracked |  0
|  31|0x0000000607c00000, 0x0000000607c00000, 0x0000000608000000|  0%| F|  |TAMS 0x0000000607c00000| PB 0x0000000607c00000| Untracked |  0
|  32|0x0000000608000000, 0x0000000608000000, 0x0000000608400000|  0%| F|  |TAMS 0x0000000608000000| PB 0x0000000608000000| Untracked |  0
|  33|0x0000000608400000, 0x0000000608400000, 0x0000000608800000|  0%| F|  |TAMS 0x0000000608400000| PB 0x0000000608400000| Untracked |  0
|  34|0x0000000608800000, 0x0000000608800000, 0x0000000608c00000|  0%| F|  |TAMS 0x0000000608800000| PB 0x0000000608800000| Untracked |  0
|  35|0x0000000608c00000, 0x0000000608c00000, 0x0000000609000000|  0%| F|  |TAMS 0x0000000608c00000| PB 0x0000000608c00000| Untracked |  0
|  36|0x0000000609000000, 0x0000000609000000, 0x0000000609400000|  0%| F|  |TAMS 0x0000000609000000| PB 0x0000000609000000| Untracked |  0
|  37|0x0000000609400000, 0x0000000609400000, 0x0000000609800000|  0%| F|  |TAMS 0x0000000609400000| PB 0x0000000609400000| Untracked |  0
|  38|0x0000000609800000, 0x0000000609800000, 0x0000000609c00000|  0%| F|  |TAMS 0x0000000609800000| PB 0x0000000609800000| Untracked |  0
|  39|0x0000000609c00000, 0x0000000609c00000, 0x000000060a000000|  0%| F|  |TAMS 0x0000000609c00000| PB 0x0000000609c00000| Untracked |  0
|  40|0x000000060a000000, 0x000000060a000000, 0x000000060a400000|  0%| F|  |TAMS 0x000000060a000000| PB 0x000000060a000000| Untracked |  0
|  41|0x000000060a400000, 0x000000060a400000, 0x000000060a800000|  0%| F|  |TAMS 0x000000060a400000| PB 0x000000060a400000| Untracked |  0
|  42|0x000000060a800000, 0x000000060a800000, 0x000000060ac00000|  0%| F|  |TAMS 0x000000060a800000| PB 0x000000060a800000| Untracked |  0
|  43|0x000000060ac00000, 0x000000060b000000, 0x000000060b000000|100%| S|CS|TAMS 0x000000060ac00000| PB 0x000000060ac00000| Complete |  0
|  44|0x000000060b000000, 0x000000060b400000, 0x000000060b400000|100%| S|CS|TAMS 0x000000060b000000| PB 0x000000060b000000| Complete |  0
|  45|0x000000060b400000, 0x000000060b800000, 0x000000060b800000|100%| S|CS|TAMS 0x000000060b400000| PB 0x000000060b400000| Complete |  0
|  46|0x000000060b800000, 0x000000060b800000, 0x000000060bc00000|  0%| F|  |TAMS 0x000000060b800000| PB 0x000000060b800000| Untracked |  0
|  47|0x000000060bc00000, 0x000000060bc00000, 0x000000060c000000|  0%| F|  |TAMS 0x000000060bc00000| PB 0x000000060bc00000| Untracked |  0
|  48|0x000000060c000000, 0x000000060c000000, 0x000000060c400000|  0%| F|  |TAMS 0x000000060c000000| PB 0x000000060c000000| Untracked |  0
|  49|0x000000060c400000, 0x000000060c400000, 0x000000060c800000|  0%| F|  |TAMS 0x000000060c400000| PB 0x000000060c400000| Untracked |  0
|  50|0x000000060c800000, 0x000000060c800000, 0x000000060cc00000|  0%| F|  |TAMS 0x000000060c800000| PB 0x000000060c800000| Untracked |  0
|  51|0x000000060cc00000, 0x000000060cc00000, 0x000000060d000000|  0%| F|  |TAMS 0x000000060cc00000| PB 0x000000060cc00000| Untracked |  0
|  52|0x000000060d000000, 0x000000060d000000, 0x000000060d400000|  0%| F|  |TAMS 0x000000060d000000| PB 0x000000060d000000| Untracked |  0
|  53|0x000000060d400000, 0x000000060d400000, 0x000000060d800000|  0%| F|  |TAMS 0x000000060d400000| PB 0x000000060d400000| Untracked |  0
|  54|0x000000060d800000, 0x000000060d9a9780, 0x000000060dc00000| 41%| E|  |TAMS 0x000000060d800000| PB 0x000000060d800000| Complete |  0
|  55|0x000000060dc00000, 0x000000060e000000, 0x000000060e000000|100%| E|CS|TAMS 0x000000060dc00000| PB 0x000000060dc00000| Complete |  0
|  56|0x000000060e000000, 0x000000060e400000, 0x000000060e400000|100%| E|CS|TAMS 0x000000060e000000| PB 0x000000060e000000| Complete |  0
|  57|0x000000060e400000, 0x000000060e800000, 0x000000060e800000|100%| E|CS|TAMS 0x000000060e400000| PB 0x000000060e400000| Complete |  0
|  58|0x000000060e800000, 0x000000060ec00000, 0x000000060ec00000|100%| E|CS|TAMS 0x000000060e800000| PB 0x000000060e800000| Complete |  0
|  59|0x000000060ec00000, 0x000000060f000000, 0x000000060f000000|100%| E|CS|TAMS 0x000000060ec00000| PB 0x000000060ec00000| Complete |  0
|  60|0x000000060f000000, 0x000000060f400000, 0x000000060f400000|100%| E|CS|TAMS 0x000000060f000000| PB 0x000000060f000000| Complete |  0
|  61|0x000000060f400000, 0x000000060f800000, 0x000000060f800000|100%| E|CS|TAMS 0x000000060f400000| PB 0x000000060f400000| Complete |  0
|  62|0x000000060f800000, 0x000000060fc00000, 0x000000060fc00000|100%| E|CS|TAMS 0x000000060f800000| PB 0x000000060f800000| Complete |  0

Card table byte_map: [0x0000023077620000,0x0000023078620000] _byte_map_base: 0x0000023074620000

Marking Bits: (CMBitMap*) 0x000002306d8ba810
 Bits: [0x0000023020000000, 0x0000023028000000)

Polling page: 0x000002306b7a0000

Metaspace:

Usage:
  Non-class:     14.90 MB used.
      Class:      2.47 MB used.
       Both:     17.37 MB used.

Virtual space:
  Non-class space:       64.00 MB reserved,      15.19 MB ( 24%) committed,  1 nodes.
      Class space:        1.00 GB reserved,       2.75 MB ( <1%) committed,  1 nodes.
             Both:        1.06 GB reserved,      17.94 MB (  2%) committed. 

Chunk freelists:
   Non-Class:  96.00 KB
       Class:  13.08 MB
        Both:  13.17 MB

MaxMetaspaceSize: 4.00 GB
CompressedClassSpaceSize: 1.00 GB
Initial GC threshold: 21.00 MB
Current GC threshold: 21.00 MB
CDS: on
 - commit_granule_bytes: 65536.
 - commit_granule_words: 8192.
 - virtual_space_node_default_size: 8388608.
 - enlarge_chunks_in_place: 1.
 - use_allocation_guard: 0.


Internal statistics:

num_allocs_failed_limit: 0.
num_arena_births: 688.
num_arena_deaths: 0.
num_vsnodes_births: 2.
num_vsnodes_deaths: 0.
num_space_committed: 287.
num_space_uncommitted: 0.
num_chunks_returned_to_freelist: 0.
num_chunks_taken_from_freelist: 1320.
num_chunk_merges: 0.
num_chunk_splits: 845.
num_chunks_enlarged: 593.
num_inconsistent_stats: 0.

CodeHeap 'non-profiled nmethods': size=258432Kb used=1468Kb max_used=1468Kb free=256963Kb
 bounds [0x00000230103a0000, 0x0000023010610000, 0x0000023020000000]
CodeHeap 'profiled nmethods': size=258368Kb used=6091Kb max_used=6091Kb free=252276Kb
 bounds [0x0000023000000000, 0x0000023000600000, 0x000002300fc50000]
CodeHeap 'non-nmethods': size=7488Kb used=3204Kb max_used=3250Kb free=4284Kb
 bounds [0x000002300fc50000, 0x000002300ff90000, 0x00000230103a0000]
 total_blobs=3634 nmethods=3047 adapters=488
 compilation: enabled
              stopped_count=0, restarted_count=0
 full_count=0

Compilation events (20 events):
Event: 3.435 Thread 0x000002306914aa00 3039       3       org.gradle.internal.service.DefaultServiceRegistry::access$1500 (6 bytes)
Event: 3.435 Thread 0x000002306914a330 3040       3       org.gradle.internal.service.DefaultServiceRegistry::isAssignableFromAnyType (41 bytes)
Event: 3.435 Thread 0x000002306914b7a0 3041       3       org.gradle.internal.service.DefaultServiceRegistry$SingletonService::getAll (38 bytes)
Event: 3.435 Thread 0x000002306914aa00 nmethod 3039 0x00000230005e9c90 code [0x00000230005e9e40, 0x00000230005e9f58]
Event: 3.436 Thread 0x000002306914b7a0 nmethod 3041 0x00000230005ea010 code [0x00000230005ea200, 0x00000230005ea630]
Event: 3.436 Thread 0x000002306914a330 nmethod 3040 0x00000230005ea810 code [0x00000230005eaa00, 0x00000230005eaf70]
Event: 3.436 Thread 0x000002306914aa00 3042       3       org.gradle.internal.service.DefaultServiceRegistry$CollectingVisitor::visit (25 bytes)
Event: 3.436 Thread 0x000002306914aa00 nmethod 3042 0x00000230005eb110 code [0x00000230005eb2c0, 0x00000230005eb5b0]
Event: 3.437 Thread 0x000002306a305ea0 nmethod 3038 0x00000230005eb690 code [0x00000230005eb980, 0x00000230005ecc48]
Event: 3.439 Thread 0x000002306a305ea0 3043       3       sun.reflect.annotation.AnnotationParser$$Lambda/0x0000023029053610::get (16 bytes)
Event: 3.439 Thread 0x000002306914a330 3044       3       sun.reflect.annotation.AnnotationParser::lambda$parseClassArray$0 (7 bytes)
Event: 3.439 Thread 0x000002306914a330 nmethod 3044 0x00000230005ecf90 code [0x00000230005ed140, 0x00000230005ed258]
Event: 3.439 Thread 0x000002306a305ea0 nmethod 3043 0x00000230005ed310 code [0x00000230005ed4c0, 0x00000230005ed678]
Event: 3.449 Thread 0x000002306914a330 3045   !   3       org.gradle.internal.classloader.TransformingClassLoader::findClass (203 bytes)
Event: 3.449 Thread 0x000002306a305ea0 3046       3       org.gradle.initialization.MixInLegacyTypesClassLoader::shouldTransform (42 bytes)
Event: 3.450 Thread 0x000002306a305ea0 nmethod 3046 0x00000230005ed790 code [0x00000230005ed960, 0x00000230005edd88]
Event: 3.452 Thread 0x000002306914a330 nmethod 3045 0x00000230005edf10 code [0x00000230005ee400, 0x00000230005f0768]
Event: 3.456 Thread 0x00000230691443e0 nmethod 2894 0x0000023010501510 code [0x0000023010502000, 0x000002301050a660]
Event: 3.471 Thread 0x000002306914b7a0 3048       3       jdk.internal.misc.Unsafe::weakCompareAndSetInt (11 bytes)
Event: 3.471 Thread 0x000002306914b7a0 nmethod 3048 0x00000230005f1710 code [0x00000230005f18a0, 0x00000230005f19c8]

GC Heap History (6 events):
Event: 0.390 GC heap before
{Heap before GC invocations=0 (full 0):
 garbage-first heap   total reserved 8388608K, committed 258048K, used 24576K [0x0000000600000000, 0x0000000800000000)
  region size 4096K, 6 young (24576K), 0 survivors (0K)
 Metaspace       used 1094K, committed 1216K, reserved 1114112K
  class space    used 77K, committed 128K, reserved 1048576K
}
Event: 0.394 GC heap after
{Heap after GC invocations=1 (full 0):
 garbage-first heap   total reserved 8388608K, committed 258048K, used 3752K [0x0000000600000000, 0x0000000800000000)
  region size 4096K, 1 young (4096K), 1 survivors (4096K)
 Metaspace       used 1094K, committed 1216K, reserved 1114112K
  class space    used 77K, committed 128K, reserved 1048576K
}
Event: 1.254 GC heap before
{Heap before GC invocations=1 (full 0):
 garbage-first heap   total reserved 8388608K, committed 258048K, used 57000K [0x0000000600000000, 0x0000000800000000)
  region size 4096K, 13 young (53248K), 1 survivors (4096K)
 Metaspace       used 4419K, committed 4608K, reserved 1114112K
  class space    used 547K, committed 640K, reserved 1048576K
}
Event: 1.259 GC heap after
{Heap after GC invocations=2 (full 0):
 garbage-first heap   total reserved 8388608K, committed 258048K, used 12288K [0x0000000600000000, 0x0000000800000000)
  region size 4096K, 2 young (8192K), 2 survivors (8192K)
 Metaspace       used 4419K, committed 4608K, reserved 1114112K
  class space    used 547K, committed 640K, reserved 1048576K
}
Event: 2.655 GC heap before
{Heap before GC invocations=2 (full 0):
 garbage-first heap   total reserved 8388608K, committed 258048K, used 69632K [0x0000000600000000, 0x0000000800000000)
  region size 4096K, 17 young (69632K), 2 survivors (8192K)
 Metaspace       used 12494K, committed 12928K, reserved 1114112K
  class space    used 1684K, committed 1920K, reserved 1048576K
}
Event: 2.663 GC heap after
{Heap after GC invocations=3 (full 0):
 garbage-first heap   total reserved 8388608K, committed 258048K, used 20197K [0x0000000600000000, 0x0000000800000000)
  region size 4096K, 3 young (12288K), 3 survivors (12288K)
 Metaspace       used 12494K, committed 12928K, reserved 1114112K
  class space    used 1684K, committed 1920K, reserved 1048576K
}

Dll operation events (16 events):
Event: 0.008 Loaded shared library C:\Program Files\Java\jdk-22\bin\java.dll
Event: 0.035 Loaded shared library C:\Program Files\Java\jdk-22\bin\jsvml.dll
Event: 0.072 Loaded shared library C:\Program Files\Java\jdk-22\bin\zip.dll
Event: 0.076 Loaded shared library C:\Program Files\Java\jdk-22\bin\instrument.dll
Event: 0.079 Loaded shared library C:\Program Files\Java\jdk-22\bin\net.dll
Event: 0.080 Loaded shared library C:\Program Files\Java\jdk-22\bin\nio.dll
Event: 0.082 Loaded shared library C:\Program Files\Java\jdk-22\bin\zip.dll
Event: 0.311 Loaded shared library C:\Program Files\Java\jdk-22\bin\jimage.dll
Event: 0.452 Loaded shared library C:\Program Files\Java\jdk-22\bin\verify.dll
Event: 0.617 Loaded shared library C:\Users\HP\.gradle\native\1def1411415f61bf3af743bc5b6707747c0891f09f0c88961ee8f79bc544acac\windows-amd64\native-platform.dll
Event: 0.622 Loaded shared library C:\Users\HP\.gradle\native\0.2.5\x86_64-windows-gnu\gradle-fileevents.dll
Event: 1.695 Loaded shared library C:\Program Files\Java\jdk-22\bin\management.dll
Event: 1.698 Loaded shared library C:\Program Files\Java\jdk-22\bin\management_ext.dll
Event: 2.163 Loaded shared library C:\Program Files\Java\jdk-22\bin\extnet.dll
Event: 2.335 Loaded shared library C:\Program Files\Java\jdk-22\bin\sunmscapi.dll
Event: 3.106 Loaded shared library C:\Users\HP\AppData\Local\Temp\native-platform3325669793911352588dir\gradle-fileevents.dll

Deoptimization events (20 events):
Event: 3.075 Thread 0x0000023080397da0 Uncommon trap: trap_request=0xffffff45 fr.pc=0x00000230103c29f4 relative=0x0000000000000b94
Event: 3.075 Thread 0x0000023080397da0 Uncommon trap: reason=unstable_if action=reinterpret pc=0x00000230103c29f4 method=java.io.WinNTFileSystem.resolve(Ljava/lang/String;Ljava/lang/String;)Ljava/lang/String; @ 42 c2
Event: 3.075 Thread 0x0000023080397da0 DEOPT PACKING pc=0x00000230103c29f4 sp=0x000000a5b9bfb470
Event: 3.075 Thread 0x0000023080397da0 DEOPT UNPACKING pc=0x000002300fca46a2 sp=0x000000a5b9bfb408 mode 2
Event: 3.077 Thread 0x0000023080397da0 Uncommon trap: trap_request=0xffffff45 fr.pc=0x000002301042e6f8 relative=0x00000000000005b8
Event: 3.077 Thread 0x0000023080397da0 Uncommon trap: reason=unstable_if action=reinterpret pc=0x000002301042e6f8 method=java.io.File.getName()Ljava/lang/String; @ 16 c2
Event: 3.077 Thread 0x0000023080397da0 DEOPT PACKING pc=0x000002301042e6f8 sp=0x000000a5b9bfb430
Event: 3.077 Thread 0x0000023080397da0 DEOPT UNPACKING pc=0x000002300fca46a2 sp=0x000000a5b9bfb400 mode 2
Event: 3.215 Thread 0x0000023080397da0 DEOPT PACKING pc=0x00000230004cbf06 sp=0x000000a5b9bfbf70
Event: 3.215 Thread 0x0000023080397da0 DEOPT UNPACKING pc=0x000002300fca4e42 sp=0x000000a5b9bfb480 mode 0
Event: 3.346 Thread 0x0000023080397da0 DEOPT PACKING pc=0x00000230004cbf06 sp=0x000000a5b9bfb830
Event: 3.346 Thread 0x0000023080397da0 DEOPT UNPACKING pc=0x000002300fca4e42 sp=0x000000a5b9bfad40 mode 0
Event: 3.402 Thread 0x0000023080399150 DEOPT PACKING pc=0x00000230000f5bb9 sp=0x000000a5b9efefa0
Event: 3.402 Thread 0x0000023080399150 DEOPT UNPACKING pc=0x000002300fca4e42 sp=0x000000a5b9efe438 mode 0
Event: 3.409 Thread 0x0000023080398430 Uncommon trap: trap_request=0xffffff45 fr.pc=0x000002301049e6ac relative=0x000000000000018c
Event: 3.409 Thread 0x0000023080398430 Uncommon trap: reason=unstable_if action=reinterpret pc=0x000002301049e6ac method=java.util.concurrent.locks.ReentrantLock$NonfairSync.initialTryLock()Z @ 25 c2
Event: 3.409 Thread 0x0000023080398430 DEOPT PACKING pc=0x000002301049e6ac sp=0x000000a5b9cff100
Event: 3.409 Thread 0x0000023080398430 DEOPT UNPACKING pc=0x000002300fca46a2 sp=0x000000a5b9cff0a0 mode 2
Event: 3.458 Thread 0x0000023080397da0 DEOPT PACKING pc=0x00000230004cbf06 sp=0x000000a5b9bf8790
Event: 3.459 Thread 0x0000023080397da0 DEOPT UNPACKING pc=0x000002300fca4e42 sp=0x000000a5b9bf7ca0 mode 0

Classes loaded (20 events):
Event: 3.408 Loading class java/io/ObjectStreamClass$1
Event: 3.409 Loading class java/io/ObjectStreamClass$1 done
Event: 3.409 Loading class java/io/ObjectStreamClass$MemberSignature
Event: 3.409 Loading class java/io/ObjectStreamClass$MemberSignature done
Event: 3.409 Loading class java/io/ObjectStreamClass$3
Event: 3.409 Loading class java/io/ObjectStreamClass$3 done
Event: 3.409 Loading class java/io/ObjectStreamClass$4
Event: 3.409 Loading class java/io/ObjectStreamClass$4 done
Event: 3.409 Loading class java/io/ObjectStreamClass$5
Event: 3.409 Loading class java/io/ObjectStreamClass$5 done
Event: 3.410 Loading class java/io/ObjectStreamClass$ClassDataSlot
Event: 3.410 Loading class java/io/ObjectStreamClass$ClassDataSlot done
Event: 3.412 Loading class jdk/internal/reflect/MethodHandleLongFieldAccessorImpl
Event: 3.412 Loading class jdk/internal/reflect/MethodHandleLongFieldAccessorImpl done
Event: 3.414 Loading class java/io/UnsupportedEncodingException
Event: 3.414 Loading class java/io/UnsupportedEncodingException done
Event: 3.414 Loading class java/nio/charset/CharacterCodingException
Event: 3.414 Loading class java/nio/charset/CharacterCodingException done
Event: 3.414 Loading class java/lang/foreign/MemorySegment
Event: 3.414 Loading class java/lang/foreign/MemorySegment done

Classes unloaded (0 events):
No events

Classes redefined (0 events):
No events

Internal exceptions (20 events):
Event: 3.189 Thread 0x0000023080397da0 Exception <a 'java/lang/NoSuchMethodError'{0x000000060e547d00}: 'int java.lang.invoke.DirectMethodHandle$Holder.invokeStatic(java.lang.Object, java.lang.Object, java.lang.Object, java.lang.Object)'> (0x000000060e547d00) 
thrown [s\open\src\hotspot\share\interpreter\linkResolver.cpp, line 774]
Event: 3.260 Thread 0x0000023080397da0 Exception <a 'java/lang/NoSuchMethodError'{0x000000060e7ad650}: 'java.lang.Object java.lang.invoke.DelegatingMethodHandle$Holder.reinvoke_L(java.lang.Object, java.lang.Object, java.lang.Object, java.lang.Object, java.lang.Object, java.lang.Object, java.lang.Object, java.lang.Object, java.lang.Object, java.lang.Object, java.lang.Object, java.lang.Object, java.lang.Object, java.lang.Object, java.lang.Object, java.lang.Object, java.lang.Object, java.lang.Object, java.lang.Object, java.lang.Object, java.lang.O
Event: 3.263 Thread 0x0000023080397da0 Exception <a 'java/lang/NoSuchMethodError'{0x000000060e01cbd8}: 'java.lang.Object java.lang.invoke.DirectMethodHandle$Holder.invokeStatic(java.lang.Object, java.lang.Object, java.lang.Object, java.lang.Object, java.lang.Object, java.lang.Object, java.lang.Object, java.lang.Object, java.lang.Object, java.lang.Object, java.lang.Object, java.lang.Object, java.lang.Object, java.lang.Object, java.lang.Object, java.lang.Object, java.lang.Object)'> (0x000000060e01cbd8) 
thrown [s\open\src\hotspot\share\interprete
Event: 3.266 Thread 0x0000023080397da0 Exception <a 'java/lang/NoSuchMethodError'{0x000000060e045bb0}: 'java.lang.Object java.lang.invoke.DirectMethodHandle$Holder.invokeStatic(java.lang.Object, java.lang.Object, java.lang.Object, java.lang.Object, java.lang.Object, java.lang.Object, java.lang.Object, java.lang.Object, java.lang.Object, java.lang.Object, java.lang.Object, java.lang.Object, java.lang.Object, java.lang.Object, java.lang.Object, java.lang.Object, java.lang.Object, java.lang.Object)'> (0x000000060e045bb0) 
thrown [s\open\src\hotspo
Event: 3.269 Thread 0x0000023080397da0 Exception <a 'java/lang/NoSuchMethodError'{0x000000060e070088}: 'java.lang.Object java.lang.invoke.DirectMethodHandle$Holder.invokeStatic(java.lang.Object, java.lang.Object, java.lang.Object, java.lang.Object, java.lang.Object, java.lang.Object, java.lang.Object, java.lang.Object, java.lang.Object, java.lang.Object, java.lang.Object, java.lang.Object, java.lang.Object, java.lang.Object, java.lang.Object, java.lang.Object, java.lang.Object, java.lang.Object, java.lang.Object)'> (0x000000060e070088) 
thrown 
Event: 3.271 Thread 0x0000023080397da0 Exception <a 'java/lang/NoSuchMethodError'{0x000000060e09b6e0}: 'java.lang.Object java.lang.invoke.DirectMethodHandle$Holder.invokeStatic(java.lang.Object, java.lang.Object, java.lang.Object, java.lang.Object, java.lang.Object, java.lang.Object, java.lang.Object, java.lang.Object, java.lang.Object, java.lang.Object, java.lang.Object, java.lang.Object, java.lang.Object, java.lang.Object, java.lang.Object, java.lang.Object, java.lang.Object, java.lang.Object, java.lang.Object, java.lang.Object)'> (0x00000006
Event: 3.276 Thread 0x0000023080397da0 Exception <a 'java/lang/NoSuchMethodError'{0x000000060e0c83c8}: 'java.lang.Object java.lang.invoke.DirectMethodHandle$Holder.invokeStatic(java.lang.Object, java.lang.Object, java.lang.Object, java.lang.Object, java.lang.Object, java.lang.Object, java.lang.Object, java.lang.Object, java.lang.Object, java.lang.Object, java.lang.Object, java.lang.Object, java.lang.Object, java.lang.Object, java.lang.Object, java.lang.Object, java.lang.Object, java.lang.Object, java.lang.Object, java.lang.Object, java.lang.Obj
Event: 3.278 Thread 0x0000023080397da0 Exception <a 'java/lang/NoSuchMethodError'{0x000000060e0f60b8}: 'java.lang.Object java.lang.invoke.DirectMethodHandle$Holder.invokeStatic(java.lang.Object, java.lang.Object, java.lang.Object, java.lang.Object, java.lang.Object, java.lang.Object, java.lang.Object, java.lang.Object, java.lang.Object, java.lang.Object, java.lang.Object, java.lang.Object, java.lang.Object, java.lang.Object, java.lang.Object, java.lang.Object, java.lang.Object, java.lang.Object, java.lang.Object, java.lang.Object, java.lang.Obj
Event: 3.280 Thread 0x0000023080397da0 Exception <a 'java/lang/NoSuchMethodError'{0x000000060e124e48}: 'java.lang.Object java.lang.invoke.DirectMethodHandle$Holder.invokeStatic(java.lang.Object, java.lang.Object, java.lang.Object, java.lang.Object, java.lang.Object, java.lang.Object, java.lang.Object, java.lang.Object, java.lang.Object, java.lang.Object, java.lang.Object, java.lang.Object, java.lang.Object, java.lang.Object, java.lang.Object, java.lang.Object, java.lang.Object, java.lang.Object, java.lang.Object, java.lang.Object, java.lang.Obj
Event: 3.283 Thread 0x0000023080397da0 Exception <a 'java/lang/NoSuchMethodError'{0x000000060e154710}: 'java.lang.Object java.lang.invoke.DirectMethodHandle$Holder.invokeStatic(java.lang.Object, java.lang.Object, java.lang.Object, java.lang.Object, java.lang.Object, java.lang.Object, java.lang.Object, java.lang.Object, java.lang.Object, java.lang.Object, java.lang.Object, java.lang.Object, java.lang.Object, java.lang.Object, java.lang.Object, java.lang.Object, java.lang.Object, java.lang.Object, java.lang.Object, java.lang.Object, java.lang.Obj
Event: 3.285 Thread 0x0000023080397da0 Exception <a 'java/lang/NoSuchMethodError'{0x000000060e185078}: 'java.lang.Object java.lang.invoke.DirectMethodHandle$Holder.invokeStatic(java.lang.Object, java.lang.Object, java.lang.Object, java.lang.Object, java.lang.Object, java.lang.Object, java.lang.Object, java.lang.Object, java.lang.Object, java.lang.Object, java.lang.Object, java.lang.Object, java.lang.Object, java.lang.Object, java.lang.Object, java.lang.Object, java.lang.Object, java.lang.Object, java.lang.Object, java.lang.Object, java.lang.Obj
Event: 3.288 Thread 0x0000023080397da0 Exception <a 'java/lang/NoSuchMethodError'{0x000000060e1b6178}: 'java.lang.Object java.lang.invoke.DirectMethodHandle$Holder.invokeStatic(java.lang.Object, java.lang.Object, java.lang.Object, java.lang.Object, java.lang.Object, java.lang.Object, java.lang.Object, java.lang.Object, java.lang.Object, java.lang.Object, java.lang.Object, java.lang.Object, java.lang.Object, java.lang.Object, java.lang.Object, java.lang.Object, java.lang.Object, java.lang.Object, java.lang.Object, java.lang.Object, java.lang.Obj
Event: 3.292 Thread 0x0000023080397da0 Exception <a 'java/lang/NoSuchMethodError'{0x000000060e1e8e50}: 'java.lang.Object java.lang.invoke.DirectMethodHandle$Holder.invokeStatic(java.lang.Object, java.lang.Object, java.lang.Object, java.lang.Object, java.lang.Object, java.lang.Object, java.lang.Object, java.lang.Object, java.lang.Object, java.lang.Object, java.lang.Object, java.lang.Object, java.lang.Object, java.lang.Object, java.lang.Object, java.lang.Object, java.lang.Object, java.lang.Object, java.lang.Object, java.lang.Object, java.lang.Obj
Event: 3.329 Thread 0x0000023080397da0 Exception <a 'java/lang/IncompatibleClassChangeError'{0x000000060e3278a0}: Found class java.lang.Object, but interface was expected> (0x000000060e3278a0) 
thrown [s\open\src\hotspot\share\interpreter\linkResolver.cpp, line 841]
Event: 3.409 Thread 0x0000023080399150 Exception <a 'java/lang/NoSuchMethodError'{0x000000060ddf3238}: static Lorg/gradle/internal/build/event/types/DefaultOperationStartedProgressEvent;.<clinit>()V> (0x000000060ddf3238) 
thrown [s\open\src\hotspot\share\prims\jni.cpp, line 1111]
Event: 3.410 Thread 0x0000023080399150 Exception <a 'java/lang/NoSuchMethodError'{0x000000060ddf53a0}: static Lorg/gradle/internal/build/event/types/AbstractProgressEvent;.<clinit>()V> (0x000000060ddf53a0) 
thrown [s\open\src\hotspot\share\prims\jni.cpp, line 1111]
Event: 3.411 Thread 0x0000023080399150 Exception <a 'java/lang/NoSuchMethodError'{0x000000060de4c218}: static Lorg/gradle/internal/build/event/types/DefaultOperationDescriptor;.<clinit>()V> (0x000000060de4c218) 
thrown [s\open\src\hotspot\share\prims\jni.cpp, line 1111]
Event: 3.412 Thread 0x0000023080399150 Exception <a 'java/lang/NoSuchMethodError'{0x000000060de51690}: 'long java.lang.invoke.DirectMethodHandle$Holder.invokeSpecial(java.lang.Object, java.lang.Object)'> (0x000000060de51690) 
thrown [s\open\src\hotspot\share\interpreter\linkResolver.cpp, line 774]
Event: 3.413 Thread 0x0000023080399150 Exception <a 'java/lang/NoSuchMethodError'{0x000000060de548b8}: 'long java.lang.invoke.Invokers$Holder.invokeExact_MT(java.lang.Object, java.lang.Object)'> (0x000000060de548b8) 
thrown [s\open\src\hotspot\share\interpreter\linkResolver.cpp, line 774]
Event: 3.415 Thread 0x0000023080399150 Exception <a 'java/lang/NoSuchMethodError'{0x000000060de68200}: static Lorg/gradle/internal/operations/OperationIdentifier;.<clinit>()V> (0x000000060de68200) 
thrown [s\open\src\hotspot\share\prims\jni.cpp, line 1111]

ZGC Phase Switch (0 events):
No events

VM Operations (20 events):
Event: 1.801 Executing VM operation: HandshakeAllThreads (Deoptimize)
Event: 1.801 Executing VM operation: HandshakeAllThreads (Deoptimize) done
Event: 1.841 Executing VM operation: HandshakeAllThreads (Deoptimize)
Event: 1.841 Executing VM operation: HandshakeAllThreads (Deoptimize) done
Event: 1.882 Executing VM operation: HandshakeAllThreads (Deoptimize)
Event: 1.882 Executing VM operation: HandshakeAllThreads (Deoptimize) done
Event: 2.154 Executing VM operation: ICBufferFull
Event: 2.155 Executing VM operation: ICBufferFull done
Event: 2.311 Executing VM operation: HandshakeAllThreads (Deoptimize)
Event: 2.311 Executing VM operation: HandshakeAllThreads (Deoptimize) done
Event: 2.645 Executing VM operation: ICBufferFull
Event: 2.645 Executing VM operation: ICBufferFull done
Event: 2.655 Executing VM operation: G1CollectForAllocation (G1 Evacuation Pause)
Event: 2.663 Executing VM operation: G1CollectForAllocation (G1 Evacuation Pause) done
Event: 2.997 Executing VM operation: HandshakeAllThreads (Deoptimize)
Event: 2.997 Executing VM operation: HandshakeAllThreads (Deoptimize) done
Event: 3.302 Executing VM operation: HandshakeAllThreads (Deoptimize)
Event: 3.302 Executing VM operation: HandshakeAllThreads (Deoptimize) done
Event: 3.303 Executing VM operation: HandshakeAllThreads (Deoptimize)
Event: 3.303 Executing VM operation: HandshakeAllThreads (Deoptimize) done

Events (20 events):
Event: 1.653 Thread 0x000002306a3057d0 Thread added: 0x000002306a3057d0
Event: 1.732 Thread 0x000002306a8e49b0 Thread added: 0x000002306a8e49b0
Event: 2.153 Thread 0x000002306a3057d0 Thread exited: 0x000002306a3057d0
Event: 2.178 Thread 0x000002306a307310 Thread added: 0x000002306a307310
Event: 2.201 Thread 0x000002306aaa4800 Thread added: 0x000002306aaa4800
Event: 2.214 Thread 0x000002306a30b730 Thread added: 0x000002306a30b730
Event: 2.282 Thread 0x000002306aaa2f80 Thread added: 0x000002306aaa2f80
Event: 2.353 Thread 0x0000023080281cb0 Thread added: 0x0000023080281cb0
Event: 2.356 Thread 0x000002308008bc70 Thread added: 0x000002308008bc70
Event: 2.387 Thread 0x0000023080388810 Thread added: 0x0000023080388810
Event: 2.393 Thread 0x0000023080397da0 Thread added: 0x0000023080397da0
Event: 2.406 Thread 0x0000023080398430 Thread added: 0x0000023080398430
Event: 2.414 Thread 0x0000023080398ac0 Thread added: 0x0000023080398ac0
Event: 2.418 Thread 0x0000023080399150 Thread added: 0x0000023080399150
Event: 2.934 Thread 0x000002306a30b730 Thread exited: 0x000002306a30b730
Event: 2.997 Thread 0x00000230803997e0 Thread added: 0x00000230803997e0
Event: 3.008 Thread 0x000002308039a500 Thread added: 0x000002308039a500
Event: 3.035 Thread 0x0000023080397710 Thread added: 0x0000023080397710
Event: 3.263 Thread 0x000002306a30a990 Thread added: 0x000002306a30a990
Event: 3.291 Thread 0x000002306a308e50 Thread added: 0x000002306a308e50


Dynamic libraries:
0x00007ff64d5c0000 - 0x00007ff64d5d0000 	C:\Program Files\Java\jdk-22\bin\java.exe
0x00007ffb21270000 - 0x00007ffb21487000 	C:\windows\SYSTEM32\ntdll.dll
0x00007ffb20a10000 - 0x00007ffb20ad4000 	C:\windows\System32\KERNEL32.DLL
0x00007ffb1e530000 - 0x00007ffb1e903000 	C:\windows\System32\KERNELBASE.dll
0x00007ffb1ed60000 - 0x00007ffb1ee71000 	C:\windows\System32\ucrtbase.dll
0x00007ffaf29d0000 - 0x00007ffaf29eb000 	C:\Program Files\Java\jdk-22\bin\VCRUNTIME140.dll
0x00007ffaf11e0000 - 0x00007ffaf11f7000 	C:\Program Files\Java\jdk-22\bin\jli.dll
0x00007ffb207b0000 - 0x00007ffb20861000 	C:\windows\System32\ADVAPI32.dll
0x00007ffb1f9d0000 - 0x00007ffb1fa77000 	C:\windows\System32\msvcrt.dll
0x00007ffb20fe0000 - 0x00007ffb21087000 	C:\windows\System32\sechost.dll
0x00007ffb1e910000 - 0x00007ffb1e938000 	C:\windows\System32\bcrypt.dll
0x00007ffb21110000 - 0x00007ffb21224000 	C:\windows\System32\RPCRT4.dll
0x00007ffb1fa80000 - 0x00007ffb1fc31000 	C:\windows\System32\USER32.dll
0x00007ffb1e940000 - 0x00007ffb1e966000 	C:\windows\System32\win32u.dll
0x00007ffaff980000 - 0x00007ffaffc1b000 	C:\windows\WinSxS\amd64_microsoft.windows.common-controls_6595b64144ccf1df_6.0.22621.5262_none_2712bde373830908\COMCTL32.dll
0x00007ffb20870000 - 0x00007ffb20899000 	C:\windows\System32\GDI32.dll
0x00007ffb1e360000 - 0x00007ffb1e482000 	C:\windows\System32\gdi32full.dll
0x00007ffb1e490000 - 0x00007ffb1e52a000 	C:\windows\System32\msvcp_win.dll
0x00007ffb12750000 - 0x00007ffb1275a000 	C:\windows\SYSTEM32\VERSION.dll
0x00007ffb20cb0000 - 0x00007ffb20ce1000 	C:\windows\System32\IMM32.DLL
0x00007ffaf8490000 - 0x00007ffaf849c000 	C:\Program Files\Java\jdk-22\bin\vcruntime140_1.dll
0x00007ffad0210000 - 0x00007ffad029e000 	C:\Program Files\Java\jdk-22\bin\msvcp140.dll
0x00007ffabb9b0000 - 0x00007ffabc6f7000 	C:\Program Files\Java\jdk-22\bin\server\jvm.dll
0x00007ffb1f950000 - 0x00007ffb1f9c1000 	C:\windows\System32\WS2_32.dll
0x00007ffb1e080000 - 0x00007ffb1e0cd000 	C:\windows\SYSTEM32\POWRPROF.dll
0x00007ffb17250000 - 0x00007ffb17284000 	C:\windows\SYSTEM32\WINMM.dll
0x00007ffb1e060000 - 0x00007ffb1e073000 	C:\windows\SYSTEM32\UMPDC.dll
0x00007ffb1d370000 - 0x00007ffb1d388000 	C:\windows\SYSTEM32\kernel.appcore.dll
0x00007ffaf4ff0000 - 0x00007ffaf4ffa000 	C:\Program Files\Java\jdk-22\bin\jimage.dll
0x00007ffb1bd50000 - 0x00007ffb1bf82000 	C:\windows\SYSTEM32\DBGHELP.DLL
0x00007ffb1fdc0000 - 0x00007ffb20153000 	C:\windows\System32\combase.dll
0x00007ffb20ba0000 - 0x00007ffb20c77000 	C:\windows\System32\OLEAUT32.dll
0x00007ffafae70000 - 0x00007ffafaea2000 	C:\windows\SYSTEM32\dbgcore.DLL
0x00007ffb1ee80000 - 0x00007ffb1eefb000 	C:\windows\System32\bcryptPrimitives.dll
0x00007ffb17110000 - 0x00007ffb1711f000 	C:\Program Files\Java\jdk-22\bin\instrument.dll
0x00007ffaf0650000 - 0x00007ffaf066e000 	C:\Program Files\Java\jdk-22\bin\java.dll
0x00007ffb1ef00000 - 0x00007ffb1f79d000 	C:\windows\System32\SHELL32.dll
0x00007ffb1ec20000 - 0x00007ffb1ed5f000 	C:\windows\System32\wintypes.dll
0x00007ffb1f7a0000 - 0x00007ffb1f941000 	C:\windows\System32\ole32.dll
0x00007ffb1c250000 - 0x00007ffb1cb6d000 	C:\windows\SYSTEM32\windows.storage.dll
0x00007ffb20e00000 - 0x00007ffb20f0b000 	C:\windows\System32\SHCORE.dll
0x00007ffb20d80000 - 0x00007ffb20de6000 	C:\windows\System32\shlwapi.dll
0x00007ffb1e290000 - 0x00007ffb1e2bb000 	C:\windows\SYSTEM32\profapi.dll
0x00007ffac7700000 - 0x00007ffac77d7000 	C:\Program Files\Java\jdk-22\bin\jsvml.dll
0x00007ffaef8e0000 - 0x00007ffaef8f7000 	C:\Program Files\Java\jdk-22\bin\zip.dll
0x00007ffaf45e0000 - 0x00007ffaf45f0000 	C:\Program Files\Java\jdk-22\bin\net.dll
0x00007ffb1d820000 - 0x00007ffb1d88a000 	C:\windows\system32\mswsock.dll
0x00007ffaed180000 - 0x00007ffaed196000 	C:\Program Files\Java\jdk-22\bin\nio.dll
0x00007ffaf0c30000 - 0x00007ffaf0c40000 	C:\Program Files\Java\jdk-22\bin\verify.dll
0x00007ffaed080000 - 0x00007ffaed0a7000 	C:\Users\HP\.gradle\native\1def1411415f61bf3af743bc5b6707747c0891f09f0c88961ee8f79bc544acac\windows-amd64\native-platform.dll
0x0000000056e30000 - 0x0000000056ea3000 	C:\Users\HP\.gradle\native\0.2.5\x86_64-windows-gnu\gradle-fileevents.dll
0x00007ffaf02c0000 - 0x00007ffaf02ca000 	C:\Program Files\Java\jdk-22\bin\management.dll
0x00007ffaeff60000 - 0x00007ffaeff6b000 	C:\Program Files\Java\jdk-22\bin\management_ext.dll
0x00007ffb20df0000 - 0x00007ffb20df8000 	C:\windows\System32\PSAPI.DLL
0x00007ffb1da70000 - 0x00007ffb1da8b000 	C:\windows\SYSTEM32\CRYPTSP.dll
0x00007ffb1d2d0000 - 0x00007ffb1d307000 	C:\windows\system32\rsaenh.dll
0x00007ffb1d910000 - 0x00007ffb1d938000 	C:\windows\SYSTEM32\USERENV.dll
0x00007ffb1da90000 - 0x00007ffb1da9c000 	C:\windows\SYSTEM32\CRYPTBASE.dll
0x00007ffb1cdd0000 - 0x00007ffb1cdfd000 	C:\windows\SYSTEM32\IPHLPAPI.DLL
0x00007ffb20a00000 - 0x00007ffb20a09000 	C:\windows\System32\NSI.dll
0x00007ffaeff10000 - 0x00007ffaeff19000 	C:\Program Files\Java\jdk-22\bin\extnet.dll
0x00007ffb17090000 - 0x00007ffb1709e000 	C:\Program Files\Java\jdk-22\bin\sunmscapi.dll
0x00007ffb1e970000 - 0x00007ffb1ead7000 	C:\windows\System32\CRYPT32.dll
0x00007ffb1dc30000 - 0x00007ffb1dc5d000 	C:\windows\SYSTEM32\ncrypt.dll
0x00007ffb1dbf0000 - 0x00007ffb1dc27000 	C:\windows\SYSTEM32\NTASN1.dll
0x00007ffaf0300000 - 0x00007ffaf0308000 	C:\windows\system32\wshunix.dll
0x0000000056db0000 - 0x0000000056e23000 	C:\Users\HP\AppData\Local\Temp\native-platform3325669793911352588dir\gradle-fileevents.dll

dbghelp: loaded successfully - version: 4.0.5 - missing functions: none
symbol engine: initialized successfully - sym options: 0x614 - pdb path: .;C:\Program Files\Java\jdk-22\bin;C:\windows\SYSTEM32;C:\windows\WinSxS\amd64_microsoft.windows.common-controls_6595b64144ccf1df_6.0.22621.5262_none_2712bde373830908;C:\Program Files\Java\jdk-22\bin\server;C:\Users\HP\.gradle\native\1def1411415f61bf3af743bc5b6707747c0891f09f0c88961ee8f79bc544acac\windows-amd64;C:\Users\HP\.gradle\native\0.2.5\x86_64-windows-gnu;C:\Users\HP\AppData\Local\Temp\native-platform3325669793911352588dir

VM Arguments:
jvm_args: --add-opens=java.base/java.lang=ALL-UNNAMED --add-opens=java.base/java.lang.invoke=ALL-UNNAMED --add-opens=java.base/java.util=ALL-UNNAMED --add-opens=java.prefs/java.util.prefs=ALL-UNNAMED --add-exports=jdk.compiler/com.sun.tools.javac.api=ALL-UNNAMED --add-exports=jdk.compiler/com.sun.tools.javac.util=ALL-UNNAMED --add-opens=java.base/java.util=ALL-UNNAMED --add-opens=java.prefs/java.util.prefs=ALL-UNNAMED --add-opens=java.base/java.nio.charset=ALL-UNNAMED --add-opens=java.base/java.net=ALL-UNNAMED --add-opens=java.base/java.util.concurrent.atomic=ALL-UNNAMED --add-opens=java.xml/javax.xml.namespace=ALL-UNNAMED -XX:MaxMetaspaceSize=4G -XX:ReservedCodeCacheSize=512m -XX:+HeapDumpOnOutOfMemoryError -Xmx8G -Dfile.encoding=UTF-8 -Duser.country=IN -Duser.language=en -Duser.variant -javaagent:C:\Users\HP\.gradle\wrapper\dists\gradle-8.12-all\ejduaidbjup3bmmkhw3rie4zb\gradle-8.12\lib\agents\gradle-instrumentation-agent-8.12.jar 
java_command: org.gradle.launcher.daemon.bootstrap.GradleDaemon 8.12
java_class_path (initial): C:\Users\HP\.gradle\wrapper\dists\gradle-8.12-all\ejduaidbjup3bmmkhw3rie4zb\gradle-8.12\lib\gradle-daemon-main-8.12.jar
Launcher Type: SUN_STANDARD

[Global flags]
     intx CICompilerCount                          = 12                                        {product} {ergonomic}
     uint ConcGCThreads                            = 3                                         {product} {ergonomic}
     uint G1ConcRefinementThreads                  = 13                                        {product} {ergonomic}
   size_t G1HeapRegionSize                         = 4194304                                   {product} {ergonomic}
     bool HeapDumpOnOutOfMemoryError               = true                                   {manageable} {command line}
   size_t InitialHeapSize                          = 264241152                                 {product} {ergonomic}
   size_t MarkStackSize                            = 4194304                                   {product} {ergonomic}
   size_t MaxHeapSize                              = 8589934592                                {product} {command line}
   size_t MaxMetaspaceSize                         = 4294967296                                {product} {command line}
   size_t MaxNewSize                               = 5150605312                                {product} {ergonomic}
   size_t MinHeapDeltaBytes                        = 4194304                                   {product} {ergonomic}
   size_t MinHeapSize                              = 8388608                                   {product} {ergonomic}
    uintx NonNMethodCodeHeapSize                   = 7602480                                {pd product} {ergonomic}
    uintx NonProfiledCodeHeapSize                  = 264634216                              {pd product} {ergonomic}
    uintx ProfiledCodeHeapSize                     = 264634216                              {pd product} {ergonomic}
    uintx ReservedCodeCacheSize                    = 536870912                              {pd product} {command line}
     bool SegmentedCodeCache                       = true                                      {product} {ergonomic}
   size_t SoftMaxHeapSize                          = 8589934592                             {manageable} {ergonomic}
     bool UseCompressedOops                        = true                           {product lp64_product} {ergonomic}
     bool UseG1GC                                  = true                                      {product} {ergonomic}
     bool UseLargePagesIndividualAllocation        = false                                  {pd product} {ergonomic}

Logging:
Log output configuration:
 #0: stdout all=warning uptime,level,tags foldmultilines=false
 #1: stderr all=off uptime,level,tags foldmultilines=false

Environment Variables:
JAVA_HOME=C:\Program Files\Eclipse Adoptium\jdk-17.0.15.6-hotspot
PATH=C:\Program Files\Eclipse Adoptium\jdk-17.0.15.6-hotspot\bin;C:\Python312\Scripts\;C:\Python312\;C:\Program Files\Common Files\Oracle\Java\javapath;C:\windows\system32;C:\windows;C:\windows\System32\Wbem;C:\windows\System32\WindowsPowerShell\v1.0\;C:\windows\System32\OpenSSH\;C:\Program Files\Git\cmd;C:\Program Files\Git\mingw64\bin;C:\Program Files\Git\usr\bin;C:\Program Files (x86)\Windows Kits\10\Windows Performance Toolkit\;C:\src\flutter\bin;C:\ProgramData\chocolatey\bin;C:\Users\HP\AppData\Local\Pub\Cache\bin;C:\Program Files\Docker\Docker\resources\bin;C:\Program Files\MongoDB\Server\8.0\bin;C:\Program Files\nodejs\;C:\Program Files\Eclipse Adoptium\jdk-17.0.15.6-hotspot\bin;C:\Program Files\MySQL\MySQL Shell 8.0\bin\;C:\Users\HP\AppData\Local\Microsoft\WindowsApps;C:\Users\HP\AppData\Local\Programs\Microsoft VS Code\bin;C:\MinGW\bin;C:\src\flutter\bin;C:\Users\HP\AppData\Local\GitHubDesktop\bin;C:\mongsh\;C:\Program Files\MongoDB\Server\8.0\bin;C:\Users\HP\AppData\Roaming\npm;D:\modelsim_ase\win32aloem;C:\Users\HP\AppData\Local\Programs\cursor\resources\app\bin
USERNAME=HP
OS=Windows_NT
PROCESSOR_IDENTIFIER=Intel64 Family 6 Model 154 Stepping 3, GenuineIntel
TMP=C:\Users\HP\AppData\Local\Temp
TEMP=C:\Users\HP\AppData\Local\Temp




Periodic native trim disabled

---------------  S Y S T E M  ---------------

OS:
 Windows 11 , 64 bit Build 22621 (10.0.22621.5262)
OS uptime: 0 days 14:42 hours
Hyper-V role detected

CPU: total 16 (initial active 16) (8 cores per cpu, 2 threads per core) family 6 model 154 stepping 3 microcode 0x432, cx8, cmov, fxsr, ht, mmx, 3dnowpref, sse, sse2, sse3, ssse3, sse4.1, sse4.2, popcnt, lzcnt, tsc, tscinvbit, avx, avx2, aes, erms, clmul, bmi1, bmi2, adx, sha, fma, vzeroupper, clflush, clflushopt, clwb, hv, serialize, rdtscp, rdpid, fsrm, f16c, cet_ibt, cet_ss
Processor Information for processor 0
  Max Mhz: 1700, Current Mhz: 1700, Mhz Limit: 1700
Processor Information for processor 1
  Max Mhz: 1700, Current Mhz: 1700, Mhz Limit: 1700
Processor Information for processor 2
  Max Mhz: 1700, Current Mhz: 1700, Mhz Limit: 1700
Processor Information for processor 3
  Max Mhz: 1700, Current Mhz: 1700, Mhz Limit: 1700
Processor Information for processor 4
  Max Mhz: 1700, Current Mhz: 1700, Mhz Limit: 1700
Processor Information for processor 5
  Max Mhz: 1700, Current Mhz: 1700, Mhz Limit: 1700
Processor Information for processor 6
  Max Mhz: 1700, Current Mhz: 1700, Mhz Limit: 1700
Processor Information for processor 7
  Max Mhz: 1700, Current Mhz: 1700, Mhz Limit: 1700
Processor Information for processor 8
  Max Mhz: 1700, Current Mhz: 1200, Mhz Limit: 1190
Processor Information for processor 9
  Max Mhz: 1700, Current Mhz: 1200, Mhz Limit: 1190
Processor Information for processor 10
  Max Mhz: 1700, Current Mhz: 1200, Mhz Limit: 1190
Processor Information for processor 11
  Max Mhz: 1700, Current Mhz: 1200, Mhz Limit: 1190
Processor Information for processor 12
  Max Mhz: 1700, Current Mhz: 1200, Mhz Limit: 1190
Processor Information for processor 13
  Max Mhz: 1700, Current Mhz: 1200, Mhz Limit: 1190
Processor Information for processor 14
  Max Mhz: 1700, Current Mhz: 1200, Mhz Limit: 1190
Processor Information for processor 15
  Max Mhz: 1700, Current Mhz: 1200, Mhz Limit: 1190

Memory: 4k page, system-wide physical 16052M (4480M free)
TotalPageFile size 16052M (AvailPageFile size 271M)
current process WorkingSet (physical memory assigned to process): 231M, peak: 234M
current process commit charge ("private bytes"): 456M, peak: 459M

vm_info: Java HotSpot(TM) 64-Bit Server VM (22.0.1+8-16) for windows-amd64 JRE (22.0.1+8-16), built on 2024-03-12T10:33:16Z by "mach5one" with MS VC++ 17.6 (VS2022)

END.
