#
# There is insufficient memory for the Java Runtime Environment to continue.
# Native memory allocation (malloc) failed to allocate 408864 bytes for Chunk::new
# Possible reasons:
#   The system is out of physical RAM or swap space
#   The process is running with CompressedOops enabled, and the Java Heap may be blocking the growth of the native heap
# Possible solutions:
#   Reduce memory load on the system
#   Increase physical memory or swap space
#   Check if swap backing store is full
#   Decrease Java heap size (-Xmx/-Xms)
#   Decrease number of Java threads
#   Decrease Java thread stack sizes (-Xss)
#   Set larger code cache with -XX:ReservedCodeCacheSize=
#   JVM is running with Zero Based Compressed Oops mode in which the Java heap is
#     placed in the first 32GB address space. The Java Heap base address is the
#     maximum limit for the native heap growth. Please use -XX:HeapBaseMinAddress
#     to set the Java Heap base and to place the Java Heap above 32GB virtual address.
# This output file may be truncated or incomplete.
#
#  Out of Memory Error (arena.cpp:189), pid=15540, tid=26492
#
# JRE version: OpenJDK Runtime Environment (17.0.7) (build 17.0.7+0-b2043.56-10550314)
# Java VM: OpenJDK 64-Bit Server VM (17.0.7+0-b2043.56-10550314, mixed mode, tiered, compressed oops, compressed class ptrs, g1 gc, windows-amd64)
# No core dump will be written. Minidumps are not enabled by default on client versions of Windows
#

---------------  S U M M A R Y ------------

Command Line: -Dorg.gradle.appname=gradlew org.gradle.wrapper.GradleWrapperMain -q -Ptarget-platform=android-arm64 -Ptarget=C:\src\flutter_projects\jobApplication\New folder\jobhub\lib\main.dart -Pbase-application-name=android.app.Application -Pdart-defines=RkxVVFRFUl9WRVJTSU9OPTMuMzIuNA==,RkxVVFRFUl9DSEFOTkVMPXN0YWJsZQ==,RkxVVFRFUl9HSVRfVVJMPWh0dHBzOi8vZ2l0aHViLmNvbS9mbHV0dGVyL2ZsdXR0ZXIuZ2l0,RkxVVFRFUl9GUkFNRVdPUktfUkVWSVNJT049NmZiYTI0NDdlOQ==,RkxVVFRFUl9FTkdJTkVfUkVWSVNJT049OGNkMTllNTA5ZA==,RkxVVFRFUl9EQVJUX1ZFUlNJT049My44LjE= -Pdart-obfuscation=false -Ptrack-widget-creation=true -Ptree-shake-icons=false -Pfilesystem-scheme=org-dartlang-root assembleDebug

Host: 12th Gen Intel(R) Core(TM) i5-1240P, 16 cores, 15G,  Windows 11 , 64 bit Build 22621 (10.0.22621.5262)
Time: Mon Jun 23 03:25:30 2025 India Standard Time elapsed time: 0.597585 seconds (0d 0h 0m 0s)

---------------  T H R E A D  ---------------

Current thread (0x000001f6b96195e0):  JavaThread "C2 CompilerThread1" daemon [_thread_in_native, id=26492, stack(0x0000001a0df00000,0x0000001a0e000000)]


Current CompileTask:
C2:    597  714 %     4       java.util.zip.ZipFile$Source::initCEN @ 240 (591 bytes)

Stack: [0x0000001a0df00000,0x0000001a0e000000]
Native frames: (J=compiled Java code, j=interpreted, Vv=VM code, C=native code)
V  [jvm.dll+0x683bfa]
V  [jvm.dll+0x8430a4]
V  [jvm.dll+0x8449be]
V  [jvm.dll+0x845023]
V  [jvm.dll+0x24ad2f]
V  [jvm.dll+0xac25c]
V  [jvm.dll+0xac82c]
V  [jvm.dll+0x36a187]
V  [jvm.dll+0x1bdf52]
V  [jvm.dll+0x21d3a9]
V  [jvm.dll+0x21c671]
V  [jvm.dll+0x1a605d]
V  [jvm.dll+0x22c148]
V  [jvm.dll+0x22a209]
V  [jvm.dll+0x7f858c]
V  [jvm.dll+0x7f2aea]
V  [jvm.dll+0x682a35]
C  [ucrtbase.dll+0x29333]
C  [KERNEL32.DLL+0x1259d]
C  [ntdll.dll+0x5af58]


---------------  P R O C E S S  ---------------

Threads class SMR info:
_java_thread_list=0x000001f6b9614560, length=19, elements={
0x000001f695b435d0, 0x000001f6b9082270, 0x000001f6b90840f0, 0x000001f6b90b3900,
0x000001f6b90b4570, 0x000001f6b90b66a0, 0x000001f6b90b7050, 0x000001f6b90b81f0,
0x000001f6b90b8c90, 0x000001f6b90b9680, 0x000001f6b922dad0, 0x000001f6b9236810,
0x000001f6b923d390, 0x000001f6b92512b0, 0x000001f6b96195e0, 0x000001f6b963d9c0,
0x000001f6b96a7480, 0x000001f6b9862000, 0x000001f6b9862510
}

Java Threads: ( => current thread )
  0x000001f695b435d0 JavaThread "main" [_thread_blocked, id=26872, stack(0x0000001a0ca00000,0x0000001a0cb00000)]
  0x000001f6b9082270 JavaThread "Reference Handler" daemon [_thread_blocked, id=25712, stack(0x0000001a0d100000,0x0000001a0d200000)]
  0x000001f6b90840f0 JavaThread "Finalizer" daemon [_thread_blocked, id=25716, stack(0x0000001a0d200000,0x0000001a0d300000)]
  0x000001f6b90b3900 JavaThread "Signal Dispatcher" daemon [_thread_blocked, id=26776, stack(0x0000001a0d300000,0x0000001a0d400000)]
  0x000001f6b90b4570 JavaThread "Attach Listener" daemon [_thread_blocked, id=26800, stack(0x0000001a0d400000,0x0000001a0d500000)]
  0x000001f6b90b66a0 JavaThread "Service Thread" daemon [_thread_blocked, id=11816, stack(0x0000001a0d500000,0x0000001a0d600000)]
  0x000001f6b90b7050 JavaThread "Monitor Deflation Thread" daemon [_thread_blocked, id=25244, stack(0x0000001a0d600000,0x0000001a0d700000)]
  0x000001f6b90b81f0 JavaThread "C2 CompilerThread0" daemon [_thread_blocked, id=25040, stack(0x0000001a0d700000,0x0000001a0d800000)]
  0x000001f6b90b8c90 JavaThread "C1 CompilerThread0" daemon [_thread_blocked, id=12012, stack(0x0000001a0d800000,0x0000001a0d900000)]
  0x000001f6b90b9680 JavaThread "Sweeper thread" daemon [_thread_blocked, id=23652, stack(0x0000001a0d900000,0x0000001a0da00000)]
  0x000001f6b922dad0 JavaThread "C1 CompilerThread1" daemon [_thread_blocked, id=19568, stack(0x0000001a0da00000,0x0000001a0db00000)]
  0x000001f6b9236810 JavaThread "C1 CompilerThread2" daemon [_thread_blocked, id=3476, stack(0x0000001a0db00000,0x0000001a0dc00000)]
  0x000001f6b923d390 JavaThread "Notification Thread" daemon [_thread_blocked, id=9648, stack(0x0000001a0dc00000,0x0000001a0dd00000)]
  0x000001f6b92512b0 JavaThread "Common-Cleaner" daemon [_thread_blocked, id=23052, stack(0x0000001a0de00000,0x0000001a0df00000)]
=>0x000001f6b96195e0 JavaThread "C2 CompilerThread1" daemon [_thread_in_native, id=26492, stack(0x0000001a0df00000,0x0000001a0e000000)]
  0x000001f6b963d9c0 JavaThread "C2 CompilerThread2" daemon [_thread_blocked, id=8468, stack(0x0000001a0e000000,0x0000001a0e100000)]
  0x000001f6b96a7480 JavaThread "C2 CompilerThread3" daemon [_thread_blocked, id=21592, stack(0x0000001a0e100000,0x0000001a0e200000)]
  0x000001f6b9862000 JavaThread "C2 CompilerThread4" daemon [_thread_blocked, id=3004, stack(0x0000001a0e200000,0x0000001a0e300000)]
  0x000001f6b9862510 JavaThread "C2 CompilerThread5" daemon [_thread_blocked, id=20296, stack(0x0000001a0e300000,0x0000001a0e400000)]

Other Threads:
  0x000001f6b905d640 VMThread "VM Thread" [stack: 0x0000001a0d000000,0x0000001a0d100000] [id=4628]
  0x000001f695bd7ae0 WatcherThread [stack: 0x0000001a0dd00000,0x0000001a0de00000] [id=18492]
  0x000001f695baf260 GCTaskThread "GC Thread#0" [stack: 0x0000001a0cb00000,0x0000001a0cc00000] [id=6172]
  0x000001f6b9d66920 GCTaskThread "GC Thread#1" [stack: 0x0000001a0e400000,0x0000001a0e500000] [id=19748]
  0x000001f6b9d6ecb0 GCTaskThread "GC Thread#2" [stack: 0x0000001a0e500000,0x0000001a0e600000] [id=26464]
  0x000001f6b9b9b6d0 GCTaskThread "GC Thread#3" [stack: 0x0000001a0e600000,0x0000001a0e700000] [id=26588]
  0x000001f6b9b9b980 GCTaskThread "GC Thread#4" [stack: 0x0000001a0e700000,0x0000001a0e800000] [id=10528]
  0x000001f6b9b9bc30 GCTaskThread "GC Thread#5" [stack: 0x0000001a0e800000,0x0000001a0e900000] [id=3440]
  0x000001f695bbfc70 ConcurrentGCThread "G1 Main Marker" [stack: 0x0000001a0cc00000,0x0000001a0cd00000] [id=27184]
  0x000001f695bc0680 ConcurrentGCThread "G1 Conc#0" [stack: 0x0000001a0cd00000,0x0000001a0ce00000] [id=1136]
  0x000001f6b4d14ab0 ConcurrentGCThread "G1 Refine#0" [stack: 0x0000001a0ce00000,0x0000001a0cf00000] [id=26420]
  0x000001f6b4d154d0 ConcurrentGCThread "G1 Service" [stack: 0x0000001a0cf00000,0x0000001a0d000000] [id=27128]

Threads with active compile tasks:
C2 CompilerThread1      607  714 %     4       java.util.zip.ZipFile$Source::initCEN @ 240 (591 bytes)

VM state: not at safepoint (normal execution)

VM Mutex/Monitor currently owned by a thread: None

OutOfMemory and StackOverflow Exception counts:
OutOfMemoryError java_heap_errors=1
LinkageErrors=1

Heap address: 0x0000000705200000, size: 4014 MB, Compressed Oops mode: Zero based, Oop shift amount: 3

CDS archive(s) not mapped
Compressed class space mapped at: 0x0000000800000000-0x0000000840000000, reserved size: 1073741824
Narrow klass base: 0x0000000800000000, Narrow klass shift: 0, Narrow klass range: 0x40000000

GC Precious Log:
 CPUs: 16 total, 16 available
 Memory: 16052M
 Large Page Support: Disabled
 NUMA Support: Disabled
 Compressed Oops: Enabled (Zero based)
 Heap Region Size: 2M
 Heap Min Capacity: 8M
 Heap Initial Capacity: 252M
 Heap Max Capacity: 4014M
 Pre-touch: Disabled
 Parallel Workers: 13
 Concurrent Workers: 3
 Concurrent Refinement Workers: 13
 Periodic GC: Disabled

Heap:
 garbage-first heap   total 258048K, used 12703K [0x0000000705200000, 0x0000000800000000)
  region size 2048K, 6 young (12288K), 2 survivors (4096K)
 Metaspace       used 8695K, committed 8832K, reserved 1114112K
  class space    used 761K, committed 832K, reserved 1048576K

Heap Regions: E=young(eden), S=young(survivor), O=old, HS=humongous(starts), HC=humongous(continues), CS=collection set, F=free, OA=open archive, CA=closed archive, TAMS=top-at-mark-start (previous, next)
|   0|0x0000000705200000, 0x0000000705400000, 0x0000000705400000|100%|HS|  |TAMS 0x0000000705200000, 0x0000000705200000| Complete 
|   1|0x0000000705400000, 0x0000000705600000, 0x0000000705600000|100%|HC|  |TAMS 0x0000000705400000, 0x0000000705400000| Complete 
|   2|0x0000000705600000, 0x0000000705600000, 0x0000000705800000|  0%| F|  |TAMS 0x0000000705600000, 0x0000000705600000| Untracked 
|   3|0x0000000705800000, 0x0000000705800000, 0x0000000705a00000|  0%| F|  |TAMS 0x0000000705800000, 0x0000000705800000| Untracked 
|   4|0x0000000705a00000, 0x0000000705a00000, 0x0000000705c00000|  0%| F|  |TAMS 0x0000000705a00000, 0x0000000705a00000| Untracked 
|   5|0x0000000705c00000, 0x0000000705c00000, 0x0000000705e00000|  0%| F|  |TAMS 0x0000000705c00000, 0x0000000705c00000| Untracked 
|   6|0x0000000705e00000, 0x0000000705e00000, 0x0000000706000000|  0%| F|  |TAMS 0x0000000705e00000, 0x0000000705e00000| Untracked 
|   7|0x0000000706000000, 0x0000000706000000, 0x0000000706200000|  0%| F|  |TAMS 0x0000000706000000, 0x0000000706000000| Untracked 
|   8|0x0000000706200000, 0x0000000706200000, 0x0000000706400000|  0%| F|  |TAMS 0x0000000706200000, 0x0000000706200000| Untracked 
|   9|0x0000000706400000, 0x0000000706400000, 0x0000000706600000|  0%| F|  |TAMS 0x0000000706400000, 0x0000000706400000| Untracked 
|  10|0x0000000706600000, 0x0000000706600000, 0x0000000706800000|  0%| F|  |TAMS 0x0000000706600000, 0x0000000706600000| Untracked 
|  11|0x0000000706800000, 0x0000000706800000, 0x0000000706a00000|  0%| F|  |TAMS 0x0000000706800000, 0x0000000706800000| Untracked 
|  12|0x0000000706a00000, 0x0000000706a00000, 0x0000000706c00000|  0%| F|  |TAMS 0x0000000706a00000, 0x0000000706a00000| Untracked 
|  13|0x0000000706c00000, 0x0000000706c00000, 0x0000000706e00000|  0%| F|  |TAMS 0x0000000706c00000, 0x0000000706c00000| Untracked 
|  14|0x0000000706e00000, 0x0000000706e00000, 0x0000000707000000|  0%| F|  |TAMS 0x0000000706e00000, 0x0000000706e00000| Untracked 
|  15|0x0000000707000000, 0x0000000707000000, 0x0000000707200000|  0%| F|  |TAMS 0x0000000707000000, 0x0000000707000000| Untracked 
|  16|0x0000000707200000, 0x0000000707200000, 0x0000000707400000|  0%| F|  |TAMS 0x0000000707200000, 0x0000000707200000| Untracked 
|  17|0x0000000707400000, 0x0000000707400000, 0x0000000707600000|  0%| F|  |TAMS 0x0000000707400000, 0x0000000707400000| Untracked 
|  18|0x0000000707600000, 0x0000000707600000, 0x0000000707800000|  0%| F|  |TAMS 0x0000000707600000, 0x0000000707600000| Untracked 
|  19|0x0000000707800000, 0x0000000707800000, 0x0000000707a00000|  0%| F|  |TAMS 0x0000000707800000, 0x0000000707800000| Untracked 
|  20|0x0000000707a00000, 0x0000000707a00000, 0x0000000707c00000|  0%| F|  |TAMS 0x0000000707a00000, 0x0000000707a00000| Untracked 
|  21|0x0000000707c00000, 0x0000000707c00000, 0x0000000707e00000|  0%| F|  |TAMS 0x0000000707c00000, 0x0000000707c00000| Untracked 
|  22|0x0000000707e00000, 0x0000000707e00000, 0x0000000708000000|  0%| F|  |TAMS 0x0000000707e00000, 0x0000000707e00000| Untracked 
|  23|0x0000000708000000, 0x0000000708000000, 0x0000000708200000|  0%| F|  |TAMS 0x0000000708000000, 0x0000000708000000| Untracked 
|  24|0x0000000708200000, 0x0000000708200000, 0x0000000708400000|  0%| F|  |TAMS 0x0000000708200000, 0x0000000708200000| Untracked 
|  25|0x0000000708400000, 0x0000000708400000, 0x0000000708600000|  0%| F|  |TAMS 0x0000000708400000, 0x0000000708400000| Untracked 
|  26|0x0000000708600000, 0x0000000708600000, 0x0000000708800000|  0%| F|  |TAMS 0x0000000708600000, 0x0000000708600000| Untracked 
|  27|0x0000000708800000, 0x0000000708800000, 0x0000000708a00000|  0%| F|  |TAMS 0x0000000708800000, 0x0000000708800000| Untracked 
|  28|0x0000000708a00000, 0x0000000708a00000, 0x0000000708c00000|  0%| F|  |TAMS 0x0000000708a00000, 0x0000000708a00000| Untracked 
|  29|0x0000000708c00000, 0x0000000708c00000, 0x0000000708e00000|  0%| F|  |TAMS 0x0000000708c00000, 0x0000000708c00000| Untracked 
|  30|0x0000000708e00000, 0x0000000708e00000, 0x0000000709000000|  0%| F|  |TAMS 0x0000000708e00000, 0x0000000708e00000| Untracked 
|  31|0x0000000709000000, 0x0000000709000000, 0x0000000709200000|  0%| F|  |TAMS 0x0000000709000000, 0x0000000709000000| Untracked 
|  32|0x0000000709200000, 0x0000000709200000, 0x0000000709400000|  0%| F|  |TAMS 0x0000000709200000, 0x0000000709200000| Untracked 
|  33|0x0000000709400000, 0x0000000709400000, 0x0000000709600000|  0%| F|  |TAMS 0x0000000709400000, 0x0000000709400000| Untracked 
|  34|0x0000000709600000, 0x0000000709600000, 0x0000000709800000|  0%| F|  |TAMS 0x0000000709600000, 0x0000000709600000| Untracked 
|  35|0x0000000709800000, 0x0000000709800000, 0x0000000709a00000|  0%| F|  |TAMS 0x0000000709800000, 0x0000000709800000| Untracked 
|  36|0x0000000709a00000, 0x0000000709a00000, 0x0000000709c00000|  0%| F|  |TAMS 0x0000000709a00000, 0x0000000709a00000| Untracked 
|  37|0x0000000709c00000, 0x0000000709c00000, 0x0000000709e00000|  0%| F|  |TAMS 0x0000000709c00000, 0x0000000709c00000| Untracked 
|  38|0x0000000709e00000, 0x0000000709e00000, 0x000000070a000000|  0%| F|  |TAMS 0x0000000709e00000, 0x0000000709e00000| Untracked 
|  39|0x000000070a000000, 0x000000070a000000, 0x000000070a200000|  0%| F|  |TAMS 0x000000070a000000, 0x000000070a000000| Untracked 
|  40|0x000000070a200000, 0x000000070a200000, 0x000000070a400000|  0%| F|  |TAMS 0x000000070a200000, 0x000000070a200000| Untracked 
|  41|0x000000070a400000, 0x000000070a400000, 0x000000070a600000|  0%| F|  |TAMS 0x000000070a400000, 0x000000070a400000| Untracked 
|  42|0x000000070a600000, 0x000000070a600000, 0x000000070a800000|  0%| F|  |TAMS 0x000000070a600000, 0x000000070a600000| Untracked 
|  43|0x000000070a800000, 0x000000070a800000, 0x000000070aa00000|  0%| F|  |TAMS 0x000000070a800000, 0x000000070a800000| Untracked 
|  44|0x000000070aa00000, 0x000000070aa00000, 0x000000070ac00000|  0%| F|  |TAMS 0x000000070aa00000, 0x000000070aa00000| Untracked 
|  45|0x000000070ac00000, 0x000000070ac00000, 0x000000070ae00000|  0%| F|  |TAMS 0x000000070ac00000, 0x000000070ac00000| Untracked 
|  46|0x000000070ae00000, 0x000000070ae00000, 0x000000070b000000|  0%| F|  |TAMS 0x000000070ae00000, 0x000000070ae00000| Untracked 
|  47|0x000000070b000000, 0x000000070b000000, 0x000000070b200000|  0%| F|  |TAMS 0x000000070b000000, 0x000000070b000000| Untracked 
|  48|0x000000070b200000, 0x000000070b200000, 0x000000070b400000|  0%| F|  |TAMS 0x000000070b200000, 0x000000070b200000| Untracked 
|  49|0x000000070b400000, 0x000000070b400000, 0x000000070b600000|  0%| F|  |TAMS 0x000000070b400000, 0x000000070b400000| Untracked 
|  50|0x000000070b600000, 0x000000070b600000, 0x000000070b800000|  0%| F|  |TAMS 0x000000070b600000, 0x000000070b600000| Untracked 
|  51|0x000000070b800000, 0x000000070b800000, 0x000000070ba00000|  0%| F|  |TAMS 0x000000070b800000, 0x000000070b800000| Untracked 
|  52|0x000000070ba00000, 0x000000070ba00000, 0x000000070bc00000|  0%| F|  |TAMS 0x000000070ba00000, 0x000000070ba00000| Untracked 
|  53|0x000000070bc00000, 0x000000070bc00000, 0x000000070be00000|  0%| F|  |TAMS 0x000000070bc00000, 0x000000070bc00000| Untracked 
|  54|0x000000070be00000, 0x000000070be00000, 0x000000070c000000|  0%| F|  |TAMS 0x000000070be00000, 0x000000070be00000| Untracked 
|  55|0x000000070c000000, 0x000000070c000000, 0x000000070c200000|  0%| F|  |TAMS 0x000000070c000000, 0x000000070c000000| Untracked 
|  56|0x000000070c200000, 0x000000070c200000, 0x000000070c400000|  0%| F|  |TAMS 0x000000070c200000, 0x000000070c200000| Untracked 
|  57|0x000000070c400000, 0x000000070c400000, 0x000000070c600000|  0%| F|  |TAMS 0x000000070c400000, 0x000000070c400000| Untracked 
|  58|0x000000070c600000, 0x000000070c600000, 0x000000070c800000|  0%| F|  |TAMS 0x000000070c600000, 0x000000070c600000| Untracked 
|  59|0x000000070c800000, 0x000000070c800000, 0x000000070ca00000|  0%| F|  |TAMS 0x000000070c800000, 0x000000070c800000| Untracked 
|  60|0x000000070ca00000, 0x000000070ca00000, 0x000000070cc00000|  0%| F|  |TAMS 0x000000070ca00000, 0x000000070ca00000| Untracked 
|  61|0x000000070cc00000, 0x000000070cc00000, 0x000000070ce00000|  0%| F|  |TAMS 0x000000070cc00000, 0x000000070cc00000| Untracked 
|  62|0x000000070ce00000, 0x000000070ce00000, 0x000000070d000000|  0%| F|  |TAMS 0x000000070ce00000, 0x000000070ce00000| Untracked 
|  63|0x000000070d000000, 0x000000070d000000, 0x000000070d200000|  0%| F|  |TAMS 0x000000070d000000, 0x000000070d000000| Untracked 
|  64|0x000000070d200000, 0x000000070d200000, 0x000000070d400000|  0%| F|  |TAMS 0x000000070d200000, 0x000000070d200000| Untracked 
|  65|0x000000070d400000, 0x000000070d400000, 0x000000070d600000|  0%| F|  |TAMS 0x000000070d400000, 0x000000070d400000| Untracked 
|  66|0x000000070d600000, 0x000000070d600000, 0x000000070d800000|  0%| F|  |TAMS 0x000000070d600000, 0x000000070d600000| Untracked 
|  67|0x000000070d800000, 0x000000070d800000, 0x000000070da00000|  0%| F|  |TAMS 0x000000070d800000, 0x000000070d800000| Untracked 
|  68|0x000000070da00000, 0x000000070da00000, 0x000000070dc00000|  0%| F|  |TAMS 0x000000070da00000, 0x000000070da00000| Untracked 
|  69|0x000000070dc00000, 0x000000070dc00000, 0x000000070de00000|  0%| F|  |TAMS 0x000000070dc00000, 0x000000070dc00000| Untracked 
|  70|0x000000070de00000, 0x000000070de00000, 0x000000070e000000|  0%| F|  |TAMS 0x000000070de00000, 0x000000070de00000| Untracked 
|  71|0x000000070e000000, 0x000000070e000000, 0x000000070e200000|  0%| F|  |TAMS 0x000000070e000000, 0x000000070e000000| Untracked 
|  72|0x000000070e200000, 0x000000070e200000, 0x000000070e400000|  0%| F|  |TAMS 0x000000070e200000, 0x000000070e200000| Untracked 
|  73|0x000000070e400000, 0x000000070e400000, 0x000000070e600000|  0%| F|  |TAMS 0x000000070e400000, 0x000000070e400000| Untracked 
|  74|0x000000070e600000, 0x000000070e600000, 0x000000070e800000|  0%| F|  |TAMS 0x000000070e600000, 0x000000070e600000| Untracked 
|  75|0x000000070e800000, 0x000000070e800000, 0x000000070ea00000|  0%| F|  |TAMS 0x000000070e800000, 0x000000070e800000| Untracked 
|  76|0x000000070ea00000, 0x000000070ea00000, 0x000000070ec00000|  0%| F|  |TAMS 0x000000070ea00000, 0x000000070ea00000| Untracked 
|  77|0x000000070ec00000, 0x000000070ec00000, 0x000000070ee00000|  0%| F|  |TAMS 0x000000070ec00000, 0x000000070ec00000| Untracked 
|  78|0x000000070ee00000, 0x000000070ee00000, 0x000000070f000000|  0%| F|  |TAMS 0x000000070ee00000, 0x000000070ee00000| Untracked 
|  79|0x000000070f000000, 0x000000070f000000, 0x000000070f200000|  0%| F|  |TAMS 0x000000070f000000, 0x000000070f000000| Untracked 
|  80|0x000000070f200000, 0x000000070f200000, 0x000000070f400000|  0%| F|  |TAMS 0x000000070f200000, 0x000000070f200000| Untracked 
|  81|0x000000070f400000, 0x000000070f400000, 0x000000070f600000|  0%| F|  |TAMS 0x000000070f400000, 0x000000070f400000| Untracked 
|  82|0x000000070f600000, 0x000000070f600000, 0x000000070f800000|  0%| F|  |TAMS 0x000000070f600000, 0x000000070f600000| Untracked 
|  83|0x000000070f800000, 0x000000070f800000, 0x000000070fa00000|  0%| F|  |TAMS 0x000000070f800000, 0x000000070f800000| Untracked 
|  84|0x000000070fa00000, 0x000000070fa00000, 0x000000070fc00000|  0%| F|  |TAMS 0x000000070fa00000, 0x000000070fa00000| Untracked 
|  85|0x000000070fc00000, 0x000000070fc00000, 0x000000070fe00000|  0%| F|  |TAMS 0x000000070fc00000, 0x000000070fc00000| Untracked 
|  86|0x000000070fe00000, 0x000000070fe00000, 0x0000000710000000|  0%| F|  |TAMS 0x000000070fe00000, 0x000000070fe00000| Untracked 
|  87|0x0000000710000000, 0x0000000710000000, 0x0000000710200000|  0%| F|  |TAMS 0x0000000710000000, 0x0000000710000000| Untracked 
|  88|0x0000000710200000, 0x0000000710200000, 0x0000000710400000|  0%| F|  |TAMS 0x0000000710200000, 0x0000000710200000| Untracked 
|  89|0x0000000710400000, 0x0000000710400000, 0x0000000710600000|  0%| F|  |TAMS 0x0000000710400000, 0x0000000710400000| Untracked 
|  90|0x0000000710600000, 0x0000000710600000, 0x0000000710800000|  0%| F|  |TAMS 0x0000000710600000, 0x0000000710600000| Untracked 
|  91|0x0000000710800000, 0x0000000710800000, 0x0000000710a00000|  0%| F|  |TAMS 0x0000000710800000, 0x0000000710800000| Untracked 
|  92|0x0000000710a00000, 0x0000000710a00000, 0x0000000710c00000|  0%| F|  |TAMS 0x0000000710a00000, 0x0000000710a00000| Untracked 
|  93|0x0000000710c00000, 0x0000000710c00000, 0x0000000710e00000|  0%| F|  |TAMS 0x0000000710c00000, 0x0000000710c00000| Untracked 
|  94|0x0000000710e00000, 0x0000000710e00000, 0x0000000711000000|  0%| F|  |TAMS 0x0000000710e00000, 0x0000000710e00000| Untracked 
|  95|0x0000000711000000, 0x0000000711000000, 0x0000000711200000|  0%| F|  |TAMS 0x0000000711000000, 0x0000000711000000| Untracked 
|  96|0x0000000711200000, 0x0000000711200000, 0x0000000711400000|  0%| F|  |TAMS 0x0000000711200000, 0x0000000711200000| Untracked 
|  97|0x0000000711400000, 0x0000000711400000, 0x0000000711600000|  0%| F|  |TAMS 0x0000000711400000, 0x0000000711400000| Untracked 
|  98|0x0000000711600000, 0x0000000711600000, 0x0000000711800000|  0%| F|  |TAMS 0x0000000711600000, 0x0000000711600000| Untracked 
|  99|0x0000000711800000, 0x0000000711800000, 0x0000000711a00000|  0%| F|  |TAMS 0x0000000711800000, 0x0000000711800000| Untracked 
| 100|0x0000000711a00000, 0x0000000711a00000, 0x0000000711c00000|  0%| F|  |TAMS 0x0000000711a00000, 0x0000000711a00000| Untracked 
| 101|0x0000000711c00000, 0x0000000711c00000, 0x0000000711e00000|  0%| F|  |TAMS 0x0000000711c00000, 0x0000000711c00000| Untracked 
| 102|0x0000000711e00000, 0x0000000711e00000, 0x0000000712000000|  0%| F|  |TAMS 0x0000000711e00000, 0x0000000711e00000| Untracked 
| 103|0x0000000712000000, 0x0000000712000000, 0x0000000712200000|  0%| F|  |TAMS 0x0000000712000000, 0x0000000712000000| Untracked 
| 104|0x0000000712200000, 0x0000000712200000, 0x0000000712400000|  0%| F|  |TAMS 0x0000000712200000, 0x0000000712200000| Untracked 
| 105|0x0000000712400000, 0x0000000712400000, 0x0000000712600000|  0%| F|  |TAMS 0x0000000712400000, 0x0000000712400000| Untracked 
| 106|0x0000000712600000, 0x0000000712600000, 0x0000000712800000|  0%| F|  |TAMS 0x0000000712600000, 0x0000000712600000| Untracked 
| 107|0x0000000712800000, 0x0000000712800000, 0x0000000712a00000|  0%| F|  |TAMS 0x0000000712800000, 0x0000000712800000| Untracked 
| 108|0x0000000712a00000, 0x0000000712a00000, 0x0000000712c00000|  0%| F|  |TAMS 0x0000000712a00000, 0x0000000712a00000| Untracked 
| 109|0x0000000712c00000, 0x0000000712c00000, 0x0000000712e00000|  0%| F|  |TAMS 0x0000000712c00000, 0x0000000712c00000| Untracked 
| 110|0x0000000712e00000, 0x0000000712e00000, 0x0000000713000000|  0%| F|  |TAMS 0x0000000712e00000, 0x0000000712e00000| Untracked 
| 111|0x0000000713000000, 0x0000000713000000, 0x0000000713200000|  0%| F|  |TAMS 0x0000000713000000, 0x0000000713000000| Untracked 
| 112|0x0000000713200000, 0x0000000713200000, 0x0000000713400000|  0%| F|  |TAMS 0x0000000713200000, 0x0000000713200000| Untracked 
| 113|0x0000000713400000, 0x0000000713467fe0, 0x0000000713600000| 20%| S|CS|TAMS 0x0000000713400000, 0x0000000713400000| Complete 
| 114|0x0000000713600000, 0x0000000713800000, 0x0000000713800000|100%| S|CS|TAMS 0x0000000713600000, 0x0000000713600000| Complete 
| 115|0x0000000713800000, 0x0000000713800000, 0x0000000713a00000|  0%| F|  |TAMS 0x0000000713800000, 0x0000000713800000| Untracked 
| 116|0x0000000713a00000, 0x0000000713a00000, 0x0000000713c00000|  0%| F|  |TAMS 0x0000000713a00000, 0x0000000713a00000| Untracked 
| 117|0x0000000713c00000, 0x0000000713c00000, 0x0000000713e00000|  0%| F|  |TAMS 0x0000000713c00000, 0x0000000713c00000| Untracked 
| 118|0x0000000713e00000, 0x0000000713e00000, 0x0000000714000000|  0%| F|  |TAMS 0x0000000713e00000, 0x0000000713e00000| Untracked 
| 119|0x0000000714000000, 0x0000000714000000, 0x0000000714200000|  0%| F|  |TAMS 0x0000000714000000, 0x0000000714000000| Untracked 
| 120|0x0000000714200000, 0x0000000714200000, 0x0000000714400000|  0%| F|  |TAMS 0x0000000714200000, 0x0000000714200000| Untracked 
| 121|0x0000000714400000, 0x0000000714400000, 0x0000000714600000|  0%| F|  |TAMS 0x0000000714400000, 0x0000000714400000| Untracked 
| 122|0x0000000714600000, 0x00000007146bcdf0, 0x0000000714800000| 36%| E|  |TAMS 0x0000000714600000, 0x0000000714600000| Complete 
| 123|0x0000000714800000, 0x0000000714a00000, 0x0000000714a00000|100%| E|CS|TAMS 0x0000000714800000, 0x0000000714800000| Complete 
| 124|0x0000000714a00000, 0x0000000714c00000, 0x0000000714c00000|100%| E|CS|TAMS 0x0000000714a00000, 0x0000000714a00000| Complete 
| 125|0x0000000714c00000, 0x0000000714e00000, 0x0000000714e00000|100%| E|CS|TAMS 0x0000000714c00000, 0x0000000714c00000| Complete 

Card table byte_map: [0x000001f6a9080000,0x000001f6a9860000] _byte_map_base: 0x000001f6a5857000

Marking Bits (Prev, Next): (CMBitMap*) 0x000001f695baf870, (CMBitMap*) 0x000001f695baf8b0
 Prev Bits: [0x000001f6aa040000, 0x000001f6adef8000)
 Next Bits: [0x000001f6adf00000, 0x000001f6b1db8000)

Polling page: 0x000001f695300000

Metaspace:

Usage:
  Non-class:      7.75 MB used.
      Class:    761.12 KB used.
       Both:      8.49 MB used.

Virtual space:
  Non-class space:       64.00 MB reserved,       7.81 MB ( 12%) committed,  1 nodes.
      Class space:        1.00 GB reserved,     832.00 KB ( <1%) committed,  1 nodes.
             Both:        1.06 GB reserved,       8.62 MB ( <1%) committed. 

Chunk freelists:
   Non-Class:  7.75 MB
       Class:  15.19 MB
        Both:  22.94 MB

MaxMetaspaceSize: unlimited
CompressedClassSpaceSize: 1.00 GB
Initial GC threshold: 21.00 MB
Current GC threshold: 21.00 MB
CDS: off
MetaspaceReclaimPolicy: balanced
 - commit_granule_bytes: 65536.
 - commit_granule_words: 8192.
 - virtual_space_node_default_size: 8388608.
 - enlarge_chunks_in_place: 1.
 - new_chunks_are_fully_committed: 0.
 - uncommit_free_chunks: 1.
 - use_allocation_guard: 0.
 - handle_deallocations: 1.


Internal statistics:

num_allocs_failed_limit: 0.
num_arena_births: 14.
num_arena_deaths: 0.
num_vsnodes_births: 2.
num_vsnodes_deaths: 0.
num_space_committed: 138.
num_space_uncommitted: 0.
num_chunks_returned_to_freelist: 0.
num_chunks_taken_from_freelist: 60.
num_chunk_merges: 0.
num_chunk_splits: 25.
num_chunks_enlarged: 18.
num_inconsistent_stats: 0.

CodeHeap 'non-profiled nmethods': size=119168Kb used=260Kb max_used=260Kb free=118907Kb
 bounds [0x000001f6a0bb0000, 0x000001f6a0e20000, 0x000001f6a8010000]
CodeHeap 'profiled nmethods': size=119104Kb used=1405Kb max_used=1405Kb free=117698Kb
 bounds [0x000001f699010000, 0x000001f699280000, 0x000001f6a0460000]
CodeHeap 'non-nmethods': size=7488Kb used=2252Kb max_used=2285Kb free=5235Kb
 bounds [0x000001f6a0460000, 0x000001f6a06d0000, 0x000001f6a0bb0000]
 total_blobs=1164 nmethods=755 adapters=320
 compilation: enabled
              stopped_count=0, restarted_count=0
 full_count=0

Compilation events (20 events):
Event: 0.579 Thread 0x000001f6b90b8c90  748       3       java.lang.StringConcatHelper::initialCoder (14 bytes)
Event: 0.579 Thread 0x000001f6b9236810 nmethod 747 0x000001f699167110 code [0x000001f699167300, 0x000001f699167788]
Event: 0.580 Thread 0x000001f6b9236810  749       3       java.lang.String::concat (15 bytes)
Event: 0.580 Thread 0x000001f6b922dad0 nmethod 752 0x000001f699167b10 code [0x000001f699167ce0, 0x000001f699168108]
Event: 0.580 Thread 0x000001f6b922dad0  750       3       java.lang.StringConcatHelper::simpleConcat (94 bytes)
Event: 0.580 Thread 0x000001f6b90b8c90 nmethod 748 0x000001f699168290 code [0x000001f699168420, 0x000001f699168538]
Event: 0.580 Thread 0x000001f6b90b8c90  751       3       java.lang.StringConcatHelper::newString (67 bytes)
Event: 0.581 Thread 0x000001f6b90b8c90 nmethod 751 0x000001f699168590 code [0x000001f699168800, 0x000001f699169288]
Event: 0.582 Thread 0x000001f6b9236810 nmethod 749 0x000001f699169610 code [0x000001f699169960, 0x000001f69916af08]
Event: 0.582 Thread 0x000001f6b922dad0 nmethod 750 0x000001f69916b690 code [0x000001f69916b9e0, 0x000001f69916cf28]
Event: 0.585 Thread 0x000001f6b90b8c90  753   !   3       java.util.zip.Inflater::end (37 bytes)
Event: 0.586 Thread 0x000001f6b90b8c90 nmethod 753 0x000001f69916d690 code [0x000001f69916d880, 0x000001f69916de88]
Event: 0.588 Thread 0x000001f6b9236810  754       3       java.lang.String::valueOf (15 bytes)
Event: 0.588 Thread 0x000001f6b9236810 nmethod 754 0x000001f69916e110 code [0x000001f69916e2c0, 0x000001f69916e4c8]
Event: 0.593 Thread 0x000001f6b90b8c90  755       3       java.nio.ByteBuffer::arrayOffset (35 bytes)
Event: 0.593 Thread 0x000001f6b9236810  756       3       java.lang.StringBuilder::append (9 bytes)
Event: 0.593 Thread 0x000001f6b90b8c90 nmethod 755 0x000001f69916e590 code [0x000001f69916e760, 0x000001f69916e9d8]
Event: 0.593 Thread 0x000001f6b9236810 nmethod 756 0x000001f69916eb10 code [0x000001f69916ece0, 0x000001f69916f018]
Event: 0.594 Thread 0x000001f6b922dad0  757       3       java.nio.CharBuffer::arrayOffset (35 bytes)
Event: 0.594 Thread 0x000001f6b922dad0 nmethod 757 0x000001f69916f190 code [0x000001f69916f360, 0x000001f69916f5d8]

GC Heap History (2 events):
Event: 0.424 GC heap before
{Heap before GC invocations=0 (full 0):
 garbage-first heap   total 258048K, used 22528K [0x0000000705200000, 0x0000000800000000)
  region size 2048K, 11 young (22528K), 0 survivors (0K)
 Metaspace       used 8473K, committed 8576K, reserved 1114112K
  class space    used 741K, committed 768K, reserved 1048576K
}
Event: 0.427 GC heap after
{Heap after GC invocations=1 (full 0):
 garbage-first heap   total 258048K, used 2463K [0x0000000705200000, 0x0000000800000000)
  region size 2048K, 2 young (4096K), 2 survivors (4096K)
 Metaspace       used 8473K, committed 8576K, reserved 1114112K
  class space    used 741K, committed 768K, reserved 1048576K
}

Dll operation events (2 events):
Event: 0.004 Loaded shared library C:\Program Files\Android\Android Studio\jbr\bin\java.dll
Event: 0.096 Loaded shared library C:\Program Files\Android\Android Studio\jbr\bin\verify.dll

Deoptimization events (20 events):
Event: 0.458 Thread 0x000001f695b435d0 Uncommon trap: trap_request=0xffffff45 fr.pc=0x000001f6a0be240c relative=0x00000000000005ac
Event: 0.458 Thread 0x000001f695b435d0 Uncommon trap: reason=unstable_if action=reinterpret pc=0x000001f6a0be240c method=java.util.HashMap.putVal(ILjava/lang/Object;Ljava/lang/Object;ZZ)Ljava/lang/Object; @ 193 c2
Event: 0.458 Thread 0x000001f695b435d0 DEOPT PACKING pc=0x000001f6a0be240c sp=0x0000001a0cafcab0
Event: 0.458 Thread 0x000001f695b435d0 DEOPT UNPACKING pc=0x000001f6a04b69a3 sp=0x0000001a0cafca30 mode 2
Event: 0.473 Thread 0x000001f695b435d0 DEOPT PACKING pc=0x000001f6990479d0 sp=0x0000001a0cafc470
Event: 0.473 Thread 0x000001f695b435d0 DEOPT UNPACKING pc=0x000001f6a04b7143 sp=0x0000001a0cafb930 mode 0
Event: 0.477 Thread 0x000001f695b435d0 DEOPT PACKING pc=0x000001f699078e56 sp=0x0000001a0cafbe70
Event: 0.477 Thread 0x000001f695b435d0 DEOPT UNPACKING pc=0x000001f6a04b7143 sp=0x0000001a0cafb310 mode 0
Event: 0.558 Thread 0x000001f695b435d0 Uncommon trap: trap_request=0xffffff45 fr.pc=0x000001f6a0be91b0 relative=0x00000000000003f0
Event: 0.558 Thread 0x000001f695b435d0 Uncommon trap: reason=unstable_if action=reinterpret pc=0x000001f6a0be91b0 method=java.util.zip.ZipCoder$UTF8ZipCoder.checkedHash([BII)I @ 27 c2
Event: 0.558 Thread 0x000001f695b435d0 DEOPT PACKING pc=0x000001f6a0be91b0 sp=0x0000001a0cafc150
Event: 0.558 Thread 0x000001f695b435d0 DEOPT UNPACKING pc=0x000001f6a04b69a3 sp=0x0000001a0cafc020 mode 2
Event: 0.558 Thread 0x000001f695b435d0 Uncommon trap: trap_request=0xffffff45 fr.pc=0x000001f6a0bba3a8 relative=0x00000000000001a8
Event: 0.558 Thread 0x000001f695b435d0 Uncommon trap: reason=unstable_if action=reinterpret pc=0x000001f6a0bba3a8 method=java.lang.String.hashCode()I @ 20 c2
Event: 0.558 Thread 0x000001f695b435d0 DEOPT PACKING pc=0x000001f6a0bba3a8 sp=0x0000001a0cafbf50
Event: 0.558 Thread 0x000001f695b435d0 DEOPT UNPACKING pc=0x000001f6a04b69a3 sp=0x0000001a0cafbee0 mode 2
Event: 0.558 Thread 0x000001f695b435d0 Uncommon trap: trap_request=0xffffff45 fr.pc=0x000001f6a0bea398 relative=0x0000000000000178
Event: 0.558 Thread 0x000001f695b435d0 Uncommon trap: reason=unstable_if action=reinterpret pc=0x000001f6a0bea398 method=java.util.zip.ZipFile$Source.isMetaName([BII)Z @ 57 c2
Event: 0.558 Thread 0x000001f695b435d0 DEOPT PACKING pc=0x000001f6a0bea398 sp=0x0000001a0cafc160
Event: 0.558 Thread 0x000001f695b435d0 DEOPT UNPACKING pc=0x000001f6a04b69a3 sp=0x0000001a0cafc0f0 mode 2

Classes unloaded (0 events):
No events

Classes redefined (0 events):
No events

Internal exceptions (2 events):
Event: 0.194 Thread 0x000001f695b435d0 Exception <a 'java/lang/NoSuchMethodError'{0x0000000714bd6f60}: 'int java.lang.invoke.DirectMethodHandle$Holder.invokeStaticInit(java.lang.Object, java.lang.Object)'> (0x0000000714bd6f60) 
thrown [s\src\hotspot\share\interpreter\linkResolver.cpp, line 771]
Event: 0.565 Thread 0x000001f695b435d0 Exception <a 'java/lang/OutOfMemoryError'{0x00000007149f5fa8}> (0x00000007149f5fa8) 
thrown [s\src\hotspot\share\prims\jni.cpp, line 536]

VM Operations (4 events):
Event: 0.093 Executing VM operation: HandshakeAllThreads
Event: 0.093 Executing VM operation: HandshakeAllThreads done
Event: 0.422 Executing VM operation: G1CollectForAllocation
Event: 0.428 Executing VM operation: G1CollectForAllocation done

Events (20 events):
Event: 0.567 loading class java/lang/SecurityException done
Event: 0.567 loading class java/lang/ClassFormatError
Event: 0.567 loading class java/lang/ClassFormatError done
Event: 0.575 loading class java/lang/NumberFormatException
Event: 0.575 loading class java/lang/NumberFormatException done
Event: 0.576 loading class java/lang/IllegalAccessException
Event: 0.576 loading class java/lang/IllegalAccessException done
Event: 0.583 loading class java/util/WeakHashMap$KeyIterator
Event: 0.583 loading class java/util/WeakHashMap$HashIterator
Event: 0.583 loading class java/util/WeakHashMap$HashIterator done
Event: 0.583 loading class java/util/WeakHashMap$KeyIterator done
Event: 0.587 loading class java/lang/Throwable$WrappedPrintStream
Event: 0.587 loading class java/lang/Throwable$PrintStreamOrWriter
Event: 0.587 loading class java/lang/Throwable$PrintStreamOrWriter done
Event: 0.587 loading class java/lang/Throwable$WrappedPrintStream done
Event: 0.587 loading class java/lang/StackTraceElement$HashedModules
Event: 0.587 loading class java/lang/StackTraceElement$HashedModules done
Event: 0.595 loading class java/lang/Shutdown
Event: 0.595 loading class java/lang/Shutdown done
Event: 0.595 loading class java/lang/Shutdown$Lock


Dynamic libraries:
0x00007ff7cd880000 - 0x00007ff7cd88a000 	C:\Program Files\Android\Android Studio\jbr\bin\java.exe
0x00007ffb21270000 - 0x00007ffb21487000 	C:\windows\SYSTEM32\ntdll.dll
0x00007ffb20a10000 - 0x00007ffb20ad4000 	C:\windows\System32\KERNEL32.DLL
0x00007ffb1e530000 - 0x00007ffb1e903000 	C:\windows\System32\KERNELBASE.dll
0x00007ffb1ed60000 - 0x00007ffb1ee71000 	C:\windows\System32\ucrtbase.dll
0x00007ffb03cc0000 - 0x00007ffb03cd7000 	C:\Program Files\Android\Android Studio\jbr\bin\jli.dll
0x00007ffb1fa80000 - 0x00007ffb1fc31000 	C:\windows\System32\USER32.dll
0x00007ffaff8c0000 - 0x00007ffaff8db000 	C:\Program Files\Android\Android Studio\jbr\bin\VCRUNTIME140.dll
0x00007ffb1e940000 - 0x00007ffb1e966000 	C:\windows\System32\win32u.dll
0x00007ffb20870000 - 0x00007ffb20899000 	C:\windows\System32\GDI32.dll
0x00007ffb1e360000 - 0x00007ffb1e482000 	C:\windows\System32\gdi32full.dll
0x00007ffb1e490000 - 0x00007ffb1e52a000 	C:\windows\System32\msvcp_win.dll
0x00007ffaff980000 - 0x00007ffaffc1b000 	C:\windows\WinSxS\amd64_microsoft.windows.common-controls_6595b64144ccf1df_6.0.22621.5262_none_2712bde373830908\COMCTL32.dll
0x00007ffb1f9d0000 - 0x00007ffb1fa77000 	C:\windows\System32\msvcrt.dll
0x00007ffb20cb0000 - 0x00007ffb20ce1000 	C:\windows\System32\IMM32.DLL
0x00007ffb03470000 - 0x00007ffb0347c000 	C:\Program Files\Android\Android Studio\jbr\bin\vcruntime140_1.dll
0x00007ffade920000 - 0x00007ffade9ad000 	C:\Program Files\Android\Android Studio\jbr\bin\msvcp140.dll
0x00007ffab7800000 - 0x00007ffab8480000 	C:\Program Files\Android\Android Studio\jbr\bin\server\jvm.dll
0x00007ffb207b0000 - 0x00007ffb20861000 	C:\windows\System32\ADVAPI32.dll
0x00007ffb20fe0000 - 0x00007ffb21087000 	C:\windows\System32\sechost.dll
0x00007ffb1e910000 - 0x00007ffb1e938000 	C:\windows\System32\bcrypt.dll
0x00007ffb21110000 - 0x00007ffb21224000 	C:\windows\System32\RPCRT4.dll
0x00007ffaf9dd0000 - 0x00007ffaf9dd9000 	C:\windows\SYSTEM32\WSOCK32.dll
0x00007ffb17250000 - 0x00007ffb17284000 	C:\windows\SYSTEM32\WINMM.dll
0x00007ffb1f950000 - 0x00007ffb1f9c1000 	C:\windows\System32\WS2_32.dll
0x00007ffb12750000 - 0x00007ffb1275a000 	C:\windows\SYSTEM32\VERSION.dll
0x00007ffb1d370000 - 0x00007ffb1d388000 	C:\windows\SYSTEM32\kernel.appcore.dll
0x00007ffb032d0000 - 0x00007ffb032da000 	C:\Program Files\Android\Android Studio\jbr\bin\jimage.dll
0x00007ffb1bd50000 - 0x00007ffb1bf82000 	C:\windows\SYSTEM32\DBGHELP.DLL
0x00007ffb1fdc0000 - 0x00007ffb20153000 	C:\windows\System32\combase.dll
0x00007ffb20ba0000 - 0x00007ffb20c77000 	C:\windows\System32\OLEAUT32.dll
0x00007ffafae70000 - 0x00007ffafaea2000 	C:\windows\SYSTEM32\dbgcore.DLL
0x00007ffb1ee80000 - 0x00007ffb1eefb000 	C:\windows\System32\bcryptPrimitives.dll
0x00007ffaff7b0000 - 0x00007ffaff7d5000 	C:\Program Files\Android\Android Studio\jbr\bin\java.dll
0x00007ffaff8a0000 - 0x00007ffaff8b8000 	C:\Program Files\Android\Android Studio\jbr\bin\zip.dll
0x00007ffb1ef00000 - 0x00007ffb1f79d000 	C:\windows\System32\SHELL32.dll
0x00007ffb1ec20000 - 0x00007ffb1ed5f000 	C:\windows\System32\wintypes.dll
0x00007ffb1c250000 - 0x00007ffb1cb6d000 	C:\windows\SYSTEM32\windows.storage.dll
0x00007ffb20e00000 - 0x00007ffb20f0b000 	C:\windows\System32\SHCORE.dll
0x00007ffb20d80000 - 0x00007ffb20de6000 	C:\windows\System32\shlwapi.dll
0x00007ffb1e290000 - 0x00007ffb1e2bb000 	C:\windows\SYSTEM32\profapi.dll
0x00007ffaff630000 - 0x00007ffaff649000 	C:\Program Files\Android\Android Studio\jbr\bin\net.dll
0x00007ffb1ade0000 - 0x00007ffb1af0c000 	C:\windows\SYSTEM32\WINHTTP.dll
0x00007ffb1d820000 - 0x00007ffb1d88a000 	C:\windows\system32\mswsock.dll
0x00007ffafeed0000 - 0x00007ffafeee6000 	C:\Program Files\Android\Android Studio\jbr\bin\nio.dll
0x00007ffb03130000 - 0x00007ffb03140000 	C:\Program Files\Android\Android Studio\jbr\bin\verify.dll

dbghelp: loaded successfully - version: 4.0.5 - missing functions: none
symbol engine: initialized successfully - sym options: 0x614 - pdb path: .;C:\Program Files\Android\Android Studio\jbr\bin;C:\windows\SYSTEM32;C:\windows\WinSxS\amd64_microsoft.windows.common-controls_6595b64144ccf1df_6.0.22621.5262_none_2712bde373830908;C:\Program Files\Android\Android Studio\jbr\bin\server

VM Arguments:
jvm_args: -Dorg.gradle.appname=gradlew 
java_command: org.gradle.wrapper.GradleWrapperMain -q -Ptarget-platform=android-arm64 -Ptarget=C:\src\flutter_projects\jobApplication\New folder\jobhub\lib\main.dart -Pbase-application-name=android.app.Application -Pdart-defines=RkxVVFRFUl9WRVJTSU9OPTMuMzIuNA==,RkxVVFRFUl9DSEFOTkVMPXN0YWJsZQ==,RkxVVFRFUl9HSVRfVVJMPWh0dHBzOi8vZ2l0aHViLmNvbS9mbHV0dGVyL2ZsdXR0ZXIuZ2l0,RkxVVFRFUl9GUkFNRVdPUktfUkVWSVNJT049NmZiYTI0NDdlOQ==,RkxVVFRFUl9FTkdJTkVfUkVWSVNJT049OGNkMTllNTA5ZA==,RkxVVFRFUl9EQVJUX1ZFUlNJT049My44LjE= -Pdart-obfuscation=false -Ptrack-widget-creation=true -Ptree-shake-icons=false -Pfilesystem-scheme=org-dartlang-root assembleDebug
java_class_path (initial): C:\src\flutter_projects\jobApplication\New folder\jobhub\android\\gradle\wrapper\gradle-wrapper.jar
Launcher Type: SUN_STANDARD

[Global flags]
     intx CICompilerCount                          = 12                                        {product} {ergonomic}
     uint ConcGCThreads                            = 3                                         {product} {ergonomic}
     uint G1ConcRefinementThreads                  = 13                                        {product} {ergonomic}
   size_t G1HeapRegionSize                         = 2097152                                   {product} {ergonomic}
    uintx GCDrainStackTargetSize                   = 64                                        {product} {ergonomic}
   size_t InitialHeapSize                          = 264241152                                 {product} {ergonomic}
   size_t MarkStackSize                            = 4194304                                   {product} {ergonomic}
   size_t MaxHeapSize                              = 4208984064                                {product} {ergonomic}
   size_t MaxNewSize                               = 2524971008                                {product} {ergonomic}
   size_t MinHeapDeltaBytes                        = 2097152                                   {product} {ergonomic}
   size_t MinHeapSize                              = 8388608                                   {product} {ergonomic}
    uintx NonNMethodCodeHeapSize                   = 7602480                                {pd product} {ergonomic}
    uintx NonProfiledCodeHeapSize                  = 122027880                              {pd product} {ergonomic}
    uintx ProfiledCodeHeapSize                     = 122027880                              {pd product} {ergonomic}
    uintx ReservedCodeCacheSize                    = 251658240                              {pd product} {ergonomic}
     bool SegmentedCodeCache                       = true                                      {product} {ergonomic}
   size_t SoftMaxHeapSize                          = 4208984064                             {manageable} {ergonomic}
     bool UseCompressedClassPointers               = true                           {product lp64_product} {ergonomic}
     bool UseCompressedOops                        = true                           {product lp64_product} {ergonomic}
     bool UseG1GC                                  = true                                      {product} {ergonomic}
     bool UseLargePagesIndividualAllocation        = false                                  {pd product} {ergonomic}

Logging:
Log output configuration:
 #0: stdout all=warning uptime,level,tags
 #1: stderr all=off uptime,level,tags

Environment Variables:
JAVA_HOME=C:\Program Files\Android\Android Studio\jbr
CLASSPATH=C:\src\flutter_projects\jobApplication\New folder\jobhub\android\\gradle\wrapper\gradle-wrapper.jar
PATH=C:\Program Files\Android\Android Studio\jbr\bin;C:\Python312\Scripts\;C:\Python312\;C:\Program Files\Common Files\Oracle\Java\javapath;C:\windows\system32;C:\windows;C:\windows\System32\Wbem;C:\windows\System32\WindowsPowerShell\v1.0\;C:\windows\System32\OpenSSH\;C:\Program Files\Git\cmd;C:\Program Files\Git\mingw64\bin;C:\Program Files\Git\usr\bin;C:\Program Files (x86)\Windows Kits\10\Windows Performance Toolkit\;C:\src\flutter\bin;C:\ProgramData\chocolatey\bin;C:\Users\HP\AppData\Local\Pub\Cache\bin;C:\Program Files\Docker\Docker\resources\bin;C:\Program Files\MongoDB\Server\8.0\bin;C:\Program Files\nodejs\;C:\Program Files\MySQL\MySQL Shell 8.0\bin\;C:\Users\HP\AppData\Local\Microsoft\WindowsApps;C:\Users\HP\AppData\Local\Programs\Microsoft VS Code\bin;C:\MinGW\bin;C:\src\flutter\bin;C:\Users\HP\AppData\Local\GitHubDesktop\bin;C:\mongsh\;C:\Program Files\MongoDB\Server\8.0\bin;C:\Users\HP\AppData\Roaming\npm;D:\modelsim_ase\win32aloem;C:\Users\HP\AppData\Local\Programs\cursor\resources\app\bin;C:\src\flutter\bin\mingit\cmd;C:\src\flutter\bin\mingit\cmd
USERNAME=HP
OS=Windows_NT
PROCESSOR_IDENTIFIER=Intel64 Family 6 Model 154 Stepping 3, GenuineIntel
TMP=C:\Users\HP\AppData\Local\Temp
TEMP=C:\Users\HP\AppData\Local\Temp


JNI global refs:
JNI global refs: 16, weak refs: 0

JNI global refs memory usage: 843, weak refs: 841

OOME stack traces (most recent first):
Classloader memory used:
Loader bootstrap                                                                       : 1033K
Loader java.net.URLClassLoader                                                         : 36196B
Loader jdk.internal.loader.ClassLoaders$AppClassLoader                                 : 18431B
Loader org.gradle.internal.classloader.VisitableURLClassLoader                         : 188B


---------------  S Y S T E M  ---------------

OS:
 Windows 11 , 64 bit Build 22621 (10.0.22621.5262)
OS uptime: 0 days 6:58 hours
Hyper-V role detected

CPU: total 16 (initial active 16) (8 cores per cpu, 2 threads per core) family 6 model 154 stepping 3 microcode 0x432, cx8, cmov, fxsr, ht, mmx, 3dnowpref, sse, sse2, sse3, ssse3, sse4.1, sse4.2, popcnt, lzcnt, tsc, tscinvbit, avx, avx2, aes, erms, clmul, bmi1, bmi2, adx, sha, fma, vzeroupper, clflush, clflushopt, clwb, hv

Memory: 4k page, system-wide physical 16052M (3063M free)
TotalPageFile size 16052M (AvailPageFile size 5M)
current process WorkingSet (physical memory assigned to process): 76M, peak: 79M
current process commit charge ("private bytes"): 358M, peak: 363M

vm_info: OpenJDK 64-Bit Server VM (17.0.7+0-b2043.56-10550314) for windows-amd64 JRE (17.0.7+0-b2043.56-10550314), built on Jul 24 2023 18:27:45 by "androidbuild" with MS VC++ 16.10 / 16.11 (VS2019)

END.
